2020-09-13 17:35:52 URL:http://mirror.fsmg.org.nz/kali/dists/kali-rolling/InRelease [30501/30501] -> "/home/terminator/Downloads/Bootstrap/Kali/arm64/var/lib/apt/lists/partial/mirror.fsmg.org.nz_kali_dists_kali-rolling_InRelease" [1]
gpgv: Signature made Fri 11 Sep 2020 10:24:28 PM +08
gpgv:                using RSA key 44C6513A8E4FB3D30875F758ED444FF07D8D0BF6
gpgv: Good signature from "Kali Linux Repository <devel@kali.org>"
2020-09-13 17:36:05 URL:http://mirror.fsmg.org.nz/kali/dists/kali-rolling/main/binary-arm64/Packages.gz [16436647/16436647] -> "/home/terminator/Downloads/Bootstrap/Kali/arm64/var/lib/apt/lists/partial/mirror.fsmg.org.nz_kali_dists_kali-rolling_main_binary-arm64_Packages.gz" [1]
2020-09-13 17:36:21 URL:http://mirror.fsmg.org.nz/kali/pool/main/a/adduser/adduser_3.118_all.deb [240384/240384] -> "/home/terminator/Downloads/Bootstrap/Kali/arm64//var/cache/apt/archives/partial/adduser_3.118_all.deb" [1]
2020-09-13 17:36:24 URL:http://mirror.fsmg.org.nz/kali/pool/main/a/apt/apt_2.1.10_arm64.deb [1401216/1401216] -> "/home/terminator/Downloads/Bootstrap/Kali/arm64//var/cache/apt/archives/partial/apt_2.1.10_arm64.deb" [1]
2020-09-13 17:36:24 URL:http://mirror.fsmg.org.nz/kali/pool/main/b/base-files/base-files_2020.3.1_arm64.deb [72304/72304] -> "/home/terminator/Downloads/Bootstrap/Kali/arm64//var/cache/apt/archives/partial/base-files_1%3a2020.3.1_arm64.deb" [1]
2020-09-13 17:36:25 URL:http://mirror.fsmg.org.nz/kali/pool/main/b/base-passwd/base-passwd_3.5.47_arm64.deb [56524/56524] -> "/home/terminator/Downloads/Bootstrap/Kali/arm64//var/cache/apt/archives/partial/base-passwd_3.5.47_arm64.deb" [1]
2020-09-13 17:36:27 URL:http://mirror.fsmg.org.nz/kali/pool/main/b/bash/bash_5.0-7_arm64.deb [1352080/1352080] -> "/home/terminator/Downloads/Bootstrap/Kali/arm64//var/cache/apt/archives/partial/bash_5.0-7_arm64.deb" [1]
2020-09-13 17:36:28 URL:http://mirror.fsmg.org.nz/kali/pool/main/u/util-linux/bsdutils_2.36-3_arm64.deb [143576/143576] -> "/home/terminator/Downloads/Bootstrap/Kali/arm64//var/cache/apt/archives/partial/bsdutils_1%3a2.36-3_arm64.deb" [1]
2020-09-13 17:36:30 URL:http://mirror.fsmg.org.nz/kali/pool/main/b/busybox/busybox-static_1.30.1-5_arm64.deb [811628/811628] -> "/home/terminator/Downloads/Bootstrap/Kali/arm64//var/cache/apt/archives/partial/busybox-static_1%3a1.30.1-5_arm64.deb" [1]
2020-09-13 17:36:31 URL:http://mirror.fsmg.org.nz/kali/pool/main/c/ca-certificates/ca-certificates_20200601_all.deb [157612/157612] -> "/home/terminator/Downloads/Bootstrap/Kali/arm64//var/cache/apt/archives/partial/ca-certificates_20200601_all.deb" [1]
2020-09-13 17:36:34 URL:http://mirror.fsmg.org.nz/kali/pool/main/c/coreutils/coreutils_8.30-3_arm64.deb [2646736/2646736] -> "/home/terminator/Downloads/Bootstrap/Kali/arm64//var/cache/apt/archives/partial/coreutils_8.30-3_arm64.deb" [1]
2020-09-13 17:36:35 URL:http://mirror.fsmg.org.nz/kali/pool/main/d/dash/dash_0.5.10.2-7_arm64.deb [112264/112264] -> "/home/terminator/Downloads/Bootstrap/Kali/arm64//var/cache/apt/archives/partial/dash_0.5.10.2-7_arm64.deb" [1]
2020-09-13 17:36:36 URL:http://mirror.fsmg.org.nz/kali/pool/main/d/debconf/debconf_1.5.74_all.deb [145020/145020] -> "/home/terminator/Downloads/Bootstrap/Kali/arm64//var/cache/apt/archives/partial/debconf_1.5.74_all.deb" [1]
2020-09-13 17:36:37 URL:http://mirror.fsmg.org.nz/kali/pool/main/d/debian-archive-keyring/debian-archive-keyring_2019.1_all.deb [75088/75088] -> "/home/terminator/Downloads/Bootstrap/Kali/arm64//var/cache/apt/archives/partial/debian-archive-keyring_2019.1_all.deb" [1]
2020-09-13 17:36:38 URL:http://mirror.fsmg.org.nz/kali/pool/main/d/debianutils/debianutils_4.9.1_arm64.deb [100832/100832] -> "/home/terminator/Downloads/Bootstrap/Kali/arm64//var/cache/apt/archives/partial/debianutils_4.9.1_arm64.deb" [1]
2020-09-13 17:36:39 URL:http://mirror.fsmg.org.nz/kali/pool/main/d/diffutils/diffutils_3.7-3_arm64.deb [362676/362676] -> "/home/terminator/Downloads/Bootstrap/Kali/arm64//var/cache/apt/archives/partial/diffutils_1%3a3.7-3_arm64.deb" [1]
2020-09-13 17:36:40 URL:http://mirror.fsmg.org.nz/kali/pool/main/l/lvm2/dmsetup_1.02.171-3_arm64.deb [84552/84552] -> "/home/terminator/Downloads/Bootstrap/Kali/arm64//var/cache/apt/archives/partial/dmsetup_2%3a1.02.171-3_arm64.deb" [1]
2020-09-13 17:36:43 URL:http://mirror.fsmg.org.nz/kali/pool/main/d/dpkg/dpkg_1.20.5kali2_arm64.deb [2296380/2296380] -> "/home/terminator/Downloads/Bootstrap/Kali/arm64//var/cache/apt/archives/partial/dpkg_1.20.5kali2_arm64.deb" [1]
2020-09-13 17:36:45 URL:http://mirror.fsmg.org.nz/kali/pool/main/e/e2fsprogs/e2fsprogs_1.45.6-1_arm64.deb [568964/568964] -> "/home/terminator/Downloads/Bootstrap/Kali/arm64//var/cache/apt/archives/partial/e2fsprogs_1.45.6-1_arm64.deb" [1]
2020-09-13 17:36:46 URL:http://mirror.fsmg.org.nz/kali/pool/main/f/findutils/findutils_4.7.0-1_arm64.deb [675972/675972] -> "/home/terminator/Downloads/Bootstrap/Kali/arm64//var/cache/apt/archives/partial/findutils_4.7.0-1_arm64.deb" [1]
2020-09-13 17:36:47 URL:http://mirror.fsmg.org.nz/kali/pool/main/g/gcc-10/gcc-10-base_10.2.0-5_arm64.deb [198328/198328] -> "/home/terminator/Downloads/Bootstrap/Kali/arm64//var/cache/apt/archives/partial/gcc-10-base_10.2.0-5_arm64.deb" [1]
2020-09-13 17:36:48 URL:http://mirror.fsmg.org.nz/kali/pool/main/g/gcc-9/gcc-9-base_9.3.0-15_arm64.deb [197044/197044] -> "/home/terminator/Downloads/Bootstrap/Kali/arm64//var/cache/apt/archives/partial/gcc-9-base_9.3.0-15_arm64.deb" [1]
2020-09-13 17:36:50 URL:http://mirror.fsmg.org.nz/kali/pool/main/g/gnupg2/gpgv_2.2.20-1_arm64.deb [592112/592112] -> "/home/terminator/Downloads/Bootstrap/Kali/arm64//var/cache/apt/archives/partial/gpgv_2.2.20-1_arm64.deb" [1]
2020-09-13 17:36:51 URL:http://mirror.fsmg.org.nz/kali/pool/main/g/grep/grep_3.4-1_arm64.deb [377664/377664] -> "/home/terminator/Downloads/Bootstrap/Kali/arm64//var/cache/apt/archives/partial/grep_3.4-1_arm64.deb" [1]
2020-09-13 17:36:52 URL:http://mirror.fsmg.org.nz/kali/pool/main/g/gzip/gzip_1.10-2_arm64.deb [128832/128832] -> "/home/terminator/Downloads/Bootstrap/Kali/arm64//var/cache/apt/archives/partial/gzip_1.10-2_arm64.deb" [1]
2020-09-13 17:36:53 URL:http://mirror.fsmg.org.nz/kali/pool/main/h/hostname/hostname_3.23_arm64.deb [14752/14752] -> "/home/terminator/Downloads/Bootstrap/Kali/arm64//var/cache/apt/archives/partial/hostname_3.23_arm64.deb" [1]
2020-09-13 17:36:53 URL:http://mirror.fsmg.org.nz/kali/pool/main/i/init-system-helpers/init-system-helpers_1.58+kali1_all.deb [49104/49104] -> "/home/terminator/Downloads/Bootstrap/Kali/arm64//var/cache/apt/archives/partial/init-system-helpers_1.58+kali1_all.deb" [1]
2020-09-13 17:36:54 URL:http://mirror.fsmg.org.nz/kali/pool/main/a/acl/libacl1_2.2.53-8_arm64.deb [30256/30256] -> "/home/terminator/Downloads/Bootstrap/Kali/arm64//var/cache/apt/archives/partial/libacl1_2.2.53-8_arm64.deb" [1]
2020-09-13 17:36:55 URL:http://mirror.fsmg.org.nz/kali/pool/main/a/apparmor/libapparmor1_2.13.4-3_arm64.deb [96160/96160] -> "/home/terminator/Downloads/Bootstrap/Kali/arm64//var/cache/apt/archives/partial/libapparmor1_2.13.4-3_arm64.deb" [1]
2020-09-13 17:36:57 URL:http://mirror.fsmg.org.nz/kali/pool/main/a/apt/libapt-pkg6.0_2.1.10_arm64.deb [916816/916816] -> "/home/terminator/Downloads/Bootstrap/Kali/arm64//var/cache/apt/archives/partial/libapt-pkg6.0_2.1.10_arm64.deb" [1]
2020-09-13 17:36:57 URL:http://mirror.fsmg.org.nz/kali/pool/main/a/argon2/libargon2-1_0~20171227-0.2_arm64.deb [18868/18868] -> "/home/terminator/Downloads/Bootstrap/Kali/arm64//var/cache/apt/archives/partial/libargon2-1_0~20171227-0.2_arm64.deb" [1]
2020-09-13 17:36:58 URL:http://mirror.fsmg.org.nz/kali/pool/main/a/attr/libattr1_2.4.48-5_arm64.deb [21360/21360] -> "/home/terminator/Downloads/Bootstrap/Kali/arm64//var/cache/apt/archives/partial/libattr1_1%3a2.4.48-5_arm64.deb" [1]
2020-09-13 17:36:58 URL:http://mirror.fsmg.org.nz/kali/pool/main/a/audit/libaudit-common_2.8.5-3_all.deb [23560/23560] -> "/home/terminator/Downloads/Bootstrap/Kali/arm64//var/cache/apt/archives/partial/libaudit-common_1%3a2.8.5-3_all.deb" [1]
2020-09-13 17:36:59 URL:http://mirror.fsmg.org.nz/kali/pool/main/a/audit/libaudit1_2.8.5-3+b1_arm64.deb [58168/58168] -> "/home/terminator/Downloads/Bootstrap/Kali/arm64//var/cache/apt/archives/partial/libaudit1_1%3a2.8.5-3+b1_arm64.deb" [1]
2020-09-13 17:37:00 URL:http://mirror.fsmg.org.nz/kali/pool/main/u/util-linux/libblkid1_2.36-3_arm64.deb [187648/187648] -> "/home/terminator/Downloads/Bootstrap/Kali/arm64//var/cache/apt/archives/partial/libblkid1_2.36-3_arm64.deb" [1]
2020-09-13 17:37:01 URL:http://mirror.fsmg.org.nz/kali/pool/main/b/bzip2/libbz2-1.0_1.0.8-4_arm64.deb [46504/46504] -> "/home/terminator/Downloads/Bootstrap/Kali/arm64//var/cache/apt/archives/partial/libbz2-1.0_1.0.8-4_arm64.deb" [1]
2020-09-13 17:37:02 URL:http://mirror.fsmg.org.nz/kali/pool/main/g/glibc/libc-bin_2.31-2_arm64.deb [711648/711648] -> "/home/terminator/Downloads/Bootstrap/Kali/arm64//var/cache/apt/archives/partial/libc-bin_2.31-2_arm64.deb" [1]
2020-09-13 17:37:06 URL:http://mirror.fsmg.org.nz/kali/pool/main/g/glibc/libc6_2.31-2_arm64.deb [2485120/2485120] -> "/home/terminator/Downloads/Bootstrap/Kali/arm64//var/cache/apt/archives/partial/libc6_2.31-2_arm64.deb" [1]
2020-09-13 17:37:06 URL:http://mirror.fsmg.org.nz/kali/pool/main/libc/libcap-ng/libcap-ng0_0.7.9-2.2_arm64.deb [14032/14032] -> "/home/terminator/Downloads/Bootstrap/Kali/arm64//var/cache/apt/archives/partial/libcap-ng0_0.7.9-2.2_arm64.deb" [1]
2020-09-13 17:37:06 URL:http://mirror.fsmg.org.nz/kali/pool/main/libc/libcap2/libcap2_2.43-1_arm64.deb [23200/23200] -> "/home/terminator/Downloads/Bootstrap/Kali/arm64//var/cache/apt/archives/partial/libcap2_1%3a2.43-1_arm64.deb" [1]
2020-09-13 17:37:07 URL:http://mirror.fsmg.org.nz/kali/pool/main/e/e2fsprogs/libcom-err2_1.45.6-1_arm64.deb [71560/71560] -> "/home/terminator/Downloads/Bootstrap/Kali/arm64//var/cache/apt/archives/partial/libcom-err2_1.45.6-1_arm64.deb" [1]
2020-09-13 17:37:08 URL:http://mirror.fsmg.org.nz/kali/pool/main/libx/libxcrypt/libcrypt1_4.4.17-1_arm64.deb [89276/89276] -> "/home/terminator/Downloads/Bootstrap/Kali/arm64//var/cache/apt/archives/partial/libcrypt1_1%3a4.4.17-1_arm64.deb" [1]
2020-09-13 17:37:09 URL:http://mirror.fsmg.org.nz/kali/pool/main/c/cryptsetup/libcryptsetup12_2.3.3-2_arm64.deb [223616/223616] -> "/home/terminator/Downloads/Bootstrap/Kali/arm64//var/cache/apt/archives/partial/libcryptsetup12_2%3a2.3.3-2_arm64.deb" [1]
2020-09-13 17:37:11 URL:http://mirror.fsmg.org.nz/kali/pool/main/d/db5.3/libdb5.3_5.3.28+dfsg1-0.6_arm64.deb [621884/621884] -> "/home/terminator/Downloads/Bootstrap/Kali/arm64//var/cache/apt/archives/partial/libdb5.3_5.3.28+dfsg1-0.6_arm64.deb" [1]
2020-09-13 17:37:11 URL:http://mirror.fsmg.org.nz/kali/pool/main/c/cdebconf/libdebconfclient0_0.253_arm64.deb [49456/49456] -> "/home/terminator/Downloads/Bootstrap/Kali/arm64//var/cache/apt/archives/partial/libdebconfclient0_0.253_arm64.deb" [1]
2020-09-13 17:37:12 URL:http://mirror.fsmg.org.nz/kali/pool/main/l/lvm2/libdevmapper1.02.1_1.02.171-3_arm64.deb [125088/125088] -> "/home/terminator/Downloads/Bootstrap/Kali/arm64//var/cache/apt/archives/partial/libdevmapper1.02.1_2%3a1.02.171-3_arm64.deb" [1]
2020-09-13 17:37:13 URL:http://mirror.fsmg.org.nz/kali/pool/main/e/e2fsprogs/libext2fs2_1.45.6-1_arm64.deb [241432/241432] -> "/home/terminator/Downloads/Bootstrap/Kali/arm64//var/cache/apt/archives/partial/libext2fs2_1.45.6-1_arm64.deb" [1]
2020-09-13 17:37:14 URL:http://mirror.fsmg.org.nz/kali/pool/main/libf/libffi/libffi7_3.3-4_arm64.deb [20508/20508] -> "/home/terminator/Downloads/Bootstrap/Kali/arm64//var/cache/apt/archives/partial/libffi7_3.3-4_arm64.deb" [1]
2020-09-13 17:37:14 URL:http://mirror.fsmg.org.nz/kali/pool/main/g/gcc-10/libgcc-s1_10.2.0-5_arm64.deb [34560/34560] -> "/home/terminator/Downloads/Bootstrap/Kali/arm64//var/cache/apt/archives/partial/libgcc-s1_10.2.0-5_arm64.deb" [1]
2020-09-13 17:37:16 URL:http://mirror.fsmg.org.nz/kali/pool/main/libg/libgcrypt20/libgcrypt20_1.8.6-2_arm64.deb [490208/490208] -> "/home/terminator/Downloads/Bootstrap/Kali/arm64//var/cache/apt/archives/partial/libgcrypt20_1.8.6-2_arm64.deb" [1]
2020-09-13 17:37:17 URL:http://mirror.fsmg.org.nz/kali/pool/main/g/gmp/libgmp10_6.2.0+dfsg-6_arm64.deb [229936/229936] -> "/home/terminator/Downloads/Bootstrap/Kali/arm64//var/cache/apt/archives/partial/libgmp10_2%3a6.2.0+dfsg-6_arm64.deb" [1]
2020-09-13 17:37:19 URL:http://mirror.fsmg.org.nz/kali/pool/main/g/gnutls28/libgnutls30_3.6.14-2+b1_arm64.deb [1105612/1105612] -> "/home/terminator/Downloads/Bootstrap/Kali/arm64//var/cache/apt/archives/partial/libgnutls30_3.6.14-2+b1_arm64.deb" [1]
2020-09-13 17:37:20 URL:http://mirror.fsmg.org.nz/kali/pool/main/libg/libgpg-error/libgpg-error0_1.38-2_arm64.deb [74576/74576] -> "/home/terminator/Downloads/Bootstrap/Kali/arm64//var/cache/apt/archives/partial/libgpg-error0_1.38-2_arm64.deb" [1]
2020-09-13 17:37:21 URL:http://mirror.fsmg.org.nz/kali/pool/main/n/nettle/libhogweed6_3.6-2_arm64.deb [309944/309944] -> "/home/terminator/Downloads/Bootstrap/Kali/arm64//var/cache/apt/archives/partial/libhogweed6_3.6-2_arm64.deb" [1]
2020-09-13 17:37:22 URL:http://mirror.fsmg.org.nz/kali/pool/main/libi/libidn2/libidn2-0_2.3.0-1_arm64.deb [84836/84836] -> "/home/terminator/Downloads/Bootstrap/Kali/arm64//var/cache/apt/archives/partial/libidn2-0_2.3.0-1_arm64.deb" [1]
2020-09-13 17:37:22 URL:http://mirror.fsmg.org.nz/kali/pool/main/i/iptables/libip4tc2_1.8.5-3_arm64.deb [33960/33960] -> "/home/terminator/Downloads/Bootstrap/Kali/arm64//var/cache/apt/archives/partial/libip4tc2_1.8.5-3_arm64.deb" [1]
2020-09-13 17:37:23 URL:http://mirror.fsmg.org.nz/kali/pool/main/j/json-c/libjson-c5_0.15-1_arm64.deb [41576/41576] -> "/home/terminator/Downloads/Bootstrap/Kali/arm64//var/cache/apt/archives/partial/libjson-c5_0.15-1_arm64.deb" [1]
2020-09-13 17:37:24 URL:http://mirror.fsmg.org.nz/kali/pool/main/k/kmod/libkmod2_27+20200310-2_arm64.deb [51828/51828] -> "/home/terminator/Downloads/Bootstrap/Kali/arm64//var/cache/apt/archives/partial/libkmod2_27+20200310-2_arm64.deb" [1]
2020-09-13 17:37:24 URL:http://mirror.fsmg.org.nz/kali/pool/main/l/lz4/liblz4-1_1.9.2-2_arm64.deb [53856/53856] -> "/home/terminator/Downloads/Bootstrap/Kali/arm64//var/cache/apt/archives/partial/liblz4-1_1.9.2-2_arm64.deb" [1]
2020-09-13 17:37:25 URL:http://mirror.fsmg.org.nz/kali/pool/main/x/xz-utils/liblzma5_5.2.4-1+b1_arm64.deb [149452/149452] -> "/home/terminator/Downloads/Bootstrap/Kali/arm64//var/cache/apt/archives/partial/liblzma5_5.2.4-1+b1_arm64.deb" [1]
2020-09-13 17:37:26 URL:http://mirror.fsmg.org.nz/kali/pool/main/u/util-linux/libmount1_2.36-3_arm64.deb [203188/203188] -> "/home/terminator/Downloads/Bootstrap/Kali/arm64//var/cache/apt/archives/partial/libmount1_2.36-3_arm64.deb" [1]
2020-09-13 17:37:27 URL:http://mirror.fsmg.org.nz/kali/pool/main/n/nettle/libnettle8_3.6-2_arm64.deb [248004/248004] -> "/home/terminator/Downloads/Bootstrap/Kali/arm64//var/cache/apt/archives/partial/libnettle8_3.6-2_arm64.deb" [1]
2020-09-13 17:37:29 URL:http://mirror.fsmg.org.nz/kali/pool/main/p/p11-kit/libp11-kit0_0.23.21-2_arm64.deb [324740/324740] -> "/home/terminator/Downloads/Bootstrap/Kali/arm64//var/cache/apt/archives/partial/libp11-kit0_0.23.21-2_arm64.deb" [1]
2020-09-13 17:37:30 URL:http://mirror.fsmg.org.nz/kali/pool/main/p/pam/libpam-modules_1.3.1-5_arm64.deb [302800/302800] -> "/home/terminator/Downloads/Bootstrap/Kali/arm64//var/cache/apt/archives/partial/libpam-modules_1.3.1-5_arm64.deb" [1]
2020-09-13 17:37:31 URL:http://mirror.fsmg.org.nz/kali/pool/main/p/pam/libpam-modules-bin_1.3.1-5_arm64.deb [105700/105700] -> "/home/terminator/Downloads/Bootstrap/Kali/arm64//var/cache/apt/archives/partial/libpam-modules-bin_1.3.1-5_arm64.deb" [1]
2020-09-13 17:37:32 URL:http://mirror.fsmg.org.nz/kali/pool/main/p/pam/libpam-runtime_1.3.1-5_all.deb [211252/211252] -> "/home/terminator/Downloads/Bootstrap/Kali/arm64//var/cache/apt/archives/partial/libpam-runtime_1.3.1-5_all.deb" [1]
2020-09-13 17:37:33 URL:http://mirror.fsmg.org.nz/kali/pool/main/p/pam/libpam0g_1.3.1-5_arm64.deb [124932/124932] -> "/home/terminator/Downloads/Bootstrap/Kali/arm64//var/cache/apt/archives/partial/libpam0g_1.3.1-5_arm64.deb" [1]
2020-09-13 17:37:34 URL:http://mirror.fsmg.org.nz/kali/pool/main/p/pcre2/libpcre2-8-0_10.34-7_arm64.deb [208264/208264] -> "/home/terminator/Downloads/Bootstrap/Kali/arm64//var/cache/apt/archives/partial/libpcre2-8-0_10.34-7_arm64.deb" [1]
2020-09-13 17:37:35 URL:http://mirror.fsmg.org.nz/kali/pool/main/p/pcre3/libpcre3_8.39-13_arm64.deb [318400/318400] -> "/home/terminator/Downloads/Bootstrap/Kali/arm64//var/cache/apt/archives/partial/libpcre3_2%3a8.39-13_arm64.deb" [1]
2020-09-13 17:37:36 URL:http://mirror.fsmg.org.nz/kali/pool/main/libp/libpsl/libpsl5_0.21.0-1.1_arm64.deb [55128/55128] -> "/home/terminator/Downloads/Bootstrap/Kali/arm64//var/cache/apt/archives/partial/libpsl5_0.21.0-1.1_arm64.deb" [1]
2020-09-13 17:37:37 URL:http://mirror.fsmg.org.nz/kali/pool/main/libs/libseccomp/libseccomp2_2.4.3-1+b1_arm64.deb [46980/46980] -> "/home/terminator/Downloads/Bootstrap/Kali/arm64//var/cache/apt/archives/partial/libseccomp2_2.4.3-1+b1_arm64.deb" [1]
2020-09-13 17:37:37 URL:http://mirror.fsmg.org.nz/kali/pool/main/libs/libselinux/libselinux1_3.1-2_arm64.deb [83664/83664] -> "/home/terminator/Downloads/Bootstrap/Kali/arm64//var/cache/apt/archives/partial/libselinux1_3.1-2_arm64.deb" [1]
2020-09-13 17:37:38 URL:http://mirror.fsmg.org.nz/kali/pool/main/libs/libsemanage/libsemanage-common_3.1-1_all.deb [21308/21308] -> "/home/terminator/Downloads/Bootstrap/Kali/arm64//var/cache/apt/archives/partial/libsemanage-common_3.1-1_all.deb" [1]
2020-09-13 17:37:39 URL:http://mirror.fsmg.org.nz/kali/pool/main/libs/libsemanage/libsemanage1_3.1-1_arm64.deb [91896/91896] -> "/home/terminator/Downloads/Bootstrap/Kali/arm64//var/cache/apt/archives/partial/libsemanage1_3.1-1_arm64.deb" [1]
2020-09-13 17:37:40 URL:http://mirror.fsmg.org.nz/kali/pool/main/libs/libsepol/libsepol1_3.1-1_arm64.deb [244480/244480] -> "/home/terminator/Downloads/Bootstrap/Kali/arm64//var/cache/apt/archives/partial/libsepol1_3.1-1_arm64.deb" [1]
2020-09-13 17:37:41 URL:http://mirror.fsmg.org.nz/kali/pool/main/u/util-linux/libsmartcols1_2.36-3_arm64.deb [152532/152532] -> "/home/terminator/Downloads/Bootstrap/Kali/arm64//var/cache/apt/archives/partial/libsmartcols1_2.36-3_arm64.deb" [1]
2020-09-13 17:37:41 URL:http://mirror.fsmg.org.nz/kali/pool/main/e/e2fsprogs/libss2_1.45.6-1_arm64.deb [75708/75708] -> "/home/terminator/Downloads/Bootstrap/Kali/arm64//var/cache/apt/archives/partial/libss2_1.45.6-1_arm64.deb" [1]
2020-09-13 17:37:44 URL:http://mirror.fsmg.org.nz/kali/pool/main/o/openssl/libssl1.1_1.1.1g-1_arm64.deb [1379352/1379352] -> "/home/terminator/Downloads/Bootstrap/Kali/arm64//var/cache/apt/archives/partial/libssl1.1_1.1.1g-1_arm64.deb" [1]
2020-09-13 17:37:45 URL:http://mirror.fsmg.org.nz/kali/pool/main/g/gcc-10/libstdc++6_10.2.0-5_arm64.deb [449992/449992] -> "/home/terminator/Downloads/Bootstrap/Kali/arm64//var/cache/apt/archives/partial/libstdc++6_10.2.0-5_arm64.deb" [1]
2020-09-13 17:37:46 URL:http://mirror.fsmg.org.nz/kali/pool/main/s/systemd/libsystemd0_246.2-1_arm64.deb [347280/347280] -> "/home/terminator/Downloads/Bootstrap/Kali/arm64//var/cache/apt/archives/partial/libsystemd0_246.2-1_arm64.deb" [1]
2020-09-13 17:37:47 URL:http://mirror.fsmg.org.nz/kali/pool/main/libt/libtasn1-6/libtasn1-6_4.16.0-2_arm64.deb [53520/53520] -> "/home/terminator/Downloads/Bootstrap/Kali/arm64//var/cache/apt/archives/partial/libtasn1-6_4.16.0-2_arm64.deb" [1]
2020-09-13 17:37:48 URL:http://mirror.fsmg.org.nz/kali/pool/main/n/ncurses/libtinfo6_6.2-1_arm64.deb [329156/329156] -> "/home/terminator/Downloads/Bootstrap/Kali/arm64//var/cache/apt/archives/partial/libtinfo6_6.2-1_arm64.deb" [1]
2020-09-13 17:37:49 URL:http://mirror.fsmg.org.nz/kali/pool/main/s/systemd/libudev1_246.2-1_arm64.deb [156816/156816] -> "/home/terminator/Downloads/Bootstrap/Kali/arm64//var/cache/apt/archives/partial/libudev1_246.2-1_arm64.deb" [1]
2020-09-13 17:37:50 URL:http://mirror.fsmg.org.nz/kali/pool/main/libu/libunistring/libunistring2_0.9.10-4_arm64.deb [372448/372448] -> "/home/terminator/Downloads/Bootstrap/Kali/arm64//var/cache/apt/archives/partial/libunistring2_0.9.10-4_arm64.deb" [1]
2020-09-13 17:37:51 URL:http://mirror.fsmg.org.nz/kali/pool/main/u/util-linux/libuuid1_2.36-3_arm64.deb [82032/82032] -> "/home/terminator/Downloads/Bootstrap/Kali/arm64//var/cache/apt/archives/partial/libuuid1_2.36-3_arm64.deb" [1]
2020-09-13 17:37:52 URL:http://mirror.fsmg.org.nz/kali/pool/main/libz/libzstd/libzstd1_1.4.5+dfsg-4_arm64.deb [283500/283500] -> "/home/terminator/Downloads/Bootstrap/Kali/arm64//var/cache/apt/archives/partial/libzstd1_1.4.5+dfsg-4_arm64.deb" [1]
2020-09-13 17:37:54 URL:http://mirror.fsmg.org.nz/kali/pool/main/s/shadow/login_4.8.1-1_arm64.deb [652464/652464] -> "/home/terminator/Downloads/Bootstrap/Kali/arm64//var/cache/apt/archives/partial/login_1%3a4.8.1-1_arm64.deb" [1]
2020-09-13 17:37:55 URL:http://mirror.fsmg.org.nz/kali/pool/main/e/e2fsprogs/logsave_1.45.6-1_arm64.deb [72376/72376] -> "/home/terminator/Downloads/Bootstrap/Kali/arm64//var/cache/apt/archives/partial/logsave_1.45.6-1_arm64.deb" [1]
2020-09-13 17:37:55 URL:http://mirror.fsmg.org.nz/kali/pool/main/l/lsb/lsb-base_11.1.0_all.deb [28700/28700] -> "/home/terminator/Downloads/Bootstrap/Kali/arm64//var/cache/apt/archives/partial/lsb-base_11.1.0_all.deb" [1]
2020-09-13 17:37:56 URL:http://mirror.fsmg.org.nz/kali/pool/main/m/mawk/mawk_1.3.4.20200120-2_arm64.deb [106196/106196] -> "/home/terminator/Downloads/Bootstrap/Kali/arm64//var/cache/apt/archives/partial/mawk_1.3.4.20200120-2_arm64.deb" [1]
2020-09-13 17:37:57 URL:http://mirror.fsmg.org.nz/kali/pool/main/u/util-linux/mount_2.36-3_arm64.deb [180004/180004] -> "/home/terminator/Downloads/Bootstrap/Kali/arm64//var/cache/apt/archives/partial/mount_2.36-3_arm64.deb" [1]
2020-09-13 17:37:58 URL:http://mirror.fsmg.org.nz/kali/pool/main/n/ncurses/ncurses-base_6.2-1_all.deb [266044/266044] -> "/home/terminator/Downloads/Bootstrap/Kali/arm64//var/cache/apt/archives/partial/ncurses-base_6.2-1_all.deb" [1]
2020-09-13 17:38:00 URL:http://mirror.fsmg.org.nz/kali/pool/main/n/ncurses/ncurses-bin_6.2-1_arm64.deb [416552/416552] -> "/home/terminator/Downloads/Bootstrap/Kali/arm64//var/cache/apt/archives/partial/ncurses-bin_6.2-1_arm64.deb" [1]
2020-09-13 17:38:02 URL:http://mirror.fsmg.org.nz/kali/pool/main/o/openssl/openssl_1.1.1g-1_arm64.deb [825436/825436] -> "/home/terminator/Downloads/Bootstrap/Kali/arm64//var/cache/apt/archives/partial/openssl_1.1.1g-1_arm64.deb" [1]
2020-09-13 17:38:04 URL:http://mirror.fsmg.org.nz/kali/pool/main/s/shadow/passwd_4.8.1-1_arm64.deb [963764/963764] -> "/home/terminator/Downloads/Bootstrap/Kali/arm64//var/cache/apt/archives/partial/passwd_1%3a4.8.1-1_arm64.deb" [1]
2020-09-13 17:38:07 URL:http://mirror.fsmg.org.nz/kali/pool/main/p/perl/perl-base_5.30.3-4_arm64.deb [1456752/1456752] -> "/home/terminator/Downloads/Bootstrap/Kali/arm64//var/cache/apt/archives/partial/perl-base_5.30.3-4_arm64.deb" [1]
2020-09-13 17:38:08 URL:http://mirror.fsmg.org.nz/kali/pool/main/s/sed/sed_4.7-1_arm64.deb [305512/305512] -> "/home/terminator/Downloads/Bootstrap/Kali/arm64//var/cache/apt/archives/partial/sed_4.7-1_arm64.deb" [1]
2020-09-13 17:38:14 URL:http://mirror.fsmg.org.nz/kali/pool/main/s/systemd/systemd_246.2-1_arm64.deb [3993572/3993572] -> "/home/terminator/Downloads/Bootstrap/Kali/arm64//var/cache/apt/archives/partial/systemd_246.2-1_arm64.deb" [1]
2020-09-13 17:38:15 URL:http://mirror.fsmg.org.nz/kali/pool/main/s/systemd/systemd-timesyncd_246.2-1_arm64.deb [124608/124608] -> "/home/terminator/Downloads/Bootstrap/Kali/arm64//var/cache/apt/archives/partial/systemd-timesyncd_246.2-1_arm64.deb" [1]
2020-09-13 17:38:16 URL:http://mirror.fsmg.org.nz/kali/pool/main/s/sysvinit/sysvinit-utils_2.96-4_arm64.deb [24676/24676] -> "/home/terminator/Downloads/Bootstrap/Kali/arm64//var/cache/apt/archives/partial/sysvinit-utils_2.96-4_arm64.deb" [1]
2020-09-13 17:38:17 URL:http://mirror.fsmg.org.nz/kali/pool/main/t/tar/tar_1.30+dfsg-7_arm64.deb [766892/766892] -> "/home/terminator/Downloads/Bootstrap/Kali/arm64//var/cache/apt/archives/partial/tar_1.30+dfsg-7_arm64.deb" [1]
2020-09-13 17:38:18 URL:http://mirror.fsmg.org.nz/kali/pool/main/t/tzdata/tzdata_2020a-1_all.deb [280908/280908] -> "/home/terminator/Downloads/Bootstrap/Kali/arm64//var/cache/apt/archives/partial/tzdata_2020a-1_all.deb" [1]
2020-09-13 17:38:21 URL:http://mirror.fsmg.org.nz/kali/pool/main/u/util-linux/util-linux_2.36-3_arm64.deb [1090980/1090980] -> "/home/terminator/Downloads/Bootstrap/Kali/arm64//var/cache/apt/archives/partial/util-linux_2.36-3_arm64.deb" [1]
2020-09-13 17:38:22 URL:http://mirror.fsmg.org.nz/kali/pool/main/w/wget/wget_1.20.3-1+b2_arm64.deb [918912/918912] -> "/home/terminator/Downloads/Bootstrap/Kali/arm64//var/cache/apt/archives/partial/wget_1.20.3-1+b2_arm64.deb" [1]
2020-09-13 17:38:23 URL:http://mirror.fsmg.org.nz/kali/pool/main/z/zlib/zlib1g_1.2.11.dfsg-2_arm64.deb [87944/87944] -> "/home/terminator/Downloads/Bootstrap/Kali/arm64//var/cache/apt/archives/partial/zlib1g_1%3a1.2.11.dfsg-2_arm64.deb" [1]
dpkg: warning: parsing file '/var/lib/dpkg/status' near line 5 package 'dpkg':
 missing 'Description' field
dpkg: warning: parsing file '/var/lib/dpkg/status' near line 5 package 'dpkg':
 missing 'Architecture' field
Selecting previously unselected package base-passwd.
(Reading database ... 0 files and directories currently installed.)
Preparing to unpack .../base-passwd_3.5.47_arm64.deb ...
Unpacking base-passwd (3.5.47) ...
dpkg: base-passwd: dependency problems, but configuring anyway as you requested:
 base-passwd depends on libc6 (>= 2.17); however:
  Package libc6 is not installed.
 base-passwd depends on libdebconfclient0 (>= 0.145); however:
  Package libdebconfclient0 is not installed.

Setting up base-passwd (3.5.47) ...
dpkg: warning: parsing file '/var/lib/dpkg/status' near line 24 package 'dpkg':
 missing 'Description' field
dpkg: warning: parsing file '/var/lib/dpkg/status' near line 24 package 'dpkg':
 missing 'Architecture' field
Selecting previously unselected package base-files.
dpkg: regarding .../base-files_1%3a2020.3.1_arm64.deb containing base-files, pre-dependency problem:
 base-files pre-depends on awk
  awk is not installed.

dpkg: warning: ignoring pre-dependency problem!
(Reading database ... 41 files and directories currently installed.)
Preparing to unpack .../base-files_1%3a2020.3.1_arm64.deb ...
Unpacking base-files (1:2020.3.1) ...
dpkg: base-files: dependency problems, but configuring anyway as you requested:
 base-files depends on awk; however:
  Package awk is not installed.

Setting up base-files (1:2020.3.1) ...
dpkg: warning: parsing file '/var/lib/dpkg/status' near line 53 package 'dpkg':
 missing 'Description' field
dpkg: warning: parsing file '/var/lib/dpkg/status' near line 53 package 'dpkg':
 missing 'Architecture' field
dpkg: regarding .../dpkg_1.20.5kali2_arm64.deb containing dpkg, pre-dependency problem:
 dpkg pre-depends on libbz2-1.0
  libbz2-1.0 is not installed.

dpkg: warning: ignoring pre-dependency problem!
dpkg: regarding .../dpkg_1.20.5kali2_arm64.deb containing dpkg, pre-dependency problem:
 dpkg pre-depends on libc6 (>= 2.17)
  libc6 is not installed.

dpkg: warning: ignoring pre-dependency problem!
dpkg: regarding .../dpkg_1.20.5kali2_arm64.deb containing dpkg, pre-dependency problem:
 dpkg pre-depends on liblzma5 (>= 5.2.2)
  liblzma5 is not installed.

dpkg: warning: ignoring pre-dependency problem!
dpkg: regarding .../dpkg_1.20.5kali2_arm64.deb containing dpkg, pre-dependency problem:
 dpkg pre-depends on libselinux1 (>= 3.1~)
  libselinux1 is not installed.

dpkg: warning: ignoring pre-dependency problem!
dpkg: regarding .../dpkg_1.20.5kali2_arm64.deb containing dpkg, pre-dependency problem:
 dpkg pre-depends on zlib1g (>= 1:1.1.4)
  zlib1g is not installed.

dpkg: warning: ignoring pre-dependency problem!
(Reading database ... 126 files and directories currently installed.)
Preparing to unpack .../dpkg_1.20.5kali2_arm64.deb ...
Unpacking dpkg (1.20.5kali2) over (1.20.5kali2) ...
dpkg: dpkg: dependency problems, but configuring anyway as you requested:
 dpkg depends on libbz2-1.0; however:
  Package libbz2-1.0 is not installed.
 dpkg depends on libc6 (>= 2.17); however:
  Package libc6 is not installed.
 dpkg depends on liblzma5 (>= 5.2.2); however:
  Package liblzma5 is not installed.
 dpkg depends on libselinux1 (>= 3.1~); however:
  Package libselinux1 is not installed.
 dpkg depends on zlib1g (>= 1:1.1.4); however:
  Package zlib1g is not installed.
 dpkg depends on tar (>= 1.28-1); however:
  Package tar is not installed.

Setting up dpkg (1.20.5kali2) ...
Selecting previously unselected package libc6:arm64.
(Reading database ... 385 files and directories currently installed.)
Preparing to unpack .../libc6_2.31-2_arm64.deb ...
Unpacking libc6:arm64 (2.31-2) ...
dpkg: libc6:arm64: dependency problems, but configuring anyway as you requested:
 libc6:arm64 depends on libgcc-s1; however:
  Package libgcc-s1 is not installed.
 libc6:arm64 depends on libcrypt1; however:
  Package libcrypt1 is not installed.

Setting up libc6:arm64 (2.31-2) ...
Selecting previously unselected package perl-base.
dpkg: regarding .../perl-base_5.30.3-4_arm64.deb containing perl-base, pre-dependency problem:
 perl-base pre-depends on libcrypt1 (>= 1:4.1.0)
  libcrypt1 is not installed.

dpkg: warning: ignoring pre-dependency problem!
(Reading database ... 696 files and directories currently installed.)
Preparing to unpack .../perl-base_5.30.3-4_arm64.deb ...
Unpacking perl-base (5.30.3-4) ...
dpkg: perl-base: dependency problems, but configuring anyway as you requested:
 perl-base depends on libcrypt1 (>= 1:4.1.0); however:
  Package libcrypt1 is not installed.

Setting up perl-base (5.30.3-4) ...
Selecting previously unselected package mawk.
(Reading database ... 1391 files and directories currently installed.)
Preparing to unpack .../mawk_1.3.4.20200120-2_arm64.deb ...
Unpacking mawk (1.3.4.20200120-2) ...
Setting up mawk (1.3.4.20200120-2) ...
Selecting previously unselected package adduser.
(Reading database ... 1410 files and directories currently installed.)
Preparing to unpack .../archives/adduser_3.118_all.deb ...
Unpacking adduser (3.118) ...
Selecting previously unselected package apt.
Preparing to unpack .../archives/apt_2.1.10_arm64.deb ...
Unpacking apt (2.1.10) ...
Preparing to unpack .../base-files_1%3a2020.3.1_arm64.deb ...
Unpacking base-files (1:2020.3.1) over (1:2020.3.1) ...
Preparing to unpack .../base-passwd_3.5.47_arm64.deb ...
Unpacking base-passwd (3.5.47) over (3.5.47) ...
Selecting previously unselected package bash.
dpkg: regarding .../archives/bash_5.0-7_arm64.deb containing bash, pre-dependency problem:
 bash pre-depends on libtinfo6 (>= 6)
  libtinfo6 is not installed.

dpkg: warning: ignoring pre-dependency problem!
Preparing to unpack .../archives/bash_5.0-7_arm64.deb ...
Unpacking bash (5.0-7) ...
Selecting previously unselected package bsdutils.
dpkg: regarding .../bsdutils_1%3a2.36-3_arm64.deb containing bsdutils, pre-dependency problem:
 bsdutils pre-depends on libsystemd0
  libsystemd0 is not installed.

dpkg: warning: ignoring pre-dependency problem!
Preparing to unpack .../bsdutils_1%3a2.36-3_arm64.deb ...
Unpacking bsdutils (1:2.36-3) ...
Selecting previously unselected package coreutils.
dpkg: regarding .../coreutils_8.30-3_arm64.deb containing coreutils, pre-dependency problem:
 coreutils pre-depends on libacl1 (>= 2.2.23)
  libacl1 is not installed.

dpkg: warning: ignoring pre-dependency problem!
dpkg: regarding .../coreutils_8.30-3_arm64.deb containing coreutils, pre-dependency problem:
 coreutils pre-depends on libattr1 (>= 1:2.4.44)
  libattr1 is not installed.

dpkg: warning: ignoring pre-dependency problem!
dpkg: regarding .../coreutils_8.30-3_arm64.deb containing coreutils, pre-dependency problem:
 coreutils pre-depends on libselinux1 (>= 2.1.13)
  libselinux1 is not installed.

dpkg: warning: ignoring pre-dependency problem!
Preparing to unpack .../coreutils_8.30-3_arm64.deb ...
Unpacking coreutils (8.30-3) ...
Selecting previously unselected package dash.
Preparing to unpack .../dash_0.5.10.2-7_arm64.deb ...
Unpacking dash (0.5.10.2-7) ...
Selecting previously unselected package debconf.
Preparing to unpack .../debconf_1.5.74_all.deb ...
Unpacking debconf (1.5.74) ...
Selecting previously unselected package debian-archive-keyring.
Preparing to unpack .../debian-archive-keyring_2019.1_all.deb ...
Unpacking debian-archive-keyring (2019.1) ...
Selecting previously unselected package debianutils.
Preparing to unpack .../debianutils_4.9.1_arm64.deb ...
Unpacking debianutils (4.9.1) ...
Selecting previously unselected package diffutils.
Preparing to unpack .../diffutils_1%3a3.7-3_arm64.deb ...
Unpacking diffutils (1:3.7-3) ...
dpkg: regarding .../dpkg_1.20.5kali2_arm64.deb containing dpkg, pre-dependency problem:
 dpkg pre-depends on libbz2-1.0
  libbz2-1.0 is not installed.

dpkg: warning: ignoring pre-dependency problem!
dpkg: regarding .../dpkg_1.20.5kali2_arm64.deb containing dpkg, pre-dependency problem:
 dpkg pre-depends on liblzma5 (>= 5.2.2)
  liblzma5 is not installed.

dpkg: warning: ignoring pre-dependency problem!
dpkg: regarding .../dpkg_1.20.5kali2_arm64.deb containing dpkg, pre-dependency problem:
 dpkg pre-depends on libselinux1 (>= 3.1~)
  libselinux1 is not installed.

dpkg: warning: ignoring pre-dependency problem!
dpkg: regarding .../dpkg_1.20.5kali2_arm64.deb containing dpkg, pre-dependency problem:
 dpkg pre-depends on zlib1g (>= 1:1.1.4)
  zlib1g is not installed.

dpkg: warning: ignoring pre-dependency problem!
Preparing to unpack .../dpkg_1.20.5kali2_arm64.deb ...
Unpacking dpkg (1.20.5kali2) over (1.20.5kali2) ...
Selecting previously unselected package e2fsprogs.
dpkg: regarding .../e2fsprogs_1.45.6-1_arm64.deb containing e2fsprogs, pre-dependency problem:
 e2fsprogs pre-depends on libblkid1 (>= 2.17.2)
  libblkid1 is not installed.

dpkg: warning: ignoring pre-dependency problem!
dpkg: regarding .../e2fsprogs_1.45.6-1_arm64.deb containing e2fsprogs, pre-dependency problem:
 e2fsprogs pre-depends on libcom-err2 (>= 1.43.9)
  libcom-err2 is not installed.

dpkg: warning: ignoring pre-dependency problem!
dpkg: regarding .../e2fsprogs_1.45.6-1_arm64.deb containing e2fsprogs, pre-dependency problem:
 e2fsprogs pre-depends on libext2fs2 (= 1.45.6-1)
  libext2fs2 is not installed.

dpkg: warning: ignoring pre-dependency problem!
dpkg: regarding .../e2fsprogs_1.45.6-1_arm64.deb containing e2fsprogs, pre-dependency problem:
 e2fsprogs pre-depends on libss2 (>= 1.38)
  libss2 is not installed.

dpkg: warning: ignoring pre-dependency problem!
dpkg: regarding .../e2fsprogs_1.45.6-1_arm64.deb containing e2fsprogs, pre-dependency problem:
 e2fsprogs pre-depends on libuuid1 (>= 2.16)
  libuuid1 is not installed.

dpkg: warning: ignoring pre-dependency problem!
Preparing to unpack .../e2fsprogs_1.45.6-1_arm64.deb ...
Unpacking e2fsprogs (1.45.6-1) ...
Selecting previously unselected package findutils.
dpkg: regarding .../findutils_4.7.0-1_arm64.deb containing findutils, pre-dependency problem:
 findutils pre-depends on libselinux1 (>= 1.32)
  libselinux1 is not installed.

dpkg: warning: ignoring pre-dependency problem!
Preparing to unpack .../findutils_4.7.0-1_arm64.deb ...
Unpacking findutils (4.7.0-1) ...
Selecting previously unselected package gcc-10-base:arm64.
Preparing to unpack .../gcc-10-base_10.2.0-5_arm64.deb ...
Unpacking gcc-10-base:arm64 (10.2.0-5) ...
Selecting previously unselected package gcc-9-base:arm64.
Preparing to unpack .../gcc-9-base_9.3.0-15_arm64.deb ...
Unpacking gcc-9-base:arm64 (9.3.0-15) ...
Selecting previously unselected package gpgv.
Preparing to unpack .../gpgv_2.2.20-1_arm64.deb ...
Unpacking gpgv (2.2.20-1) ...
Selecting previously unselected package grep.
dpkg: regarding .../archives/grep_3.4-1_arm64.deb containing grep, pre-dependency problem:
 grep pre-depends on libpcre3
  libpcre3 is not installed.

dpkg: warning: ignoring pre-dependency problem!
Preparing to unpack .../archives/grep_3.4-1_arm64.deb ...
Unpacking grep (3.4-1) ...
Selecting previously unselected package gzip.
Preparing to unpack .../archives/gzip_1.10-2_arm64.deb ...
Unpacking gzip (1.10-2) ...
Selecting previously unselected package hostname.
Preparing to unpack .../hostname_3.23_arm64.deb ...
Unpacking hostname (3.23) ...
Selecting previously unselected package init-system-helpers.
Preparing to unpack .../init-system-helpers_1.58+kali1_all.deb ...
Unpacking init-system-helpers (1.58+kali1) ...
Selecting previously unselected package libacl1:arm64.
Preparing to unpack .../libacl1_2.2.53-8_arm64.deb ...
Unpacking libacl1:arm64 (2.2.53-8) ...
Selecting previously unselected package libapt-pkg6.0:arm64.
Preparing to unpack .../libapt-pkg6.0_2.1.10_arm64.deb ...
Unpacking libapt-pkg6.0:arm64 (2.1.10) ...
Selecting previously unselected package libattr1:arm64.
Preparing to unpack .../libattr1_1%3a2.4.48-5_arm64.deb ...
Unpacking libattr1:arm64 (1:2.4.48-5) ...
Selecting previously unselected package libaudit-common.
Preparing to unpack .../libaudit-common_1%3a2.8.5-3_all.deb ...
Unpacking libaudit-common (1:2.8.5-3) ...
Selecting previously unselected package libaudit1:arm64.
Preparing to unpack .../libaudit1_1%3a2.8.5-3+b1_arm64.deb ...
Unpacking libaudit1:arm64 (1:2.8.5-3+b1) ...
Selecting previously unselected package libblkid1:arm64.
Preparing to unpack .../libblkid1_2.36-3_arm64.deb ...
Unpacking libblkid1:arm64 (2.36-3) ...
Selecting previously unselected package libbz2-1.0:arm64.
Preparing to unpack .../libbz2-1.0_1.0.8-4_arm64.deb ...
Unpacking libbz2-1.0:arm64 (1.0.8-4) ...
Selecting previously unselected package libc-bin.
Preparing to unpack .../libc-bin_2.31-2_arm64.deb ...
Unpacking libc-bin (2.31-2) ...
Preparing to unpack .../libc6_2.31-2_arm64.deb ...
Unpacking libc6:arm64 (2.31-2) over (2.31-2) ...
Selecting previously unselected package libcap-ng0:arm64.
Preparing to unpack .../libcap-ng0_0.7.9-2.2_arm64.deb ...
Unpacking libcap-ng0:arm64 (0.7.9-2.2) ...
Selecting previously unselected package libcom-err2:arm64.
Preparing to unpack .../libcom-err2_1.45.6-1_arm64.deb ...
Unpacking libcom-err2:arm64 (1.45.6-1) ...
Selecting previously unselected package libcrypt1:arm64.
Preparing to unpack .../libcrypt1_1%3a4.4.17-1_arm64.deb ...
Unpacking libcrypt1:arm64 (1:4.4.17-1) ...
Selecting previously unselected package libdb5.3:arm64.
Preparing to unpack .../libdb5.3_5.3.28+dfsg1-0.6_arm64.deb ...
Unpacking libdb5.3:arm64 (5.3.28+dfsg1-0.6) ...
Selecting previously unselected package libdebconfclient0:arm64.
Preparing to unpack .../libdebconfclient0_0.253_arm64.deb ...
Unpacking libdebconfclient0:arm64 (0.253) ...
Selecting previously unselected package libext2fs2:arm64.
Preparing to unpack .../libext2fs2_1.45.6-1_arm64.deb ...
Unpacking libext2fs2:arm64 (1.45.6-1) ...
Selecting previously unselected package libffi7:arm64.
Preparing to unpack .../libffi7_3.3-4_arm64.deb ...
Unpacking libffi7:arm64 (3.3-4) ...
Selecting previously unselected package libgcc-s1:arm64.
Preparing to unpack .../libgcc-s1_10.2.0-5_arm64.deb ...
Unpacking libgcc-s1:arm64 (10.2.0-5) ...
Selecting previously unselected package libgcrypt20:arm64.
Preparing to unpack .../libgcrypt20_1.8.6-2_arm64.deb ...
Unpacking libgcrypt20:arm64 (1.8.6-2) ...
Selecting previously unselected package libgmp10:arm64.
Preparing to unpack .../libgmp10_2%3a6.2.0+dfsg-6_arm64.deb ...
Unpacking libgmp10:arm64 (2:6.2.0+dfsg-6) ...
Selecting previously unselected package libgnutls30:arm64.
Preparing to unpack .../libgnutls30_3.6.14-2+b1_arm64.deb ...
Unpacking libgnutls30:arm64 (3.6.14-2+b1) ...
Selecting previously unselected package libgpg-error0:arm64.
Preparing to unpack .../libgpg-error0_1.38-2_arm64.deb ...
Unpacking libgpg-error0:arm64 (1.38-2) ...
Selecting previously unselected package libhogweed6:arm64.
Preparing to unpack .../libhogweed6_3.6-2_arm64.deb ...
Unpacking libhogweed6:arm64 (3.6-2) ...
Selecting previously unselected package libidn2-0:arm64.
Preparing to unpack .../libidn2-0_2.3.0-1_arm64.deb ...
Unpacking libidn2-0:arm64 (2.3.0-1) ...
Selecting previously unselected package liblz4-1:arm64.
Preparing to unpack .../liblz4-1_1.9.2-2_arm64.deb ...
Unpacking liblz4-1:arm64 (1.9.2-2) ...
Selecting previously unselected package liblzma5:arm64.
Preparing to unpack .../liblzma5_5.2.4-1+b1_arm64.deb ...
Unpacking liblzma5:arm64 (5.2.4-1+b1) ...
Selecting previously unselected package libmount1:arm64.
Preparing to unpack .../libmount1_2.36-3_arm64.deb ...
Unpacking libmount1:arm64 (2.36-3) ...
Selecting previously unselected package libnettle8:arm64.
Preparing to unpack .../libnettle8_3.6-2_arm64.deb ...
Unpacking libnettle8:arm64 (3.6-2) ...
Selecting previously unselected package libp11-kit0:arm64.
Preparing to unpack .../libp11-kit0_0.23.21-2_arm64.deb ...
Unpacking libp11-kit0:arm64 (0.23.21-2) ...
Selecting previously unselected package libpam-modules:arm64.
dpkg: regarding .../libpam-modules_1.3.1-5_arm64.deb containing libpam-modules:arm64, pre-dependency problem:
 libpam-modules pre-depends on libaudit1 (>= 1:2.2.1)
  libaudit1:arm64 is unpacked, but has never been configured.

dpkg: warning: ignoring pre-dependency problem!
dpkg: regarding .../libpam-modules_1.3.1-5_arm64.deb containing libpam-modules:arm64, pre-dependency problem:
 libpam-modules pre-depends on libdb5.3
  libdb5.3:arm64 is unpacked, but has never been configured.

dpkg: warning: ignoring pre-dependency problem!
dpkg: regarding .../libpam-modules_1.3.1-5_arm64.deb containing libpam-modules:arm64, pre-dependency problem:
 libpam-modules pre-depends on libpam0g (>= 1.3.1)
  libpam0g is not installed.

dpkg: warning: ignoring pre-dependency problem!
dpkg: regarding .../libpam-modules_1.3.1-5_arm64.deb containing libpam-modules:arm64, pre-dependency problem:
 libpam-modules pre-depends on libselinux1 (>= 2.1.9)
  libselinux1 is not installed.

dpkg: warning: ignoring pre-dependency problem!
dpkg: regarding .../libpam-modules_1.3.1-5_arm64.deb containing libpam-modules:arm64, pre-dependency problem:
 libpam-modules pre-depends on debconf (>= 0.5) | debconf-2.0
  debconf is unpacked, but has never been configured.
  debconf provides debconf-2.0 but is unpacked but not configured.

dpkg: warning: ignoring pre-dependency problem!
dpkg: regarding .../libpam-modules_1.3.1-5_arm64.deb containing libpam-modules:arm64, pre-dependency problem:
 libpam-modules pre-depends on libpam-modules-bin (= 1.3.1-5)
  libpam-modules-bin is not installed.

dpkg: warning: ignoring pre-dependency problem!
Preparing to unpack .../libpam-modules_1.3.1-5_arm64.deb ...
Unpacking libpam-modules:arm64 (1.3.1-5) ...
Selecting previously unselected package libpam-modules-bin.
Preparing to unpack .../libpam-modules-bin_1.3.1-5_arm64.deb ...
Unpacking libpam-modules-bin (1.3.1-5) ...
Selecting previously unselected package libpam-runtime.
Preparing to unpack .../libpam-runtime_1.3.1-5_all.deb ...
Unpacking libpam-runtime (1.3.1-5) ...
Selecting previously unselected package libpam0g:arm64.
Preparing to unpack .../libpam0g_1.3.1-5_arm64.deb ...
Unpacking libpam0g:arm64 (1.3.1-5) ...
Selecting previously unselected package libpcre2-8-0:arm64.
Preparing to unpack .../libpcre2-8-0_10.34-7_arm64.deb ...
Unpacking libpcre2-8-0:arm64 (10.34-7) ...
Selecting previously unselected package libpcre3:arm64.
Preparing to unpack .../libpcre3_2%3a8.39-13_arm64.deb ...
Unpacking libpcre3:arm64 (2:8.39-13) ...
Selecting previously unselected package libseccomp2:arm64.
Preparing to unpack .../libseccomp2_2.4.3-1+b1_arm64.deb ...
Unpacking libseccomp2:arm64 (2.4.3-1+b1) ...
Selecting previously unselected package libselinux1:arm64.
Preparing to unpack .../libselinux1_3.1-2_arm64.deb ...
Unpacking libselinux1:arm64 (3.1-2) ...
Selecting previously unselected package libsemanage-common.
Preparing to unpack .../libsemanage-common_3.1-1_all.deb ...
Unpacking libsemanage-common (3.1-1) ...
Selecting previously unselected package libsemanage1:arm64.
Preparing to unpack .../libsemanage1_3.1-1_arm64.deb ...
Unpacking libsemanage1:arm64 (3.1-1) ...
Selecting previously unselected package libsepol1:arm64.
Preparing to unpack .../libsepol1_3.1-1_arm64.deb ...
Unpacking libsepol1:arm64 (3.1-1) ...
Selecting previously unselected package libsmartcols1:arm64.
Preparing to unpack .../libsmartcols1_2.36-3_arm64.deb ...
Unpacking libsmartcols1:arm64 (2.36-3) ...
Selecting previously unselected package libss2:arm64.
Preparing to unpack .../libss2_1.45.6-1_arm64.deb ...
Unpacking libss2:arm64 (1.45.6-1) ...
Selecting previously unselected package libstdc++6:arm64.
Preparing to unpack .../libstdc++6_10.2.0-5_arm64.deb ...
Unpacking libstdc++6:arm64 (10.2.0-5) ...
Selecting previously unselected package libsystemd0:arm64.
dpkg: regarding .../libsystemd0_246.2-1_arm64.deb containing libsystemd0:arm64, pre-dependency problem:
 libsystemd0 pre-depends on libgcrypt20 (>= 1.8.0)
  libgcrypt20:arm64 is unpacked, but has never been configured.

dpkg: warning: ignoring pre-dependency problem!
dpkg: regarding .../libsystemd0_246.2-1_arm64.deb containing libsystemd0:arm64, pre-dependency problem:
 libsystemd0 pre-depends on liblz4-1 (>= 0.0~r122)
  liblz4-1:arm64 is unpacked, but has never been configured.

dpkg: warning: ignoring pre-dependency problem!
dpkg: regarding .../libsystemd0_246.2-1_arm64.deb containing libsystemd0:arm64, pre-dependency problem:
 libsystemd0 pre-depends on liblzma5 (>= 5.1.1alpha+20120614)
  liblzma5:arm64 is unpacked, but has never been configured.

dpkg: warning: ignoring pre-dependency problem!
dpkg: regarding .../libsystemd0_246.2-1_arm64.deb containing libsystemd0:arm64, pre-dependency problem:
 libsystemd0 pre-depends on libzstd1 (>= 1.4.0)
  libzstd1 is not installed.

dpkg: warning: ignoring pre-dependency problem!
Preparing to unpack .../libsystemd0_246.2-1_arm64.deb ...
Unpacking libsystemd0:arm64 (246.2-1) ...
Selecting previously unselected package libtasn1-6:arm64.
Preparing to unpack .../libtasn1-6_4.16.0-2_arm64.deb ...
Unpacking libtasn1-6:arm64 (4.16.0-2) ...
Selecting previously unselected package libtinfo6:arm64.
Preparing to unpack .../libtinfo6_6.2-1_arm64.deb ...
Unpacking libtinfo6:arm64 (6.2-1) ...
Selecting previously unselected package libudev1:arm64.
Preparing to unpack .../libudev1_246.2-1_arm64.deb ...
Unpacking libudev1:arm64 (246.2-1) ...
Selecting previously unselected package libunistring2:arm64.
Preparing to unpack .../libunistring2_0.9.10-4_arm64.deb ...
Unpacking libunistring2:arm64 (0.9.10-4) ...
Selecting previously unselected package libuuid1:arm64.
Preparing to unpack .../libuuid1_2.36-3_arm64.deb ...
Unpacking libuuid1:arm64 (2.36-3) ...
Selecting previously unselected package libzstd1:arm64.
Preparing to unpack .../libzstd1_1.4.5+dfsg-4_arm64.deb ...
Unpacking libzstd1:arm64 (1.4.5+dfsg-4) ...
Selecting previously unselected package login.
dpkg: regarding .../login_1%3a4.8.1-1_arm64.deb containing login, pre-dependency problem:
 login pre-depends on libaudit1 (>= 1:2.2.1)
  libaudit1:arm64 is unpacked, but has never been configured.

dpkg: warning: ignoring pre-dependency problem!
dpkg: regarding .../login_1%3a4.8.1-1_arm64.deb containing login, pre-dependency problem:
 login pre-depends on libcrypt1 (>= 1:4.1.0)
  libcrypt1:arm64 is unpacked, but has never been configured.

dpkg: warning: ignoring pre-dependency problem!
dpkg: regarding .../login_1%3a4.8.1-1_arm64.deb containing login, pre-dependency problem:
 login pre-depends on libpam0g (>= 0.99.7.1)
  libpam0g:arm64 is unpacked, but has never been configured.

dpkg: warning: ignoring pre-dependency problem!
dpkg: regarding .../login_1%3a4.8.1-1_arm64.deb containing login, pre-dependency problem:
 login pre-depends on libpam-runtime
  libpam-runtime is unpacked, but has never been configured.

dpkg: warning: ignoring pre-dependency problem!
dpkg: regarding .../login_1%3a4.8.1-1_arm64.deb containing login, pre-dependency problem:
 login pre-depends on libpam-modules (>= 1.1.8-1)
  libpam-modules:arm64 is unpacked, but has never been configured.

dpkg: warning: ignoring pre-dependency problem!
Preparing to unpack .../login_1%3a4.8.1-1_arm64.deb ...
Unpacking login (1:4.8.1-1) ...
Selecting previously unselected package logsave.
Preparing to unpack .../logsave_1.45.6-1_arm64.deb ...
Unpacking logsave (1.45.6-1) ...
Selecting previously unselected package lsb-base.
Preparing to unpack .../lsb-base_11.1.0_all.deb ...
Unpacking lsb-base (11.1.0) ...
Preparing to unpack .../mawk_1.3.4.20200120-2_arm64.deb ...
Unpacking mawk (1.3.4.20200120-2) over (1.3.4.20200120-2) ...
Selecting previously unselected package mount.
dpkg: regarding .../mount_2.36-3_arm64.deb containing mount, pre-dependency problem:
 mount pre-depends on libblkid1 (>= 2.17.2)
  libblkid1:arm64 is unpacked, but has never been configured.

dpkg: warning: ignoring pre-dependency problem!
dpkg: regarding .../mount_2.36-3_arm64.deb containing mount, pre-dependency problem:
 mount pre-depends on libmount1 (>= 2.35.1)
  libmount1:arm64 is unpacked, but has never been configured.

dpkg: warning: ignoring pre-dependency problem!
dpkg: regarding .../mount_2.36-3_arm64.deb containing mount, pre-dependency problem:
 mount pre-depends on libsmartcols1 (>= 2.33)
  libsmartcols1:arm64 is unpacked, but has never been configured.

dpkg: warning: ignoring pre-dependency problem!
Preparing to unpack .../mount_2.36-3_arm64.deb ...
Unpacking mount (2.36-3) ...
Selecting previously unselected package ncurses-base.
Preparing to unpack .../ncurses-base_6.2-1_all.deb ...
Unpacking ncurses-base (6.2-1) ...
Selecting previously unselected package ncurses-bin.
dpkg: regarding .../ncurses-bin_6.2-1_arm64.deb containing ncurses-bin, pre-dependency problem:
 ncurses-bin pre-depends on libtinfo6 (>= 6.2)
  libtinfo6:arm64 is unpacked, but has never been configured.

dpkg: warning: ignoring pre-dependency problem!
Preparing to unpack .../ncurses-bin_6.2-1_arm64.deb ...
Unpacking ncurses-bin (6.2-1) ...
Selecting previously unselected package passwd.
Preparing to unpack .../passwd_1%3a4.8.1-1_arm64.deb ...
Unpacking passwd (1:4.8.1-1) ...
dpkg: regarding .../perl-base_5.30.3-4_arm64.deb containing perl-base, pre-dependency problem:
 perl-base pre-depends on libcrypt1 (>= 1:4.1.0)
  libcrypt1:arm64 is unpacked, but has never been configured.

dpkg: warning: ignoring pre-dependency problem!
Preparing to unpack .../perl-base_5.30.3-4_arm64.deb ...
Unpacking perl-base (5.30.3-4) over (5.30.3-4) ...
Selecting previously unselected package sed.
dpkg: regarding .../archives/sed_4.7-1_arm64.deb containing sed, pre-dependency problem:
 sed pre-depends on libacl1 (>= 2.2.51-8)
  libacl1:arm64 is unpacked, but has never been configured.

dpkg: warning: ignoring pre-dependency problem!
dpkg: regarding .../archives/sed_4.7-1_arm64.deb containing sed, pre-dependency problem:
 sed pre-depends on libselinux1 (>= 1.32)
  libselinux1:arm64 is unpacked, but has never been configured.

dpkg: warning: ignoring pre-dependency problem!
Preparing to unpack .../archives/sed_4.7-1_arm64.deb ...
Unpacking sed (4.7-1) ...
Selecting previously unselected package sysvinit-utils.
Preparing to unpack .../sysvinit-utils_2.96-4_arm64.deb ...
Unpacking sysvinit-utils (2.96-4) ...
Selecting previously unselected package tar.
dpkg: regarding .../tar_1.30+dfsg-7_arm64.deb containing tar, pre-dependency problem:
 tar pre-depends on libacl1 (>= 2.2.23)
  libacl1:arm64 is unpacked, but has never been configured.

dpkg: warning: ignoring pre-dependency problem!
dpkg: regarding .../tar_1.30+dfsg-7_arm64.deb containing tar, pre-dependency problem:
 tar pre-depends on libselinux1 (>= 1.32)
  libselinux1:arm64 is unpacked, but has never been configured.

dpkg: warning: ignoring pre-dependency problem!
Preparing to unpack .../tar_1.30+dfsg-7_arm64.deb ...
Unpacking tar (1.30+dfsg-7) ...
Selecting previously unselected package tzdata.
Preparing to unpack .../tzdata_2020a-1_all.deb ...
Unpacking tzdata (2020a-1) ...
Selecting previously unselected package util-linux.
dpkg: regarding .../util-linux_2.36-3_arm64.deb containing util-linux, pre-dependency problem:
 util-linux pre-depends on libaudit1 (>= 1:2.2.1)
  libaudit1:arm64 is unpacked, but has never been configured.

dpkg: warning: ignoring pre-dependency problem!
dpkg: regarding .../util-linux_2.36-3_arm64.deb containing util-linux, pre-dependency problem:
 util-linux pre-depends on libblkid1 (>= 2.31.1)
  libblkid1:arm64 is unpacked, but has never been configured.

dpkg: warning: ignoring pre-dependency problem!
dpkg: regarding .../util-linux_2.36-3_arm64.deb containing util-linux, pre-dependency problem:
 util-linux pre-depends on libcap-ng0 (>= 0.7.9)
  libcap-ng0:arm64 is unpacked, but has never been configured.

dpkg: warning: ignoring pre-dependency problem!
dpkg: regarding .../util-linux_2.36-3_arm64.deb containing util-linux, pre-dependency problem:
 util-linux pre-depends on libcrypt1 (>= 1:4.1.0)
  libcrypt1:arm64 is unpacked, but has never been configured.

dpkg: warning: ignoring pre-dependency problem!
dpkg: regarding .../util-linux_2.36-3_arm64.deb containing util-linux, pre-dependency problem:
 util-linux pre-depends on libmount1 (>= 2.34)
  libmount1:arm64 is unpacked, but has never been configured.

dpkg: warning: ignoring pre-dependency problem!
dpkg: regarding .../util-linux_2.36-3_arm64.deb containing util-linux, pre-dependency problem:
 util-linux pre-depends on libpam0g (>= 0.99.7.1)
  libpam0g:arm64 is unpacked, but has never been configured.

dpkg: warning: ignoring pre-dependency problem!
dpkg: regarding .../util-linux_2.36-3_arm64.deb containing util-linux, pre-dependency problem:
 util-linux pre-depends on libselinux1 (>= 3.1~)
  libselinux1:arm64 is unpacked, but has never been configured.

dpkg: warning: ignoring pre-dependency problem!
dpkg: regarding .../util-linux_2.36-3_arm64.deb containing util-linux, pre-dependency problem:
 util-linux pre-depends on libsmartcols1 (>= 2.34)
  libsmartcols1:arm64 is unpacked, but has never been configured.

dpkg: warning: ignoring pre-dependency problem!
dpkg: regarding .../util-linux_2.36-3_arm64.deb containing util-linux, pre-dependency problem:
 util-linux pre-depends on libsystemd0
  libsystemd0:arm64 is unpacked, but has never been configured.

dpkg: warning: ignoring pre-dependency problem!
dpkg: regarding .../util-linux_2.36-3_arm64.deb containing util-linux, pre-dependency problem:
 util-linux pre-depends on libtinfo6 (>= 6)
  libtinfo6:arm64 is unpacked, but has never been configured.

dpkg: warning: ignoring pre-dependency problem!
dpkg: regarding .../util-linux_2.36-3_arm64.deb containing util-linux, pre-dependency problem:
 util-linux pre-depends on libudev1 (>= 183)
  libudev1:arm64 is unpacked, but has never been configured.

dpkg: warning: ignoring pre-dependency problem!
dpkg: regarding .../util-linux_2.36-3_arm64.deb containing util-linux, pre-dependency problem:
 util-linux pre-depends on libuuid1 (>= 2.16)
  libuuid1:arm64 is unpacked, but has never been configured.

dpkg: warning: ignoring pre-dependency problem!
dpkg: regarding .../util-linux_2.36-3_arm64.deb containing util-linux, pre-dependency problem:
 util-linux pre-depends on zlib1g (>= 1:1.1.4)
  zlib1g is not installed.

dpkg: warning: ignoring pre-dependency problem!
Preparing to unpack .../util-linux_2.36-3_arm64.deb ...
Unpacking util-linux (2.36-3) ...
Selecting previously unselected package zlib1g:arm64.
Preparing to unpack .../zlib1g_1%3a1.2.11.dfsg-2_arm64.deb ...
Unpacking zlib1g:arm64 (1:1.2.11.dfsg-2) ...
Setting up lsb-base (11.1.0) ...
Setting up debian-archive-keyring (2019.1) ...
Setting up libaudit-common (1:2.8.5-3) ...
Setting up libsemanage-common (3.1-1) ...
Setting up gcc-10-base:arm64 (10.2.0-5) ...
Setting up ncurses-base (6.2-1) ...
Setting up gcc-9-base:arm64 (9.3.0-15) ...
Setting up libcrypt1:arm64 (1:4.4.17-1) ...
Setting up libgcc-s1:arm64 (10.2.0-5) ...
Setting up libc6:arm64 (2.31-2) ...
Setting up libudev1:arm64 (246.2-1) ...
Setting up libsepol1:arm64 (3.1-1) ...
Setting up libattr1:arm64 (1:2.4.48-5) ...
Setting up sysvinit-utils (2.96-4) ...
Setting up libtasn1-6:arm64 (4.16.0-2) ...
Setting up debianutils (4.9.1) ...
Setting up mawk (1.3.4.20200120-2) ...
Setting up libdebconfclient0:arm64 (0.253) ...
Setting up base-files (1:2020.3.1) ...
Setting up libbz2-1.0:arm64 (1.0.8-4) ...
Setting up base-passwd (3.5.47) ...
Setting up libdb5.3:arm64 (5.3.28+dfsg1-0.6) ...
Setting up libblkid1:arm64 (2.36-3) ...
Setting up libstdc++6:arm64 (10.2.0-5) ...
Setting up libtinfo6:arm64 (6.2-1) ...
Setting up bash (5.0-7) ...
update-alternatives: using /usr/share/man/man7/bash-builtins.7.gz to provide /usr/share/man/man7/builtins.7.gz (builtins.7.gz) in auto mode
Setting up libzstd1:arm64 (1.4.5+dfsg-4) ...
Setting up liblzma5:arm64 (5.2.4-1+b1) ...
Setting up libgpg-error0:arm64 (1.38-2) ...
Setting up liblz4-1:arm64 (1.9.2-2) ...
Setting up libc-bin (2.31-2) ...
Setting up ncurses-bin (6.2-1) ...
Setting up libffi7:arm64 (3.3-4) ...
Setting up libacl1:arm64 (2.2.53-8) ...
Setting up libunistring2:arm64 (0.9.10-4) ...
Setting up libsmartcols1:arm64 (2.36-3) ...
Setting up libgcrypt20:arm64 (1.8.6-2) ...
Setting up zlib1g:arm64 (1:1.2.11.dfsg-2) ...
Setting up libidn2-0:arm64 (2.3.0-1) ...
Setting up libcom-err2:arm64 (1.45.6-1) ...
Setting up diffutils (1:3.7-3) ...
Setting up libseccomp2:arm64 (2.4.3-1+b1) ...
Setting up libsystemd0:arm64 (246.2-1) ...
Setting up hostname (3.23) ...
Setting up libpcre3:arm64 (2:8.39-13) ...
Setting up libcap-ng0:arm64 (0.7.9-2.2) ...
Setting up libext2fs2:arm64 (1.45.6-1) ...
Setting up libnettle8:arm64 (3.6-2) ...
Setting up libapt-pkg6.0:arm64 (2.1.10) ...
Setting up libgmp10:arm64 (2:6.2.0+dfsg-6) ...
Setting up libp11-kit0:arm64 (0.23.21-2) ...
Setting up libaudit1:arm64 (1:2.8.5-3+b1) ...
Setting up libuuid1:arm64 (2.36-3) ...
Setting up libss2:arm64 (1.45.6-1) ...
Setting up libpcre2-8-0:arm64 (10.34-7) ...
Setting up logsave (1.45.6-1) ...
Setting up gpgv (2.2.20-1) ...
Setting up libhogweed6:arm64 (3.6-2) ...
Setting up bsdutils (1:2.36-3) ...
Setting up e2fsprogs (1.45.6-1) ...
Setting up libselinux1:arm64 (3.1-2) ...
Setting up libgnutls30:arm64 (3.6.14-2+b1) ...
Setting up sed (4.7-1) ...
Setting up findutils (4.7.0-1) ...
Setting up libmount1:arm64 (2.36-3) ...
Setting up libsemanage1:arm64 (3.1-1) ...
Setting up tar (1.30+dfsg-7) ...
update-alternatives: using /usr/sbin/rmt-tar to provide /usr/sbin/rmt (rmt) in auto mode
Setting up coreutils (8.30-3) ...
Setting up dpkg (1.20.5kali2) ...
Setting up grep (3.4-1) ...
Setting up perl-base (5.30.3-4) ...
Setting up init-system-helpers (1.58+kali1) ...
Setting up gzip (1.10-2) ...
Setting up debconf (1.5.74) ...
Setting up tzdata (2020a-1) ...

Current default time zone: 'Etc/UTC'
Local time is now:      Sun Sep 13 09:39:34 UTC 2020.
Universal Time is now:  Sun Sep 13 09:39:34 UTC 2020.
Run 'dpkg-reconfigure tzdata' if you wish to change it.

Setting up libpam0g:arm64 (1.3.1-5) ...
Setting up dash (0.5.10.2-7) ...
No diversion 'diversion of /bin/sh by bash', none removed.
Adding 'diversion of /bin/sh to /bin/sh.distrib by dash'
No diversion 'diversion of /usr/share/man/man1/sh.1.gz by bash', none removed.
Adding 'diversion of /usr/share/man/man1/sh.1.gz to /usr/share/man/man1/sh.distrib.1.gz by dash'
Setting up libpam-modules-bin (1.3.1-5) ...
Setting up libpam-modules:arm64 (1.3.1-5) ...
Setting up passwd (1:4.8.1-1) ...
Shadow passwords are now on.
Setting up libpam-runtime (1.3.1-5) ...
Setting up login (1:4.8.1-1) ...
Setting up adduser (3.118) ...
Setting up apt (2.1.10) ...
Setting up util-linux (2.36-3) ...
update-alternatives: using /bin/more to provide /usr/bin/pager (pager) in auto mode
Setting up mount (2.36-3) ...
Processing triggers for libc-bin (2.31-2) ...
perl: warning: Setting locale failed.
perl: warning: Please check that your locale settings:
	LANGUAGE = (unset),
	LC_ALL = (unset),
	LC_PAPER = "en_US.UTF-8",
	LC_NUMERIC = "en_US.UTF-8",
	LC_IDENTIFICATION = "en_US.UTF-8",
	LC_MEASUREMENT = "en_US.UTF-8",
	LC_NAME = "en_US.UTF-8",
	LC_TELEPHONE = "en_US.UTF-8",
	LC_ADDRESS = "en_US.UTF-8",
	LC_MONETARY = "en_US.UTF-8",
	LC_TIME = "en_US.UTF-8",
	LANG = "C"
    are supported and installed on your system.
perl: warning: Falling back to the standard locale ("C").
(Reading database ... 6521 files and directories currently installed.)
Preparing to unpack .../busybox-static_1%3a1.30.1-5_arm64.deb ...
Unpacking busybox-static (1:1.30.1-5) ...
Preparing to unpack .../ca-certificates_20200601_all.deb ...
Unpacking ca-certificates (20200601) ...
Preparing to unpack .../dmsetup_2%3a1.02.171-3_arm64.deb ...
Unpacking dmsetup (2:1.02.171-3) ...
Preparing to unpack .../libapparmor1_2.13.4-3_arm64.deb ...
Unpacking libapparmor1:arm64 (2.13.4-3) ...
Preparing to unpack .../libargon2-1_0~20171227-0.2_arm64.deb ...
Unpacking libargon2-1:arm64 (0~20171227-0.2) ...
Preparing to unpack .../libcap2_1%3a2.43-1_arm64.deb ...
Unpacking libcap2:arm64 (1:2.43-1) ...
Preparing to unpack .../libcryptsetup12_2%3a2.3.3-2_arm64.deb ...
Unpacking libcryptsetup12:arm64 (2:2.3.3-2) ...
Preparing to unpack .../libdevmapper1.02.1_2%3a1.02.171-3_arm64.deb ...
Unpacking libdevmapper1.02.1:arm64 (2:1.02.171-3) ...
Preparing to unpack .../libip4tc2_1.8.5-3_arm64.deb ...
Unpacking libip4tc2:arm64 (1.8.5-3) ...
Preparing to unpack .../libjson-c5_0.15-1_arm64.deb ...
Unpacking libjson-c5:arm64 (0.15-1) ...
Preparing to unpack .../libkmod2_27+20200310-2_arm64.deb ...
Unpacking libkmod2:arm64 (27+20200310-2) ...
Preparing to unpack .../libpsl5_0.21.0-1.1_arm64.deb ...
Unpacking libpsl5:arm64 (0.21.0-1.1) ...
Preparing to unpack .../libssl1.1_1.1.1g-1_arm64.deb ...
Unpacking libssl1.1:arm64 (1.1.1g-1) ...
Preparing to unpack .../openssl_1.1.1g-1_arm64.deb ...
Unpacking openssl (1.1.1g-1) ...
Preparing to unpack .../systemd_246.2-1_arm64.deb ...
Unpacking systemd (246.2-1) ...
Preparing to unpack .../systemd-timesyncd_246.2-1_arm64.deb ...
Unpacking systemd-timesyncd (246.2-1) ...
Preparing to unpack .../wget_1.20.3-1+b2_arm64.deb ...
Unpacking wget (1.20.3-1+b2) ...
Processing triggers for libc-bin (2.31-2) ...
Setting up libip4tc2:arm64 (1.8.5-3) ...
Setting up libapparmor1:arm64 (2.13.4-3) ...
Setting up libpsl5:arm64 (0.21.0-1.1) ...
Setting up wget (1.20.3-1+b2) ...
Setting up libssl1.1:arm64 (1.1.1g-1) ...
Setting up libargon2-1:arm64 (0~20171227-0.2) ...
Setting up libcap2:arm64 (1:2.43-1) ...
Setting up busybox-static (1:1.30.1-5) ...
Setting up openssl (1.1.1g-1) ...
Setting up libjson-c5:arm64 (0.15-1) ...
Setting up libkmod2:arm64 (27+20200310-2) ...
Setting up ca-certificates (20200601) ...
Updating certificates in /etc/ssl/certs...
126 added, 0 removed; done.
Setting up systemd-timesyncd (246.2-1) ...
Created symlink /etc/systemd/system/dbus-org.freedesktop.timesync1.service  /lib/systemd/system/systemd-timesyncd.service.
Created symlink /etc/systemd/system/sysinit.target.wants/systemd-timesyncd.service  /lib/systemd/system/systemd-timesyncd.service.
Setting up libdevmapper1.02.1:arm64 (2:1.02.171-3) ...
Setting up dmsetup (2:1.02.171-3) ...
Setting up libcryptsetup12:arm64 (2:2.3.3-2) ...
Setting up systemd (246.2-1) ...
Created symlink /etc/systemd/system/getty.target.wants/getty@tty1.service  /lib/systemd/system/getty@.service.
Created symlink /etc/systemd/system/multi-user.target.wants/remote-fs.target  /lib/systemd/system/remote-fs.target.
Created symlink /etc/systemd/system/sysinit.target.wants/systemd-pstore.service  /lib/systemd/system/systemd-pstore.service.
Initializing machine ID from random generator.
Processing triggers for libc-bin (2.31-2) ...
Processing triggers for ca-certificates (20200601) ...
Updating certificates in /etc/ssl/certs...
0 added, 0 removed; done.
Running hooks in /etc/ca-certificates/update.d...
done.
