2020-09-13 09:38:29 startup archives install
2020-09-13 09:38:29 install base-passwd:arm64 <none> 3.5.47
2020-09-13 09:38:29 status half-installed base-passwd:arm64 3.5.47
2020-09-13 09:38:29 status unpacked base-passwd:arm64 3.5.47
2020-09-13 09:38:29 configure base-passwd:arm64 3.5.47 3.5.47
2020-09-13 09:38:29 status half-configured base-passwd:arm64 3.5.47
2020-09-13 09:38:30 status installed base-passwd:arm64 3.5.47
2020-09-13 09:38:30 startup archives install
2020-09-13 09:38:31 install base-files:arm64 <none> 1:2020.3.1
2020-09-13 09:38:31 status half-installed base-files:arm64 1:2020.3.1
2020-09-13 09:38:31 status unpacked base-files:arm64 1:2020.3.1
2020-09-13 09:38:31 configure base-files:arm64 1:2020.3.1 1:2020.3.1
2020-09-13 09:38:31 status half-configured base-files:arm64 1:2020.3.1
2020-09-13 09:38:33 status installed base-files:arm64 1:2020.3.1
2020-09-13 09:38:33 startup archives install
2020-09-13 09:38:33 upgrade dpkg 1.20.5kali2 1.20.5kali2
2020-09-13 09:38:33 status half-configured dpkg 1.20.5kali2
2020-09-13 09:38:33 status unpacked dpkg 1.20.5kali2
2020-09-13 09:38:33 status half-installed dpkg 1.20.5kali2
2020-09-13 09:38:34 status unpacked dpkg:arm64 1.20.5kali2
2020-09-13 09:38:34 configure dpkg:arm64 1.20.5kali2 1.20.5kali2
2020-09-13 09:38:34 status half-configured dpkg:arm64 1.20.5kali2
2020-09-13 09:38:34 status installed dpkg:arm64 1.20.5kali2
2020-09-13 09:38:34 startup archives install
2020-09-13 09:38:34 install libc6:arm64 <none> 2.31-2
2020-09-13 09:38:34 status half-installed libc6:arm64 2.31-2
2020-09-13 09:38:36 status unpacked libc6:arm64 2.31-2
2020-09-13 09:38:36 configure libc6:arm64 2.31-2 2.31-2
2020-09-13 09:38:36 status half-configured libc6:arm64 2.31-2
2020-09-13 09:38:38 status installed libc6:arm64 2.31-2
2020-09-13 09:38:38 startup archives install
2020-09-13 09:38:38 install perl-base:arm64 <none> 5.30.3-4
2020-09-13 09:38:38 status half-installed perl-base:arm64 5.30.3-4
2020-09-13 09:38:39 status unpacked perl-base:arm64 5.30.3-4
2020-09-13 09:38:39 configure perl-base:arm64 5.30.3-4 5.30.3-4
2020-09-13 09:38:39 status half-configured perl-base:arm64 5.30.3-4
2020-09-13 09:38:39 status installed perl-base:arm64 5.30.3-4
2020-09-13 09:38:39 startup archives install
2020-09-13 09:38:39 install mawk:arm64 <none> 1.3.4.20200120-2
2020-09-13 09:38:39 status half-installed mawk:arm64 1.3.4.20200120-2
2020-09-13 09:38:40 status unpacked mawk:arm64 1.3.4.20200120-2
2020-09-13 09:38:40 configure mawk:arm64 1.3.4.20200120-2 1.3.4.20200120-2
2020-09-13 09:38:40 status half-configured mawk:arm64 1.3.4.20200120-2
2020-09-13 09:38:40 status installed mawk:arm64 1.3.4.20200120-2
2020-09-13 09:38:40 startup archives unpack
2020-09-13 09:38:40 install adduser:all <none> 3.118
2020-09-13 09:38:40 status half-installed adduser:all 3.118
2020-09-13 09:38:41 status unpacked adduser:all 3.118
2020-09-13 09:38:41 install apt:arm64 <none> 2.1.10
2020-09-13 09:38:41 status half-installed apt:arm64 2.1.10
2020-09-13 09:38:42 status unpacked apt:arm64 2.1.10
2020-09-13 09:38:42 upgrade base-files:arm64 1:2020.3.1 1:2020.3.1
2020-09-13 09:38:42 status half-configured base-files:arm64 1:2020.3.1
2020-09-13 09:38:42 status unpacked base-files:arm64 1:2020.3.1
2020-09-13 09:38:42 status half-installed base-files:arm64 1:2020.3.1
2020-09-13 09:38:42 status unpacked base-files:arm64 1:2020.3.1
2020-09-13 09:38:42 upgrade base-passwd:arm64 3.5.47 3.5.47
2020-09-13 09:38:42 status half-configured base-passwd:arm64 3.5.47
2020-09-13 09:38:42 status unpacked base-passwd:arm64 3.5.47
2020-09-13 09:38:42 status half-installed base-passwd:arm64 3.5.47
2020-09-13 09:38:42 status unpacked base-passwd:arm64 3.5.47
2020-09-13 09:38:42 install bash:arm64 <none> 5.0-7
2020-09-13 09:38:42 status half-installed bash:arm64 5.0-7
2020-09-13 09:38:43 status unpacked bash:arm64 5.0-7
2020-09-13 09:38:43 install bsdutils:arm64 <none> 1:2.36-3
2020-09-13 09:38:43 status half-installed bsdutils:arm64 1:2.36-3
2020-09-13 09:38:43 status unpacked bsdutils:arm64 1:2.36-3
2020-09-13 09:38:43 install coreutils:arm64 <none> 8.30-3
2020-09-13 09:38:43 status half-installed coreutils:arm64 8.30-3
2020-09-13 09:38:44 status unpacked coreutils:arm64 8.30-3
2020-09-13 09:38:44 install dash:arm64 <none> 0.5.10.2-7
2020-09-13 09:38:44 status half-installed dash:arm64 0.5.10.2-7
2020-09-13 09:38:45 status unpacked dash:arm64 0.5.10.2-7
2020-09-13 09:38:45 install debconf:all <none> 1.5.74
2020-09-13 09:38:45 status half-installed debconf:all 1.5.74
2020-09-13 09:38:45 status unpacked debconf:all 1.5.74
2020-09-13 09:38:45 install debian-archive-keyring:all <none> 2019.1
2020-09-13 09:38:45 status half-installed debian-archive-keyring:all 2019.1
2020-09-13 09:38:46 status unpacked debian-archive-keyring:all 2019.1
2020-09-13 09:38:46 install debianutils:arm64 <none> 4.9.1
2020-09-13 09:38:46 status half-installed debianutils:arm64 4.9.1
2020-09-13 09:38:46 status unpacked debianutils:arm64 4.9.1
2020-09-13 09:38:47 install diffutils:arm64 <none> 1:3.7-3
2020-09-13 09:38:47 status half-installed diffutils:arm64 1:3.7-3
2020-09-13 09:38:47 status unpacked diffutils:arm64 1:3.7-3
2020-09-13 09:38:47 upgrade dpkg:arm64 1.20.5kali2 1.20.5kali2
2020-09-13 09:38:47 status half-configured dpkg:arm64 1.20.5kali2
2020-09-13 09:38:47 status unpacked dpkg:arm64 1.20.5kali2
2020-09-13 09:38:47 status half-installed dpkg:arm64 1.20.5kali2
2020-09-13 09:38:48 status unpacked dpkg:arm64 1.20.5kali2
2020-09-13 09:38:48 install e2fsprogs:arm64 <none> 1.45.6-1
2020-09-13 09:38:48 status half-installed e2fsprogs:arm64 1.45.6-1
2020-09-13 09:38:48 status unpacked e2fsprogs:arm64 1.45.6-1
2020-09-13 09:38:48 install findutils:arm64 <none> 4.7.0-1
2020-09-13 09:38:48 status half-installed findutils:arm64 4.7.0-1
2020-09-13 09:38:49 status unpacked findutils:arm64 4.7.0-1
2020-09-13 09:38:49 install gcc-10-base:arm64 <none> 10.2.0-5
2020-09-13 09:38:49 status half-installed gcc-10-base:arm64 10.2.0-5
2020-09-13 09:38:49 status unpacked gcc-10-base:arm64 10.2.0-5
2020-09-13 09:38:49 install gcc-9-base:arm64 <none> 9.3.0-15
2020-09-13 09:38:49 status half-installed gcc-9-base:arm64 9.3.0-15
2020-09-13 09:38:49 status unpacked gcc-9-base:arm64 9.3.0-15
2020-09-13 09:38:49 install gpgv:arm64 <none> 2.2.20-1
2020-09-13 09:38:49 status half-installed gpgv:arm64 2.2.20-1
2020-09-13 09:38:50 status unpacked gpgv:arm64 2.2.20-1
2020-09-13 09:38:50 install grep:arm64 <none> 3.4-1
2020-09-13 09:38:50 status half-installed grep:arm64 3.4-1
2020-09-13 09:38:50 status unpacked grep:arm64 3.4-1
2020-09-13 09:38:50 install gzip:arm64 <none> 1.10-2
2020-09-13 09:38:50 status half-installed gzip:arm64 1.10-2
2020-09-13 09:38:50 status unpacked gzip:arm64 1.10-2
2020-09-13 09:38:51 install hostname:arm64 <none> 3.23
2020-09-13 09:38:51 status half-installed hostname:arm64 3.23
2020-09-13 09:38:51 status unpacked hostname:arm64 3.23
2020-09-13 09:38:51 install init-system-helpers:all <none> 1.58+kali1
2020-09-13 09:38:51 status half-installed init-system-helpers:all 1.58+kali1
2020-09-13 09:38:51 status unpacked init-system-helpers:all 1.58+kali1
2020-09-13 09:38:51 install libacl1:arm64 <none> 2.2.53-8
2020-09-13 09:38:51 status half-installed libacl1:arm64 2.2.53-8
2020-09-13 09:38:51 status unpacked libacl1:arm64 2.2.53-8
2020-09-13 09:38:51 install libapt-pkg6.0:arm64 <none> 2.1.10
2020-09-13 09:38:51 status half-installed libapt-pkg6.0:arm64 2.1.10
2020-09-13 09:38:52 status unpacked libapt-pkg6.0:arm64 2.1.10
2020-09-13 09:38:52 install libattr1:arm64 <none> 1:2.4.48-5
2020-09-13 09:38:52 status half-installed libattr1:arm64 1:2.4.48-5
2020-09-13 09:38:52 status unpacked libattr1:arm64 1:2.4.48-5
2020-09-13 09:38:52 install libaudit-common:all <none> 1:2.8.5-3
2020-09-13 09:38:52 status half-installed libaudit-common:all 1:2.8.5-3
2020-09-13 09:38:52 status unpacked libaudit-common:all 1:2.8.5-3
2020-09-13 09:38:52 install libaudit1:arm64 <none> 1:2.8.5-3+b1
2020-09-13 09:38:52 status half-installed libaudit1:arm64 1:2.8.5-3+b1
2020-09-13 09:38:53 status unpacked libaudit1:arm64 1:2.8.5-3+b1
2020-09-13 09:38:53 install libblkid1:arm64 <none> 2.36-3
2020-09-13 09:38:53 status half-installed libblkid1:arm64 2.36-3
2020-09-13 09:38:53 status unpacked libblkid1:arm64 2.36-3
2020-09-13 09:38:53 install libbz2-1.0:arm64 <none> 1.0.8-4
2020-09-13 09:38:53 status half-installed libbz2-1.0:arm64 1.0.8-4
2020-09-13 09:38:53 status unpacked libbz2-1.0:arm64 1.0.8-4
2020-09-13 09:38:53 install libc-bin:arm64 <none> 2.31-2
2020-09-13 09:38:53 status half-installed libc-bin:arm64 2.31-2
2020-09-13 09:38:54 status unpacked libc-bin:arm64 2.31-2
2020-09-13 09:38:54 upgrade libc6:arm64 2.31-2 2.31-2
2020-09-13 09:38:54 status half-configured libc6:arm64 2.31-2
2020-09-13 09:38:54 status unpacked libc6:arm64 2.31-2
2020-09-13 09:38:54 status half-installed libc6:arm64 2.31-2
2020-09-13 09:38:56 status unpacked libc6:arm64 2.31-2
2020-09-13 09:38:57 install libcap-ng0:arm64 <none> 0.7.9-2.2
2020-09-13 09:38:57 status half-installed libcap-ng0:arm64 0.7.9-2.2
2020-09-13 09:38:58 status unpacked libcap-ng0:arm64 0.7.9-2.2
2020-09-13 09:39:00 install libcom-err2:arm64 <none> 1.45.6-1
2020-09-13 09:39:00 status half-installed libcom-err2:arm64 1.45.6-1
2020-09-13 09:39:00 status unpacked libcom-err2:arm64 1.45.6-1
2020-09-13 09:39:00 install libcrypt1:arm64 <none> 1:4.4.17-1
2020-09-13 09:39:00 status half-installed libcrypt1:arm64 1:4.4.17-1
2020-09-13 09:39:00 status unpacked libcrypt1:arm64 1:4.4.17-1
2020-09-13 09:39:00 install libdb5.3:arm64 <none> 5.3.28+dfsg1-0.6
2020-09-13 09:39:00 status half-installed libdb5.3:arm64 5.3.28+dfsg1-0.6
2020-09-13 09:39:00 status unpacked libdb5.3:arm64 5.3.28+dfsg1-0.6
2020-09-13 09:39:01 install libdebconfclient0:arm64 <none> 0.253
2020-09-13 09:39:01 status half-installed libdebconfclient0:arm64 0.253
2020-09-13 09:39:01 status unpacked libdebconfclient0:arm64 0.253
2020-09-13 09:39:01 install libext2fs2:arm64 <none> 1.45.6-1
2020-09-13 09:39:01 status half-installed libext2fs2:arm64 1.45.6-1
2020-09-13 09:39:01 status unpacked libext2fs2:arm64 1.45.6-1
2020-09-13 09:39:01 install libffi7:arm64 <none> 3.3-4
2020-09-13 09:39:01 status half-installed libffi7:arm64 3.3-4
2020-09-13 09:39:01 status unpacked libffi7:arm64 3.3-4
2020-09-13 09:39:02 install libgcc-s1:arm64 <none> 10.2.0-5
2020-09-13 09:39:02 status half-installed libgcc-s1:arm64 10.2.0-5
2020-09-13 09:39:02 status unpacked libgcc-s1:arm64 10.2.0-5
2020-09-13 09:39:02 install libgcrypt20:arm64 <none> 1.8.6-2
2020-09-13 09:39:02 status half-installed libgcrypt20:arm64 1.8.6-2
2020-09-13 09:39:02 status unpacked libgcrypt20:arm64 1.8.6-2
2020-09-13 09:39:02 install libgmp10:arm64 <none> 2:6.2.0+dfsg-6
2020-09-13 09:39:02 status half-installed libgmp10:arm64 2:6.2.0+dfsg-6
2020-09-13 09:39:02 status unpacked libgmp10:arm64 2:6.2.0+dfsg-6
2020-09-13 09:39:03 install libgnutls30:arm64 <none> 3.6.14-2+b1
2020-09-13 09:39:03 status half-installed libgnutls30:arm64 3.6.14-2+b1
2020-09-13 09:39:03 status unpacked libgnutls30:arm64 3.6.14-2+b1
2020-09-13 09:39:03 install libgpg-error0:arm64 <none> 1.38-2
2020-09-13 09:39:03 status half-installed libgpg-error0:arm64 1.38-2
2020-09-13 09:39:03 status unpacked libgpg-error0:arm64 1.38-2
2020-09-13 09:39:03 install libhogweed6:arm64 <none> 3.6-2
2020-09-13 09:39:03 status half-installed libhogweed6:arm64 3.6-2
2020-09-13 09:39:04 status unpacked libhogweed6:arm64 3.6-2
2020-09-13 09:39:04 install libidn2-0:arm64 <none> 2.3.0-1
2020-09-13 09:39:04 status half-installed libidn2-0:arm64 2.3.0-1
2020-09-13 09:39:04 status unpacked libidn2-0:arm64 2.3.0-1
2020-09-13 09:39:04 install liblz4-1:arm64 <none> 1.9.2-2
2020-09-13 09:39:04 status half-installed liblz4-1:arm64 1.9.2-2
2020-09-13 09:39:04 status unpacked liblz4-1:arm64 1.9.2-2
2020-09-13 09:39:04 install liblzma5:arm64 <none> 5.2.4-1+b1
2020-09-13 09:39:04 status half-installed liblzma5:arm64 5.2.4-1+b1
2020-09-13 09:39:05 status unpacked liblzma5:arm64 5.2.4-1+b1
2020-09-13 09:39:05 install libmount1:arm64 <none> 2.36-3
2020-09-13 09:39:05 status half-installed libmount1:arm64 2.36-3
2020-09-13 09:39:05 status unpacked libmount1:arm64 2.36-3
2020-09-13 09:39:05 install libnettle8:arm64 <none> 3.6-2
2020-09-13 09:39:05 status half-installed libnettle8:arm64 3.6-2
2020-09-13 09:39:05 status unpacked libnettle8:arm64 3.6-2
2020-09-13 09:39:05 install libp11-kit0:arm64 <none> 0.23.21-2
2020-09-13 09:39:05 status half-installed libp11-kit0:arm64 0.23.21-2
2020-09-13 09:39:06 status unpacked libp11-kit0:arm64 0.23.21-2
2020-09-13 09:39:06 install libpam-modules:arm64 <none> 1.3.1-5
2020-09-13 09:39:06 status half-installed libpam-modules:arm64 1.3.1-5
2020-09-13 09:39:07 status unpacked libpam-modules:arm64 1.3.1-5
2020-09-13 09:39:07 install libpam-modules-bin:arm64 <none> 1.3.1-5
2020-09-13 09:39:07 status half-installed libpam-modules-bin:arm64 1.3.1-5
2020-09-13 09:39:07 status unpacked libpam-modules-bin:arm64 1.3.1-5
2020-09-13 09:39:07 install libpam-runtime:all <none> 1.3.1-5
2020-09-13 09:39:07 status half-installed libpam-runtime:all 1.3.1-5
2020-09-13 09:39:08 status unpacked libpam-runtime:all 1.3.1-5
2020-09-13 09:39:08 install libpam0g:arm64 <none> 1.3.1-5
2020-09-13 09:39:08 status half-installed libpam0g:arm64 1.3.1-5
2020-09-13 09:39:08 status unpacked libpam0g:arm64 1.3.1-5
2020-09-13 09:39:08 install libpcre2-8-0:arm64 <none> 10.34-7
2020-09-13 09:39:08 status half-installed libpcre2-8-0:arm64 10.34-7
2020-09-13 09:39:08 status unpacked libpcre2-8-0:arm64 10.34-7
2020-09-13 09:39:08 install libpcre3:arm64 <none> 2:8.39-13
2020-09-13 09:39:08 status half-installed libpcre3:arm64 2:8.39-13
2020-09-13 09:39:09 status unpacked libpcre3:arm64 2:8.39-13
2020-09-13 09:39:09 install libseccomp2:arm64 <none> 2.4.3-1+b1
2020-09-13 09:39:09 status half-installed libseccomp2:arm64 2.4.3-1+b1
2020-09-13 09:39:09 status unpacked libseccomp2:arm64 2.4.3-1+b1
2020-09-13 09:39:09 install libselinux1:arm64 <none> 3.1-2
2020-09-13 09:39:09 status half-installed libselinux1:arm64 3.1-2
2020-09-13 09:39:09 status unpacked libselinux1:arm64 3.1-2
2020-09-13 09:39:09 install libsemanage-common:all <none> 3.1-1
2020-09-13 09:39:09 status half-installed libsemanage-common:all 3.1-1
2020-09-13 09:39:09 status unpacked libsemanage-common:all 3.1-1
2020-09-13 09:39:10 install libsemanage1:arm64 <none> 3.1-1
2020-09-13 09:39:10 status half-installed libsemanage1:arm64 3.1-1
2020-09-13 09:39:10 status unpacked libsemanage1:arm64 3.1-1
2020-09-13 09:39:10 install libsepol1:arm64 <none> 3.1-1
2020-09-13 09:39:10 status half-installed libsepol1:arm64 3.1-1
2020-09-13 09:39:10 status unpacked libsepol1:arm64 3.1-1
2020-09-13 09:39:10 install libsmartcols1:arm64 <none> 2.36-3
2020-09-13 09:39:10 status half-installed libsmartcols1:arm64 2.36-3
2020-09-13 09:39:10 status unpacked libsmartcols1:arm64 2.36-3
2020-09-13 09:39:11 install libss2:arm64 <none> 1.45.6-1
2020-09-13 09:39:11 status half-installed libss2:arm64 1.45.6-1
2020-09-13 09:39:11 status unpacked libss2:arm64 1.45.6-1
2020-09-13 09:39:11 install libstdc++6:arm64 <none> 10.2.0-5
2020-09-13 09:39:11 status half-installed libstdc++6:arm64 10.2.0-5
2020-09-13 09:39:11 status unpacked libstdc++6:arm64 10.2.0-5
2020-09-13 09:39:11 install libsystemd0:arm64 <none> 246.2-1
2020-09-13 09:39:11 status half-installed libsystemd0:arm64 246.2-1
2020-09-13 09:39:11 status unpacked libsystemd0:arm64 246.2-1
2020-09-13 09:39:12 install libtasn1-6:arm64 <none> 4.16.0-2
2020-09-13 09:39:12 status half-installed libtasn1-6:arm64 4.16.0-2
2020-09-13 09:39:12 status unpacked libtasn1-6:arm64 4.16.0-2
2020-09-13 09:39:12 install libtinfo6:arm64 <none> 6.2-1
2020-09-13 09:39:12 status half-installed libtinfo6:arm64 6.2-1
2020-09-13 09:39:12 status unpacked libtinfo6:arm64 6.2-1
2020-09-13 09:39:12 install libudev1:arm64 <none> 246.2-1
2020-09-13 09:39:12 status half-installed libudev1:arm64 246.2-1
2020-09-13 09:39:12 status unpacked libudev1:arm64 246.2-1
2020-09-13 09:39:13 install libunistring2:arm64 <none> 0.9.10-4
2020-09-13 09:39:13 status half-installed libunistring2:arm64 0.9.10-4
2020-09-13 09:39:13 status unpacked libunistring2:arm64 0.9.10-4
2020-09-13 09:39:13 install libuuid1:arm64 <none> 2.36-3
2020-09-13 09:39:13 status half-installed libuuid1:arm64 2.36-3
2020-09-13 09:39:13 status unpacked libuuid1:arm64 2.36-3
2020-09-13 09:39:13 install libzstd1:arm64 <none> 1.4.5+dfsg-4
2020-09-13 09:39:13 status half-installed libzstd1:arm64 1.4.5+dfsg-4
2020-09-13 09:39:13 status unpacked libzstd1:arm64 1.4.5+dfsg-4
2020-09-13 09:39:14 install login:arm64 <none> 1:4.8.1-1
2020-09-13 09:39:14 status half-installed login:arm64 1:4.8.1-1
2020-09-13 09:39:14 status unpacked login:arm64 1:4.8.1-1
2020-09-13 09:39:14 install logsave:arm64 <none> 1.45.6-1
2020-09-13 09:39:14 status half-installed logsave:arm64 1.45.6-1
2020-09-13 09:39:14 status unpacked logsave:arm64 1.45.6-1
2020-09-13 09:39:14 install lsb-base:all <none> 11.1.0
2020-09-13 09:39:14 status half-installed lsb-base:all 11.1.0
2020-09-13 09:39:15 status unpacked lsb-base:all 11.1.0
2020-09-13 09:39:15 upgrade mawk:arm64 1.3.4.20200120-2 1.3.4.20200120-2
2020-09-13 09:39:15 status half-configured mawk:arm64 1.3.4.20200120-2
2020-09-13 09:39:15 status unpacked mawk:arm64 1.3.4.20200120-2
2020-09-13 09:39:15 status half-installed mawk:arm64 1.3.4.20200120-2
2020-09-13 09:39:15 status unpacked mawk:arm64 1.3.4.20200120-2
2020-09-13 09:39:15 install mount:arm64 <none> 2.36-3
2020-09-13 09:39:15 status half-installed mount:arm64 2.36-3
2020-09-13 09:39:15 status unpacked mount:arm64 2.36-3
2020-09-13 09:39:15 install ncurses-base:all <none> 6.2-1
2020-09-13 09:39:15 status half-installed ncurses-base:all 6.2-1
2020-09-13 09:39:16 status unpacked ncurses-base:all 6.2-1
2020-09-13 09:39:16 install ncurses-bin:arm64 <none> 6.2-1
2020-09-13 09:39:16 status half-installed ncurses-bin:arm64 6.2-1
2020-09-13 09:39:16 status unpacked ncurses-bin:arm64 6.2-1
2020-09-13 09:39:16 install passwd:arm64 <none> 1:4.8.1-1
2020-09-13 09:39:16 status half-installed passwd:arm64 1:4.8.1-1
2020-09-13 09:39:17 status unpacked passwd:arm64 1:4.8.1-1
2020-09-13 09:39:17 upgrade perl-base:arm64 5.30.3-4 5.30.3-4
2020-09-13 09:39:17 status half-configured perl-base:arm64 5.30.3-4
2020-09-13 09:39:17 status unpacked perl-base:arm64 5.30.3-4
2020-09-13 09:39:17 status half-installed perl-base:arm64 5.30.3-4
2020-09-13 09:39:18 status unpacked perl-base:arm64 5.30.3-4
2020-09-13 09:39:18 install sed:arm64 <none> 4.7-1
2020-09-13 09:39:18 status half-installed sed:arm64 4.7-1
2020-09-13 09:39:18 status unpacked sed:arm64 4.7-1
2020-09-13 09:39:19 install sysvinit-utils:arm64 <none> 2.96-4
2020-09-13 09:39:19 status half-installed sysvinit-utils:arm64 2.96-4
2020-09-13 09:39:19 status unpacked sysvinit-utils:arm64 2.96-4
2020-09-13 09:39:19 install tar:arm64 <none> 1.30+dfsg-7
2020-09-13 09:39:19 status half-installed tar:arm64 1.30+dfsg-7
2020-09-13 09:39:19 status unpacked tar:arm64 1.30+dfsg-7
2020-09-13 09:39:19 install tzdata:all <none> 2020a-1
2020-09-13 09:39:19 status half-installed tzdata:all 2020a-1
2020-09-13 09:39:21 status unpacked tzdata:all 2020a-1
2020-09-13 09:39:21 install util-linux:arm64 <none> 2.36-3
2020-09-13 09:39:21 status half-installed util-linux:arm64 2.36-3
2020-09-13 09:39:22 status unpacked util-linux:arm64 2.36-3
2020-09-13 09:39:22 install zlib1g:arm64 <none> 1:1.2.11.dfsg-2
2020-09-13 09:39:22 status half-installed zlib1g:arm64 1:1.2.11.dfsg-2
2020-09-13 09:39:22 status unpacked zlib1g:arm64 1:1.2.11.dfsg-2
2020-09-13 09:39:22 startup packages configure
2020-09-13 09:39:22 configure lsb-base:all 11.1.0 <none>
2020-09-13 09:39:22 status unpacked lsb-base:all 11.1.0
2020-09-13 09:39:22 status half-configured lsb-base:all 11.1.0
2020-09-13 09:39:22 status installed lsb-base:all 11.1.0
2020-09-13 09:39:22 configure debian-archive-keyring:all 2019.1 <none>
2020-09-13 09:39:22 status unpacked debian-archive-keyring:all 2019.1
2020-09-13 09:39:22 status half-configured debian-archive-keyring:all 2019.1
2020-09-13 09:39:23 status installed debian-archive-keyring:all 2019.1
2020-09-13 09:39:23 configure libaudit-common:all 1:2.8.5-3 <none>
2020-09-13 09:39:23 status unpacked libaudit-common:all 1:2.8.5-3
2020-09-13 09:39:23 status half-configured libaudit-common:all 1:2.8.5-3
2020-09-13 09:39:23 status installed libaudit-common:all 1:2.8.5-3
2020-09-13 09:39:23 configure libsemanage-common:all 3.1-1 <none>
2020-09-13 09:39:23 status unpacked libsemanage-common:all 3.1-1
2020-09-13 09:39:23 status half-configured libsemanage-common:all 3.1-1
2020-09-13 09:39:23 status installed libsemanage-common:all 3.1-1
2020-09-13 09:39:23 configure gcc-10-base:arm64 10.2.0-5 <none>
2020-09-13 09:39:23 status unpacked gcc-10-base:arm64 10.2.0-5
2020-09-13 09:39:23 status half-configured gcc-10-base:arm64 10.2.0-5
2020-09-13 09:39:23 status installed gcc-10-base:arm64 10.2.0-5
2020-09-13 09:39:23 configure ncurses-base:all 6.2-1 <none>
2020-09-13 09:39:23 status unpacked ncurses-base:all 6.2-1
2020-09-13 09:39:23 status half-configured ncurses-base:all 6.2-1
2020-09-13 09:39:23 status installed ncurses-base:all 6.2-1
2020-09-13 09:39:23 configure gcc-9-base:arm64 9.3.0-15 <none>
2020-09-13 09:39:23 status unpacked gcc-9-base:arm64 9.3.0-15
2020-09-13 09:39:23 status half-configured gcc-9-base:arm64 9.3.0-15
2020-09-13 09:39:23 status installed gcc-9-base:arm64 9.3.0-15
2020-09-13 09:39:23 configure libcrypt1:arm64 1:4.4.17-1 <none>
2020-09-13 09:39:23 status unpacked libcrypt1:arm64 1:4.4.17-1
2020-09-13 09:39:23 status half-configured libcrypt1:arm64 1:4.4.17-1
2020-09-13 09:39:23 status installed libcrypt1:arm64 1:4.4.17-1
2020-09-13 09:39:23 configure libgcc-s1:arm64 10.2.0-5 <none>
2020-09-13 09:39:23 status unpacked libgcc-s1:arm64 10.2.0-5
2020-09-13 09:39:23 status half-configured libgcc-s1:arm64 10.2.0-5
2020-09-13 09:39:23 status installed libgcc-s1:arm64 10.2.0-5
2020-09-13 09:39:23 configure libc6:arm64 2.31-2 <none>
2020-09-13 09:39:23 status unpacked libc6:arm64 2.31-2
2020-09-13 09:39:23 status half-configured libc6:arm64 2.31-2
2020-09-13 09:39:24 status installed libc6:arm64 2.31-2
2020-09-13 09:39:24 configure libudev1:arm64 246.2-1 <none>
2020-09-13 09:39:24 status unpacked libudev1:arm64 246.2-1
2020-09-13 09:39:24 status half-configured libudev1:arm64 246.2-1
2020-09-13 09:39:24 status installed libudev1:arm64 246.2-1
2020-09-13 09:39:24 configure libsepol1:arm64 3.1-1 <none>
2020-09-13 09:39:24 status unpacked libsepol1:arm64 3.1-1
2020-09-13 09:39:24 status half-configured libsepol1:arm64 3.1-1
2020-09-13 09:39:24 status installed libsepol1:arm64 3.1-1
2020-09-13 09:39:24 configure libattr1:arm64 1:2.4.48-5 <none>
2020-09-13 09:39:24 status unpacked libattr1:arm64 1:2.4.48-5
2020-09-13 09:39:25 status half-configured libattr1:arm64 1:2.4.48-5
2020-09-13 09:39:25 status installed libattr1:arm64 1:2.4.48-5
2020-09-13 09:39:25 configure sysvinit-utils:arm64 2.96-4 <none>
2020-09-13 09:39:25 status unpacked sysvinit-utils:arm64 2.96-4
2020-09-13 09:39:25 status half-configured sysvinit-utils:arm64 2.96-4
2020-09-13 09:39:25 status installed sysvinit-utils:arm64 2.96-4
2020-09-13 09:39:25 configure libtasn1-6:arm64 4.16.0-2 <none>
2020-09-13 09:39:25 status unpacked libtasn1-6:arm64 4.16.0-2
2020-09-13 09:39:25 status half-configured libtasn1-6:arm64 4.16.0-2
2020-09-13 09:39:25 status installed libtasn1-6:arm64 4.16.0-2
2020-09-13 09:39:25 configure debianutils:arm64 4.9.1 <none>
2020-09-13 09:39:25 status unpacked debianutils:arm64 4.9.1
2020-09-13 09:39:25 status half-configured debianutils:arm64 4.9.1
2020-09-13 09:39:25 status installed debianutils:arm64 4.9.1
2020-09-13 09:39:25 configure mawk:arm64 1.3.4.20200120-2 <none>
2020-09-13 09:39:25 status unpacked mawk:arm64 1.3.4.20200120-2
2020-09-13 09:39:25 status half-configured mawk:arm64 1.3.4.20200120-2
2020-09-13 09:39:25 status installed mawk:arm64 1.3.4.20200120-2
2020-09-13 09:39:25 configure libdebconfclient0:arm64 0.253 <none>
2020-09-13 09:39:25 status unpacked libdebconfclient0:arm64 0.253
2020-09-13 09:39:25 status half-configured libdebconfclient0:arm64 0.253
2020-09-13 09:39:25 status installed libdebconfclient0:arm64 0.253
2020-09-13 09:39:25 configure base-files:arm64 1:2020.3.1 <none>
2020-09-13 09:39:25 status unpacked base-files:arm64 1:2020.3.1
2020-09-13 09:39:25 status half-configured base-files:arm64 1:2020.3.1
2020-09-13 09:39:25 status installed base-files:arm64 1:2020.3.1
2020-09-13 09:39:25 configure libbz2-1.0:arm64 1.0.8-4 <none>
2020-09-13 09:39:25 status unpacked libbz2-1.0:arm64 1.0.8-4
2020-09-13 09:39:25 status half-configured libbz2-1.0:arm64 1.0.8-4
2020-09-13 09:39:25 status installed libbz2-1.0:arm64 1.0.8-4
2020-09-13 09:39:25 configure base-passwd:arm64 3.5.47 <none>
2020-09-13 09:39:25 status unpacked base-passwd:arm64 3.5.47
2020-09-13 09:39:25 status half-configured base-passwd:arm64 3.5.47
2020-09-13 09:39:26 status installed base-passwd:arm64 3.5.47
2020-09-13 09:39:26 configure libdb5.3:arm64 5.3.28+dfsg1-0.6 <none>
2020-09-13 09:39:26 status unpacked libdb5.3:arm64 5.3.28+dfsg1-0.6
2020-09-13 09:39:26 status half-configured libdb5.3:arm64 5.3.28+dfsg1-0.6
2020-09-13 09:39:26 status installed libdb5.3:arm64 5.3.28+dfsg1-0.6
2020-09-13 09:39:26 configure libblkid1:arm64 2.36-3 <none>
2020-09-13 09:39:26 status unpacked libblkid1:arm64 2.36-3
2020-09-13 09:39:26 status half-configured libblkid1:arm64 2.36-3
2020-09-13 09:39:26 status installed libblkid1:arm64 2.36-3
2020-09-13 09:39:26 configure libstdc++6:arm64 10.2.0-5 <none>
2020-09-13 09:39:26 status unpacked libstdc++6:arm64 10.2.0-5
2020-09-13 09:39:26 status half-configured libstdc++6:arm64 10.2.0-5
2020-09-13 09:39:26 status installed libstdc++6:arm64 10.2.0-5
2020-09-13 09:39:26 configure libtinfo6:arm64 6.2-1 <none>
2020-09-13 09:39:26 status unpacked libtinfo6:arm64 6.2-1
2020-09-13 09:39:26 status half-configured libtinfo6:arm64 6.2-1
2020-09-13 09:39:26 status installed libtinfo6:arm64 6.2-1
2020-09-13 09:39:26 configure bash:arm64 5.0-7 <none>
2020-09-13 09:39:26 status unpacked bash:arm64 5.0-7
2020-09-13 09:39:26 status half-configured bash:arm64 5.0-7
2020-09-13 09:39:27 status installed bash:arm64 5.0-7
2020-09-13 09:39:27 configure libzstd1:arm64 1.4.5+dfsg-4 <none>
2020-09-13 09:39:27 status unpacked libzstd1:arm64 1.4.5+dfsg-4
2020-09-13 09:39:27 status half-configured libzstd1:arm64 1.4.5+dfsg-4
2020-09-13 09:39:27 status installed libzstd1:arm64 1.4.5+dfsg-4
2020-09-13 09:39:27 configure liblzma5:arm64 5.2.4-1+b1 <none>
2020-09-13 09:39:27 status unpacked liblzma5:arm64 5.2.4-1+b1
2020-09-13 09:39:27 status half-configured liblzma5:arm64 5.2.4-1+b1
2020-09-13 09:39:27 status installed liblzma5:arm64 5.2.4-1+b1
2020-09-13 09:39:27 configure libgpg-error0:arm64 1.38-2 <none>
2020-09-13 09:39:27 status unpacked libgpg-error0:arm64 1.38-2
2020-09-13 09:39:27 status half-configured libgpg-error0:arm64 1.38-2
2020-09-13 09:39:27 status installed libgpg-error0:arm64 1.38-2
2020-09-13 09:39:27 configure liblz4-1:arm64 1.9.2-2 <none>
2020-09-13 09:39:27 status unpacked liblz4-1:arm64 1.9.2-2
2020-09-13 09:39:27 status half-configured liblz4-1:arm64 1.9.2-2
2020-09-13 09:39:27 status installed liblz4-1:arm64 1.9.2-2
2020-09-13 09:39:27 configure libc-bin:arm64 2.31-2 <none>
2020-09-13 09:39:27 status unpacked libc-bin:arm64 2.31-2
2020-09-13 09:39:27 status half-configured libc-bin:arm64 2.31-2
2020-09-13 09:39:28 status installed libc-bin:arm64 2.31-2
2020-09-13 09:39:28 configure ncurses-bin:arm64 6.2-1 <none>
2020-09-13 09:39:28 status unpacked ncurses-bin:arm64 6.2-1
2020-09-13 09:39:28 status half-configured ncurses-bin:arm64 6.2-1
2020-09-13 09:39:28 status installed ncurses-bin:arm64 6.2-1
2020-09-13 09:39:28 configure libffi7:arm64 3.3-4 <none>
2020-09-13 09:39:28 status triggers-pending libc-bin:arm64 2.31-2
2020-09-13 09:39:28 status unpacked libffi7:arm64 3.3-4
2020-09-13 09:39:28 status half-configured libffi7:arm64 3.3-4
2020-09-13 09:39:28 status installed libffi7:arm64 3.3-4
2020-09-13 09:39:28 configure libacl1:arm64 2.2.53-8 <none>
2020-09-13 09:39:28 status unpacked libacl1:arm64 2.2.53-8
2020-09-13 09:39:28 status half-configured libacl1:arm64 2.2.53-8
2020-09-13 09:39:28 status installed libacl1:arm64 2.2.53-8
2020-09-13 09:39:28 configure libunistring2:arm64 0.9.10-4 <none>
2020-09-13 09:39:28 status unpacked libunistring2:arm64 0.9.10-4
2020-09-13 09:39:28 status half-configured libunistring2:arm64 0.9.10-4
2020-09-13 09:39:28 status installed libunistring2:arm64 0.9.10-4
2020-09-13 09:39:28 configure libsmartcols1:arm64 2.36-3 <none>
2020-09-13 09:39:28 status unpacked libsmartcols1:arm64 2.36-3
2020-09-13 09:39:28 status half-configured libsmartcols1:arm64 2.36-3
2020-09-13 09:39:28 status installed libsmartcols1:arm64 2.36-3
2020-09-13 09:39:28 configure libgcrypt20:arm64 1.8.6-2 <none>
2020-09-13 09:39:28 status unpacked libgcrypt20:arm64 1.8.6-2
2020-09-13 09:39:28 status half-configured libgcrypt20:arm64 1.8.6-2
2020-09-13 09:39:28 status installed libgcrypt20:arm64 1.8.6-2
2020-09-13 09:39:28 configure zlib1g:arm64 1:1.2.11.dfsg-2 <none>
2020-09-13 09:39:28 status unpacked zlib1g:arm64 1:1.2.11.dfsg-2
2020-09-13 09:39:28 status half-configured zlib1g:arm64 1:1.2.11.dfsg-2
2020-09-13 09:39:28 status installed zlib1g:arm64 1:1.2.11.dfsg-2
2020-09-13 09:39:28 configure libidn2-0:arm64 2.3.0-1 <none>
2020-09-13 09:39:28 status unpacked libidn2-0:arm64 2.3.0-1
2020-09-13 09:39:28 status half-configured libidn2-0:arm64 2.3.0-1
2020-09-13 09:39:28 status installed libidn2-0:arm64 2.3.0-1
2020-09-13 09:39:28 configure libcom-err2:arm64 1.45.6-1 <none>
2020-09-13 09:39:28 status unpacked libcom-err2:arm64 1.45.6-1
2020-09-13 09:39:28 status half-configured libcom-err2:arm64 1.45.6-1
2020-09-13 09:39:28 status installed libcom-err2:arm64 1.45.6-1
2020-09-13 09:39:28 configure diffutils:arm64 1:3.7-3 <none>
2020-09-13 09:39:28 status unpacked diffutils:arm64 1:3.7-3
2020-09-13 09:39:28 status half-configured diffutils:arm64 1:3.7-3
2020-09-13 09:39:28 status installed diffutils:arm64 1:3.7-3
2020-09-13 09:39:28 configure libseccomp2:arm64 2.4.3-1+b1 <none>
2020-09-13 09:39:28 status unpacked libseccomp2:arm64 2.4.3-1+b1
2020-09-13 09:39:28 status half-configured libseccomp2:arm64 2.4.3-1+b1
2020-09-13 09:39:28 status installed libseccomp2:arm64 2.4.3-1+b1
2020-09-13 09:39:28 configure libsystemd0:arm64 246.2-1 <none>
2020-09-13 09:39:28 status unpacked libsystemd0:arm64 246.2-1
2020-09-13 09:39:28 status half-configured libsystemd0:arm64 246.2-1
2020-09-13 09:39:28 status installed libsystemd0:arm64 246.2-1
2020-09-13 09:39:28 configure hostname:arm64 3.23 <none>
2020-09-13 09:39:28 status unpacked hostname:arm64 3.23
2020-09-13 09:39:28 status half-configured hostname:arm64 3.23
2020-09-13 09:39:28 status installed hostname:arm64 3.23
2020-09-13 09:39:28 configure libpcre3:arm64 2:8.39-13 <none>
2020-09-13 09:39:28 status unpacked libpcre3:arm64 2:8.39-13
2020-09-13 09:39:28 status half-configured libpcre3:arm64 2:8.39-13
2020-09-13 09:39:28 status installed libpcre3:arm64 2:8.39-13
2020-09-13 09:39:28 configure libcap-ng0:arm64 0.7.9-2.2 <none>
2020-09-13 09:39:28 status unpacked libcap-ng0:arm64 0.7.9-2.2
2020-09-13 09:39:28 status half-configured libcap-ng0:arm64 0.7.9-2.2
2020-09-13 09:39:28 status installed libcap-ng0:arm64 0.7.9-2.2
2020-09-13 09:39:28 configure libext2fs2:arm64 1.45.6-1 <none>
2020-09-13 09:39:28 status unpacked libext2fs2:arm64 1.45.6-1
2020-09-13 09:39:28 status half-configured libext2fs2:arm64 1.45.6-1
2020-09-13 09:39:28 status installed libext2fs2:arm64 1.45.6-1
2020-09-13 09:39:28 configure libnettle8:arm64 3.6-2 <none>
2020-09-13 09:39:28 status unpacked libnettle8:arm64 3.6-2
2020-09-13 09:39:28 status half-configured libnettle8:arm64 3.6-2
2020-09-13 09:39:28 status installed libnettle8:arm64 3.6-2
2020-09-13 09:39:28 configure libapt-pkg6.0:arm64 2.1.10 <none>
2020-09-13 09:39:28 status unpacked libapt-pkg6.0:arm64 2.1.10
2020-09-13 09:39:28 status half-configured libapt-pkg6.0:arm64 2.1.10
2020-09-13 09:39:28 status installed libapt-pkg6.0:arm64 2.1.10
2020-09-13 09:39:28 configure libgmp10:arm64 2:6.2.0+dfsg-6 <none>
2020-09-13 09:39:28 status unpacked libgmp10:arm64 2:6.2.0+dfsg-6
2020-09-13 09:39:28 status half-configured libgmp10:arm64 2:6.2.0+dfsg-6
2020-09-13 09:39:28 status installed libgmp10:arm64 2:6.2.0+dfsg-6
2020-09-13 09:39:28 configure libp11-kit0:arm64 0.23.21-2 <none>
2020-09-13 09:39:28 status unpacked libp11-kit0:arm64 0.23.21-2
2020-09-13 09:39:28 status half-configured libp11-kit0:arm64 0.23.21-2
2020-09-13 09:39:28 status installed libp11-kit0:arm64 0.23.21-2
2020-09-13 09:39:28 configure libaudit1:arm64 1:2.8.5-3+b1 <none>
2020-09-13 09:39:28 status unpacked libaudit1:arm64 1:2.8.5-3+b1
2020-09-13 09:39:28 status half-configured libaudit1:arm64 1:2.8.5-3+b1
2020-09-13 09:39:28 status installed libaudit1:arm64 1:2.8.5-3+b1
2020-09-13 09:39:28 configure libuuid1:arm64 2.36-3 <none>
2020-09-13 09:39:28 status unpacked libuuid1:arm64 2.36-3
2020-09-13 09:39:28 status half-configured libuuid1:arm64 2.36-3
2020-09-13 09:39:28 status installed libuuid1:arm64 2.36-3
2020-09-13 09:39:28 configure libss2:arm64 1.45.6-1 <none>
2020-09-13 09:39:28 status unpacked libss2:arm64 1.45.6-1
2020-09-13 09:39:28 status half-configured libss2:arm64 1.45.6-1
2020-09-13 09:39:28 status installed libss2:arm64 1.45.6-1
2020-09-13 09:39:28 configure libpcre2-8-0:arm64 10.34-7 <none>
2020-09-13 09:39:28 status unpacked libpcre2-8-0:arm64 10.34-7
2020-09-13 09:39:28 status half-configured libpcre2-8-0:arm64 10.34-7
2020-09-13 09:39:28 status installed libpcre2-8-0:arm64 10.34-7
2020-09-13 09:39:28 configure logsave:arm64 1.45.6-1 <none>
2020-09-13 09:39:28 status unpacked logsave:arm64 1.45.6-1
2020-09-13 09:39:28 status half-configured logsave:arm64 1.45.6-1
2020-09-13 09:39:28 status installed logsave:arm64 1.45.6-1
2020-09-13 09:39:28 configure gpgv:arm64 2.2.20-1 <none>
2020-09-13 09:39:28 status unpacked gpgv:arm64 2.2.20-1
2020-09-13 09:39:28 status half-configured gpgv:arm64 2.2.20-1
2020-09-13 09:39:28 status installed gpgv:arm64 2.2.20-1
2020-09-13 09:39:28 configure libhogweed6:arm64 3.6-2 <none>
2020-09-13 09:39:28 status unpacked libhogweed6:arm64 3.6-2
2020-09-13 09:39:28 status half-configured libhogweed6:arm64 3.6-2
2020-09-13 09:39:28 status installed libhogweed6:arm64 3.6-2
2020-09-13 09:39:28 configure bsdutils:arm64 1:2.36-3 <none>
2020-09-13 09:39:28 status unpacked bsdutils:arm64 1:2.36-3
2020-09-13 09:39:28 status half-configured bsdutils:arm64 1:2.36-3
2020-09-13 09:39:28 status installed bsdutils:arm64 1:2.36-3
2020-09-13 09:39:28 configure e2fsprogs:arm64 1.45.6-1 <none>
2020-09-13 09:39:28 status unpacked e2fsprogs:arm64 1.45.6-1
2020-09-13 09:39:28 status half-configured e2fsprogs:arm64 1.45.6-1
2020-09-13 09:39:31 status installed e2fsprogs:arm64 1.45.6-1
2020-09-13 09:39:31 configure libselinux1:arm64 3.1-2 <none>
2020-09-13 09:39:31 status unpacked libselinux1:arm64 3.1-2
2020-09-13 09:39:31 status half-configured libselinux1:arm64 3.1-2
2020-09-13 09:39:31 status installed libselinux1:arm64 3.1-2
2020-09-13 09:39:31 configure libgnutls30:arm64 3.6.14-2+b1 <none>
2020-09-13 09:39:31 status unpacked libgnutls30:arm64 3.6.14-2+b1
2020-09-13 09:39:31 status half-configured libgnutls30:arm64 3.6.14-2+b1
2020-09-13 09:39:31 status installed libgnutls30:arm64 3.6.14-2+b1
2020-09-13 09:39:31 configure sed:arm64 4.7-1 <none>
2020-09-13 09:39:31 status unpacked sed:arm64 4.7-1
2020-09-13 09:39:31 status half-configured sed:arm64 4.7-1
2020-09-13 09:39:31 status installed sed:arm64 4.7-1
2020-09-13 09:39:31 configure findutils:arm64 4.7.0-1 <none>
2020-09-13 09:39:31 status unpacked findutils:arm64 4.7.0-1
2020-09-13 09:39:31 status half-configured findutils:arm64 4.7.0-1
2020-09-13 09:39:31 status installed findutils:arm64 4.7.0-1
2020-09-13 09:39:31 configure libmount1:arm64 2.36-3 <none>
2020-09-13 09:39:31 status unpacked libmount1:arm64 2.36-3
2020-09-13 09:39:31 status half-configured libmount1:arm64 2.36-3
2020-09-13 09:39:31 status installed libmount1:arm64 2.36-3
2020-09-13 09:39:31 configure libsemanage1:arm64 3.1-1 <none>
2020-09-13 09:39:31 status unpacked libsemanage1:arm64 3.1-1
2020-09-13 09:39:31 status half-configured libsemanage1:arm64 3.1-1
2020-09-13 09:39:31 status installed libsemanage1:arm64 3.1-1
2020-09-13 09:39:31 configure tar:arm64 1.30+dfsg-7 <none>
2020-09-13 09:39:31 status unpacked tar:arm64 1.30+dfsg-7
2020-09-13 09:39:31 status half-configured tar:arm64 1.30+dfsg-7
2020-09-13 09:39:31 status installed tar:arm64 1.30+dfsg-7
2020-09-13 09:39:31 configure coreutils:arm64 8.30-3 <none>
2020-09-13 09:39:31 status unpacked coreutils:arm64 8.30-3
2020-09-13 09:39:31 status half-configured coreutils:arm64 8.30-3
2020-09-13 09:39:31 status installed coreutils:arm64 8.30-3
2020-09-13 09:39:31 configure dpkg:arm64 1.20.5kali2 <none>
2020-09-13 09:39:31 status unpacked dpkg:arm64 1.20.5kali2
2020-09-13 09:39:31 status half-configured dpkg:arm64 1.20.5kali2
2020-09-13 09:39:31 status installed dpkg:arm64 1.20.5kali2
2020-09-13 09:39:31 configure grep:arm64 3.4-1 <none>
2020-09-13 09:39:31 status unpacked grep:arm64 3.4-1
2020-09-13 09:39:31 status half-configured grep:arm64 3.4-1
2020-09-13 09:39:31 status installed grep:arm64 3.4-1
2020-09-13 09:39:31 configure perl-base:arm64 5.30.3-4 <none>
2020-09-13 09:39:31 status unpacked perl-base:arm64 5.30.3-4
2020-09-13 09:39:31 status half-configured perl-base:arm64 5.30.3-4
2020-09-13 09:39:32 status installed perl-base:arm64 5.30.3-4
2020-09-13 09:39:32 configure init-system-helpers:all 1.58+kali1 <none>
2020-09-13 09:39:32 status unpacked init-system-helpers:all 1.58+kali1
2020-09-13 09:39:32 status half-configured init-system-helpers:all 1.58+kali1
2020-09-13 09:39:32 status installed init-system-helpers:all 1.58+kali1
2020-09-13 09:39:32 configure gzip:arm64 1.10-2 <none>
2020-09-13 09:39:32 status unpacked gzip:arm64 1.10-2
2020-09-13 09:39:32 status half-configured gzip:arm64 1.10-2
2020-09-13 09:39:32 status installed gzip:arm64 1.10-2
2020-09-13 09:39:32 configure debconf:all 1.5.74 <none>
2020-09-13 09:39:32 status unpacked debconf:all 1.5.74
2020-09-13 09:39:32 status half-configured debconf:all 1.5.74
2020-09-13 09:39:33 status installed debconf:all 1.5.74
2020-09-13 09:39:33 configure tzdata:all 2020a-1 <none>
2020-09-13 09:39:33 status unpacked tzdata:all 2020a-1
2020-09-13 09:39:33 status half-configured tzdata:all 2020a-1
2020-09-13 09:39:34 status installed tzdata:all 2020a-1
2020-09-13 09:39:34 configure libpam0g:arm64 1.3.1-5 <none>
2020-09-13 09:39:34 status unpacked libpam0g:arm64 1.3.1-5
2020-09-13 09:39:34 status half-configured libpam0g:arm64 1.3.1-5
2020-09-13 09:39:35 status installed libpam0g:arm64 1.3.1-5
2020-09-13 09:39:35 configure dash:arm64 0.5.10.2-7 <none>
2020-09-13 09:39:35 status unpacked dash:arm64 0.5.10.2-7
2020-09-13 09:39:35 status half-configured dash:arm64 0.5.10.2-7
2020-09-13 09:39:37 status installed dash:arm64 0.5.10.2-7
2020-09-13 09:39:37 configure libpam-modules-bin:arm64 1.3.1-5 <none>
2020-09-13 09:39:37 status unpacked libpam-modules-bin:arm64 1.3.1-5
2020-09-13 09:39:37 status half-configured libpam-modules-bin:arm64 1.3.1-5
2020-09-13 09:39:37 status installed libpam-modules-bin:arm64 1.3.1-5
2020-09-13 09:39:37 configure libpam-modules:arm64 1.3.1-5 <none>
2020-09-13 09:39:37 status unpacked libpam-modules:arm64 1.3.1-5
2020-09-13 09:39:37 status half-configured libpam-modules:arm64 1.3.1-5
2020-09-13 09:39:37 status installed libpam-modules:arm64 1.3.1-5
2020-09-13 09:39:37 configure passwd:arm64 1:4.8.1-1 <none>
2020-09-13 09:39:37 status unpacked passwd:arm64 1:4.8.1-1
2020-09-13 09:39:38 status half-configured passwd:arm64 1:4.8.1-1
2020-09-13 09:39:38 status installed passwd:arm64 1:4.8.1-1
2020-09-13 09:39:38 configure libpam-runtime:all 1.3.1-5 <none>
2020-09-13 09:39:38 status unpacked libpam-runtime:all 1.3.1-5
2020-09-13 09:39:38 status half-configured libpam-runtime:all 1.3.1-5
2020-09-13 09:39:40 status installed libpam-runtime:all 1.3.1-5
2020-09-13 09:39:40 configure login:arm64 1:4.8.1-1 <none>
2020-09-13 09:39:40 status unpacked login:arm64 1:4.8.1-1
2020-09-13 09:39:40 status half-configured login:arm64 1:4.8.1-1
2020-09-13 09:39:40 status installed login:arm64 1:4.8.1-1
2020-09-13 09:39:40 configure adduser:all 3.118 <none>
2020-09-13 09:39:40 status unpacked adduser:all 3.118
2020-09-13 09:39:40 status half-configured adduser:all 3.118
2020-09-13 09:39:41 status installed adduser:all 3.118
2020-09-13 09:39:41 configure apt:arm64 2.1.10 <none>
2020-09-13 09:39:41 status unpacked apt:arm64 2.1.10
2020-09-13 09:39:42 status half-configured apt:arm64 2.1.10
2020-09-13 09:39:48 status installed apt:arm64 2.1.10
2020-09-13 09:39:48 configure util-linux:arm64 2.36-3 <none>
2020-09-13 09:39:48 status unpacked util-linux:arm64 2.36-3
2020-09-13 09:39:48 status half-configured util-linux:arm64 2.36-3
2020-09-13 09:39:50 status installed util-linux:arm64 2.36-3
2020-09-13 09:39:50 configure mount:arm64 2.36-3 <none>
2020-09-13 09:39:50 status unpacked mount:arm64 2.36-3
2020-09-13 09:39:50 status half-configured mount:arm64 2.36-3
2020-09-13 09:39:50 status installed mount:arm64 2.36-3
2020-09-13 09:39:50 trigproc libc-bin:arm64 2.31-2 <none>
2020-09-13 09:39:50 status half-configured libc-bin:arm64 2.31-2
2020-09-13 09:39:50 status installed libc-bin:arm64 2.31-2
2020-09-13 09:39:56 startup archives unpack
2020-09-13 09:39:56 install busybox-static:arm64 <none> 1:1.30.1-5
2020-09-13 09:39:56 status half-installed busybox-static:arm64 1:1.30.1-5
2020-09-13 09:39:57 status unpacked busybox-static:arm64 1:1.30.1-5
2020-09-13 09:39:57 install ca-certificates:all <none> 20200601
2020-09-13 09:39:57 status half-installed ca-certificates:all 20200601
2020-09-13 09:39:57 status unpacked ca-certificates:all 20200601
2020-09-13 09:39:58 install dmsetup:arm64 <none> 2:1.02.171-3
2020-09-13 09:39:58 status half-installed dmsetup:arm64 2:1.02.171-3
2020-09-13 09:39:58 status unpacked dmsetup:arm64 2:1.02.171-3
2020-09-13 09:39:58 install libapparmor1:arm64 <none> 2.13.4-3
2020-09-13 09:39:58 status triggers-pending libc-bin:arm64 2.31-2
2020-09-13 09:39:58 status half-installed libapparmor1:arm64 2.13.4-3
2020-09-13 09:39:58 status unpacked libapparmor1:arm64 2.13.4-3
2020-09-13 09:39:58 install libargon2-1:arm64 <none> 0~20171227-0.2
2020-09-13 09:39:58 status half-installed libargon2-1:arm64 0~20171227-0.2
2020-09-13 09:39:58 status unpacked libargon2-1:arm64 0~20171227-0.2
2020-09-13 09:39:58 install libcap2:arm64 <none> 1:2.43-1
2020-09-13 09:39:58 status half-installed libcap2:arm64 1:2.43-1
2020-09-13 09:39:58 status unpacked libcap2:arm64 1:2.43-1
2020-09-13 09:39:59 install libcryptsetup12:arm64 <none> 2:2.3.3-2
2020-09-13 09:39:59 status half-installed libcryptsetup12:arm64 2:2.3.3-2
2020-09-13 09:39:59 status unpacked libcryptsetup12:arm64 2:2.3.3-2
2020-09-13 09:39:59 install libdevmapper1.02.1:arm64 <none> 2:1.02.171-3
2020-09-13 09:39:59 status half-installed libdevmapper1.02.1:arm64 2:1.02.171-3
2020-09-13 09:39:59 status unpacked libdevmapper1.02.1:arm64 2:1.02.171-3
2020-09-13 09:39:59 install libip4tc2:arm64 <none> 1.8.5-3
2020-09-13 09:39:59 status half-installed libip4tc2:arm64 1.8.5-3
2020-09-13 09:39:59 status unpacked libip4tc2:arm64 1.8.5-3
2020-09-13 09:40:00 install libjson-c5:arm64 <none> 0.15-1
2020-09-13 09:40:00 status half-installed libjson-c5:arm64 0.15-1
2020-09-13 09:40:00 status unpacked libjson-c5:arm64 0.15-1
2020-09-13 09:40:00 install libkmod2:arm64 <none> 27+20200310-2
2020-09-13 09:40:00 status half-installed libkmod2:arm64 27+20200310-2
2020-09-13 09:40:00 status unpacked libkmod2:arm64 27+20200310-2
2020-09-13 09:40:00 install libpsl5:arm64 <none> 0.21.0-1.1
2020-09-13 09:40:00 status half-installed libpsl5:arm64 0.21.0-1.1
2020-09-13 09:40:00 status unpacked libpsl5:arm64 0.21.0-1.1
2020-09-13 09:40:00 install libssl1.1:arm64 <none> 1.1.1g-1
2020-09-13 09:40:00 status half-installed libssl1.1:arm64 1.1.1g-1
2020-09-13 09:40:01 status unpacked libssl1.1:arm64 1.1.1g-1
2020-09-13 09:40:01 install openssl:arm64 <none> 1.1.1g-1
2020-09-13 09:40:01 status half-installed openssl:arm64 1.1.1g-1
2020-09-13 09:40:01 status unpacked openssl:arm64 1.1.1g-1
2020-09-13 09:40:01 install systemd:arm64 <none> 246.2-1
2020-09-13 09:40:01 status half-installed systemd:arm64 246.2-1
2020-09-13 09:40:04 status unpacked systemd:arm64 246.2-1
2020-09-13 09:40:04 install systemd-timesyncd:arm64 <none> 246.2-1
2020-09-13 09:40:04 status half-installed systemd-timesyncd:arm64 246.2-1
2020-09-13 09:40:05 status unpacked systemd-timesyncd:arm64 246.2-1
2020-09-13 09:40:05 install wget:arm64 <none> 1.20.3-1+b2
2020-09-13 09:40:05 status half-installed wget:arm64 1.20.3-1+b2
2020-09-13 09:40:05 status unpacked wget:arm64 1.20.3-1+b2
2020-09-13 09:40:05 trigproc libc-bin:arm64 2.31-2 <none>
2020-09-13 09:40:05 status half-configured libc-bin:arm64 2.31-2
2020-09-13 09:40:05 status installed libc-bin:arm64 2.31-2
2020-09-13 09:40:05 startup packages configure
2020-09-13 09:40:05 configure libip4tc2:arm64 1.8.5-3 <none>
2020-09-13 09:40:05 status triggers-pending libc-bin:arm64 2.31-2
2020-09-13 09:40:05 status unpacked libip4tc2:arm64 1.8.5-3
2020-09-13 09:40:05 status half-configured libip4tc2:arm64 1.8.5-3
2020-09-13 09:40:05 status installed libip4tc2:arm64 1.8.5-3
2020-09-13 09:40:05 configure libapparmor1:arm64 2.13.4-3 <none>
2020-09-13 09:40:05 status unpacked libapparmor1:arm64 2.13.4-3
2020-09-13 09:40:05 status half-configured libapparmor1:arm64 2.13.4-3
2020-09-13 09:40:05 status installed libapparmor1:arm64 2.13.4-3
2020-09-13 09:40:05 configure libpsl5:arm64 0.21.0-1.1 <none>
2020-09-13 09:40:05 status unpacked libpsl5:arm64 0.21.0-1.1
2020-09-13 09:40:05 status half-configured libpsl5:arm64 0.21.0-1.1
2020-09-13 09:40:05 status installed libpsl5:arm64 0.21.0-1.1
2020-09-13 09:40:05 configure wget:arm64 1.20.3-1+b2 <none>
2020-09-13 09:40:05 status unpacked wget:arm64 1.20.3-1+b2
2020-09-13 09:40:05 status half-configured wget:arm64 1.20.3-1+b2
2020-09-13 09:40:05 status installed wget:arm64 1.20.3-1+b2
2020-09-13 09:40:05 configure libssl1.1:arm64 1.1.1g-1 <none>
2020-09-13 09:40:05 status unpacked libssl1.1:arm64 1.1.1g-1
2020-09-13 09:40:05 status half-configured libssl1.1:arm64 1.1.1g-1
2020-09-13 09:40:06 status installed libssl1.1:arm64 1.1.1g-1
2020-09-13 09:40:06 configure libargon2-1:arm64 0~20171227-0.2 <none>
2020-09-13 09:40:06 status unpacked libargon2-1:arm64 0~20171227-0.2
2020-09-13 09:40:06 status half-configured libargon2-1:arm64 0~20171227-0.2
2020-09-13 09:40:06 status installed libargon2-1:arm64 0~20171227-0.2
2020-09-13 09:40:06 configure libcap2:arm64 1:2.43-1 <none>
2020-09-13 09:40:06 status unpacked libcap2:arm64 1:2.43-1
2020-09-13 09:40:06 status half-configured libcap2:arm64 1:2.43-1
2020-09-13 09:40:06 status installed libcap2:arm64 1:2.43-1
2020-09-13 09:40:06 configure busybox-static:arm64 1:1.30.1-5 <none>
2020-09-13 09:40:06 status unpacked busybox-static:arm64 1:1.30.1-5
2020-09-13 09:40:06 status half-configured busybox-static:arm64 1:1.30.1-5
2020-09-13 09:40:06 status installed busybox-static:arm64 1:1.30.1-5
2020-09-13 09:40:06 configure openssl:arm64 1.1.1g-1 <none>
2020-09-13 09:40:06 status unpacked openssl:arm64 1.1.1g-1
2020-09-13 09:40:06 status half-configured openssl:arm64 1.1.1g-1
2020-09-13 09:40:06 status installed openssl:arm64 1.1.1g-1
2020-09-13 09:40:06 configure libjson-c5:arm64 0.15-1 <none>
2020-09-13 09:40:06 status unpacked libjson-c5:arm64 0.15-1
2020-09-13 09:40:06 status half-configured libjson-c5:arm64 0.15-1
2020-09-13 09:40:06 status installed libjson-c5:arm64 0.15-1
2020-09-13 09:40:06 configure libkmod2:arm64 27+20200310-2 <none>
2020-09-13 09:40:06 status unpacked libkmod2:arm64 27+20200310-2
2020-09-13 09:40:06 status half-configured libkmod2:arm64 27+20200310-2
2020-09-13 09:40:06 status installed libkmod2:arm64 27+20200310-2
2020-09-13 09:40:06 configure ca-certificates:all 20200601 <none>
2020-09-13 09:40:06 status unpacked ca-certificates:all 20200601
2020-09-13 09:40:06 status half-configured ca-certificates:all 20200601
2020-09-13 09:40:41 status installed ca-certificates:all 20200601
2020-09-13 09:40:41 status triggers-pending ca-certificates:all 20200601
2020-09-13 09:40:41 configure systemd-timesyncd:arm64 246.2-1 <none>
2020-09-13 09:40:41 status unpacked systemd-timesyncd:arm64 246.2-1
2020-09-13 09:40:41 status half-configured systemd-timesyncd:arm64 246.2-1
2020-09-13 09:40:44 status installed systemd-timesyncd:arm64 246.2-1
2020-09-13 09:40:44 configure libdevmapper1.02.1:arm64 2:1.02.171-3 <none>
2020-09-13 09:40:44 status unpacked libdevmapper1.02.1:arm64 2:1.02.171-3
2020-09-13 09:40:44 status half-configured libdevmapper1.02.1:arm64 2:1.02.171-3
2020-09-13 09:40:44 status installed libdevmapper1.02.1:arm64 2:1.02.171-3
2020-09-13 09:40:44 configure dmsetup:arm64 2:1.02.171-3 <none>
2020-09-13 09:40:44 status unpacked dmsetup:arm64 2:1.02.171-3
2020-09-13 09:40:44 status half-configured dmsetup:arm64 2:1.02.171-3
2020-09-13 09:40:44 status installed dmsetup:arm64 2:1.02.171-3
2020-09-13 09:40:44 configure libcryptsetup12:arm64 2:2.3.3-2 <none>
2020-09-13 09:40:44 status unpacked libcryptsetup12:arm64 2:2.3.3-2
2020-09-13 09:40:44 status half-configured libcryptsetup12:arm64 2:2.3.3-2
2020-09-13 09:40:44 status installed libcryptsetup12:arm64 2:2.3.3-2
2020-09-13 09:40:44 configure systemd:arm64 246.2-1 <none>
2020-09-13 09:40:44 status unpacked systemd:arm64 246.2-1
2020-09-13 09:40:44 status half-configured systemd:arm64 246.2-1
2020-09-13 09:40:49 status installed systemd:arm64 246.2-1
2020-09-13 09:40:49 trigproc libc-bin:arm64 2.31-2 <none>
2020-09-13 09:40:49 status half-configured libc-bin:arm64 2.31-2
2020-09-13 09:40:49 status installed libc-bin:arm64 2.31-2
2020-09-13 09:40:49 trigproc ca-certificates:all 20200601 <none>
2020-09-13 09:40:49 status half-configured ca-certificates:all 20200601
2020-09-13 09:41:08 status installed ca-certificates:all 20200601
2020-09-13 09:42:07 startup archives unpack
2020-09-13 09:42:07 install systemd-sysv:arm64 <none> 246.2-1
2020-09-13 09:42:07 status half-installed systemd-sysv:arm64 246.2-1
2020-09-13 09:42:07 status unpacked systemd-sysv:arm64 246.2-1
2020-09-13 09:42:07 install libdbus-1-3:arm64 <none> 1.12.20-1
2020-09-13 09:42:07 status triggers-pending libc-bin:arm64 2.31-2
2020-09-13 09:42:07 status half-installed libdbus-1-3:arm64 1.12.20-1
2020-09-13 09:42:08 status unpacked libdbus-1-3:arm64 1.12.20-1
2020-09-13 09:42:08 install libexpat1:arm64 <none> 2.2.9-1
2020-09-13 09:42:08 status half-installed libexpat1:arm64 2.2.9-1
2020-09-13 09:42:08 status unpacked libexpat1:arm64 2.2.9-1
2020-09-13 09:42:08 install dbus:arm64 <none> 1.12.20-1
2020-09-13 09:42:08 status half-installed dbus:arm64 1.12.20-1
2020-09-13 09:42:09 status triggers-pending systemd:arm64 246.2-1
2020-09-13 09:42:09 status unpacked dbus:arm64 1.12.20-1
2020-09-13 09:42:09 install libfuse2:arm64 <none> 2.9.9-3
2020-09-13 09:42:09 status half-installed libfuse2:arm64 2.9.9-3
2020-09-13 09:42:09 status unpacked libfuse2:arm64 2.9.9-3
2020-09-13 09:42:09 install fuse:arm64 <none> 2.9.9-3
2020-09-13 09:42:09 status half-installed fuse:arm64 2.9.9-3
2020-09-13 09:42:09 status unpacked fuse:arm64 2.9.9-3
2020-09-13 09:42:09 install libntfs-3g883:arm64 <none> 1:2017.3.23AR.3-3
2020-09-13 09:42:09 status half-installed libntfs-3g883:arm64 1:2017.3.23AR.3-3
2020-09-13 09:42:10 status unpacked libntfs-3g883:arm64 1:2017.3.23AR.3-3
2020-09-13 09:42:10 startup packages configure
2020-09-13 09:42:10 configure libfuse2:arm64 2.9.9-3 <none>
2020-09-13 09:42:10 status unpacked libfuse2:arm64 2.9.9-3
2020-09-13 09:42:10 status half-configured libfuse2:arm64 2.9.9-3
2020-09-13 09:42:10 status installed libfuse2:arm64 2.9.9-3
2020-09-13 09:42:10 configure fuse:arm64 2.9.9-3 <none>
2020-09-13 09:42:10 status unpacked fuse:arm64 2.9.9-3
2020-09-13 09:42:10 status half-configured fuse:arm64 2.9.9-3
2020-09-13 09:42:10 status installed fuse:arm64 2.9.9-3
2020-09-13 09:42:11 startup archives unpack
2020-09-13 09:42:11 install ntfs-3g:arm64 <none> 1:2017.3.23AR.3-3
2020-09-13 09:42:11 status half-installed ntfs-3g:arm64 1:2017.3.23AR.3-3
2020-09-13 09:42:11 status unpacked ntfs-3g:arm64 1:2017.3.23AR.3-3
2020-09-13 09:42:11 install libfdisk1:arm64 <none> 2.36-3
2020-09-13 09:42:11 status half-installed libfdisk1:arm64 2.36-3
2020-09-13 09:42:12 status unpacked libfdisk1:arm64 2.36-3
2020-09-13 09:42:12 install libncursesw6:arm64 <none> 6.2-1
2020-09-13 09:42:12 status half-installed libncursesw6:arm64 6.2-1
2020-09-13 09:42:12 status unpacked libncursesw6:arm64 6.2-1
2020-09-13 09:42:12 install fdisk:arm64 <none> 2.36-3
2020-09-13 09:42:12 status half-installed fdisk:arm64 2.36-3
2020-09-13 09:42:12 status unpacked fdisk:arm64 2.36-3
2020-09-13 09:42:12 install readline-common:all <none> 8.0-4
2020-09-13 09:42:12 status half-installed readline-common:all 8.0-4
2020-09-13 09:42:12 status unpacked readline-common:all 8.0-4
2020-09-13 09:42:13 install libreadline8:arm64 <none> 8.0-4
2020-09-13 09:42:13 status half-installed libreadline8:arm64 8.0-4
2020-09-13 09:42:13 status unpacked libreadline8:arm64 8.0-4
2020-09-13 09:42:13 install sensible-utils:all <none> 0.0.12+nmu1
2020-09-13 09:42:13 status half-installed sensible-utils:all 0.0.12+nmu1
2020-09-13 09:42:13 status unpacked sensible-utils:all 0.0.12+nmu1
2020-09-13 09:42:13 install udev:arm64 <none> 246.2-1
2020-09-13 09:42:13 status half-installed udev:arm64 246.2-1
2020-09-13 09:42:14 status unpacked udev:arm64 246.2-1
2020-09-13 09:42:14 install libuchardet0:arm64 <none> 0.0.7-1
2020-09-13 09:42:14 status half-installed libuchardet0:arm64 0.0.7-1
2020-09-13 09:42:15 status unpacked libuchardet0:arm64 0.0.7-1
2020-09-13 09:42:15 install groff-base:arm64 <none> 1.22.4-5
2020-09-13 09:42:15 status half-installed groff-base:arm64 1.22.4-5
2020-09-13 09:42:15 status unpacked groff-base:arm64 1.22.4-5
2020-09-13 09:42:15 install libnss-systemd:arm64 <none> 246.2-1
2020-09-13 09:42:15 status half-installed libnss-systemd:arm64 246.2-1
2020-09-13 09:42:15 status unpacked libnss-systemd:arm64 246.2-1
2020-09-13 09:42:16 install libpam-systemd:arm64 <none> 246.2-1
2020-09-13 09:42:16 status half-installed libpam-systemd:arm64 246.2-1
2020-09-13 09:42:16 status unpacked libpam-systemd:arm64 246.2-1
2020-09-13 09:42:16 install lsof:arm64 <none> 4.93.2+dfsg-1
2020-09-13 09:42:16 status half-installed lsof:arm64 4.93.2+dfsg-1
2020-09-13 09:42:16 status unpacked lsof:arm64 4.93.2+dfsg-1
2020-09-13 09:42:16 install ucf:all <none> 3.0043
2020-09-13 09:42:16 status half-installed ucf:all 3.0043
2020-09-13 09:42:17 status unpacked ucf:all 3.0043
2020-09-13 09:42:17 install dbus-user-session:arm64 <none> 1.12.20-1
2020-09-13 09:42:17 status half-installed dbus-user-session:arm64 1.12.20-1
2020-09-13 09:42:17 status unpacked dbus-user-session:arm64 1.12.20-1
2020-09-13 09:42:17 install libglib2.0-0:arm64 <none> 2.64.4-1
2020-09-13 09:42:17 status half-installed libglib2.0-0:arm64 2.64.4-1
2020-09-13 09:42:17 status unpacked libglib2.0-0:arm64 2.64.4-1
2020-09-13 09:42:18 install libdconf1:arm64 <none> 0.36.0-1
2020-09-13 09:42:18 status half-installed libdconf1:arm64 0.36.0-1
2020-09-13 09:42:18 status unpacked libdconf1:arm64 0.36.0-1
2020-09-13 09:42:18 install dconf-service:arm64 <none> 0.36.0-1
2020-09-13 09:42:18 status half-installed dconf-service:arm64 0.36.0-1
2020-09-13 09:42:18 status unpacked dconf-service:arm64 0.36.0-1
2020-09-13 09:42:18 install dconf-gsettings-backend:arm64 <none> 0.36.0-1
2020-09-13 09:42:18 status half-installed dconf-gsettings-backend:arm64 0.36.0-1
2020-09-13 09:42:18 status unpacked dconf-gsettings-backend:arm64 0.36.0-1
2020-09-13 09:42:18 install desktop-file-utils:arm64 <none> 0.26-1
2020-09-13 09:42:18 status half-installed desktop-file-utils:arm64 0.26-1
2020-09-13 09:42:19 status unpacked desktop-file-utils:arm64 0.26-1
2020-09-13 09:42:19 install libassuan0:arm64 <none> 2.5.3-7.1
2020-09-13 09:42:19 status half-installed libassuan0:arm64 2.5.3-7.1
2020-09-13 09:42:19 status unpacked libassuan0:arm64 2.5.3-7.1
2020-09-13 09:42:19 install gpgconf:arm64 <none> 2.2.20-1
2020-09-13 09:42:19 status half-installed gpgconf:arm64 2.2.20-1
2020-09-13 09:42:19 status unpacked gpgconf:arm64 2.2.20-1
2020-09-13 09:42:19 install libksba8:arm64 <none> 1.4.0-2
2020-09-13 09:42:19 status half-installed libksba8:arm64 1.4.0-2
2020-09-13 09:42:19 status unpacked libksba8:arm64 1.4.0-2
2020-09-13 09:42:20 install libsasl2-modules-db:arm64 <none> 2.1.27+dfsg-2
2020-09-13 09:42:20 status half-installed libsasl2-modules-db:arm64 2.1.27+dfsg-2
2020-09-13 09:42:20 status unpacked libsasl2-modules-db:arm64 2.1.27+dfsg-2
2020-09-13 09:42:20 install libsasl2-2:arm64 <none> 2.1.27+dfsg-2
2020-09-13 09:42:20 status half-installed libsasl2-2:arm64 2.1.27+dfsg-2
2020-09-13 09:42:20 status unpacked libsasl2-2:arm64 2.1.27+dfsg-2
2020-09-13 09:42:20 install libldap-2.4-2:arm64 <none> 2.4.51+dfsg-1
2020-09-13 09:42:20 status half-installed libldap-2.4-2:arm64 2.4.51+dfsg-1
2020-09-13 09:42:20 status unpacked libldap-2.4-2:arm64 2.4.51+dfsg-1
2020-09-13 09:42:21 install libnpth0:arm64 <none> 1.6-2
2020-09-13 09:42:21 status half-installed libnpth0:arm64 1.6-2
2020-09-13 09:42:21 status unpacked libnpth0:arm64 1.6-2
2020-09-13 09:42:21 install dirmngr:arm64 <none> 2.2.20-1
2020-09-13 09:42:21 status half-installed dirmngr:arm64 2.2.20-1
2020-09-13 09:42:22 status unpacked dirmngr:arm64 2.2.20-1
2020-09-13 09:42:22 install dosfstools:arm64 <none> 4.1-2
2020-09-13 09:42:22 status half-installed dosfstools:arm64 4.1-2
2020-09-13 09:42:22 status unpacked dosfstools:arm64 4.1-2
2020-09-13 09:42:22 install eject:arm64 <none> 2.36-3
2020-09-13 09:42:22 status half-installed eject:arm64 2.36-3
2020-09-13 09:42:22 status unpacked eject:arm64 2.36-3
2020-09-13 09:42:22 install exfat-fuse:arm64 <none> 1.3.0-2
2020-09-13 09:42:22 status half-installed exfat-fuse:arm64 1.3.0-2
2020-09-13 09:42:23 status unpacked exfat-fuse:arm64 1.3.0-2
2020-09-13 09:42:23 install exfat-utils:arm64 <none> 1.3.0-2
2020-09-13 09:42:23 status half-installed exfat-utils:arm64 1.3.0-2
2020-09-13 09:42:23 status unpacked exfat-utils:arm64 1.3.0-2
2020-09-13 09:42:23 install fonts-dejavu-core:all <none> 2.37-2
2020-09-13 09:42:23 status half-installed fonts-dejavu-core:all 2.37-2
2020-09-13 09:42:23 status unpacked fonts-dejavu-core:all 2.37-2
2020-09-13 09:42:24 install fontconfig-config:all <none> 2.13.1-4.2
2020-09-13 09:42:24 status half-installed fontconfig-config:all 2.13.1-4.2
2020-09-13 09:42:28 status unpacked fontconfig-config:all 2.13.1-4.2
2020-09-13 09:42:28 install libpopt0:arm64 <none> 1.18-1
2020-09-13 09:42:28 status half-installed libpopt0:arm64 1.18-1
2020-09-13 09:42:28 status unpacked libpopt0:arm64 1.18-1
2020-09-13 09:42:28 install gdisk:arm64 <none> 1.0.5-1
2020-09-13 09:42:28 status half-installed gdisk:arm64 1.0.5-1
2020-09-13 09:42:29 status unpacked gdisk:arm64 1.0.5-1
2020-09-13 09:42:29 install gnupg-l10n:all <none> 2.2.20-1
2020-09-13 09:42:29 status half-installed gnupg-l10n:all 2.2.20-1
2020-09-13 09:42:29 status unpacked gnupg-l10n:all 2.2.20-1
2020-09-13 09:42:29 install gnupg-utils:arm64 <none> 2.2.20-1
2020-09-13 09:42:29 status half-installed gnupg-utils:arm64 2.2.20-1
2020-09-13 09:42:29 status unpacked gnupg-utils:arm64 2.2.20-1
2020-09-13 09:42:30 install libsqlite3-0:arm64 <none> 3.33.0-1
2020-09-13 09:42:30 status half-installed libsqlite3-0:arm64 3.33.0-1
2020-09-13 09:42:30 status unpacked libsqlite3-0:arm64 3.33.0-1
2020-09-13 09:42:30 install gpg:arm64 <none> 2.2.20-1
2020-09-13 09:42:30 status half-installed gpg:arm64 2.2.20-1
2020-09-13 09:42:30 status unpacked gpg:arm64 2.2.20-1
2020-09-13 09:42:30 install pinentry-curses:arm64 <none> 1.1.0-4
2020-09-13 09:42:30 status half-installed pinentry-curses:arm64 1.1.0-4
2020-09-13 09:42:31 status unpacked pinentry-curses:arm64 1.1.0-4
2020-09-13 09:42:31 install gpg-agent:arm64 <none> 2.2.20-1
2020-09-13 09:42:31 status half-installed gpg-agent:arm64 2.2.20-1
2020-09-13 09:42:31 status unpacked gpg-agent:arm64 2.2.20-1
2020-09-13 09:42:31 install gpg-wks-client:arm64 <none> 2.2.20-1
2020-09-13 09:42:31 status half-installed gpg-wks-client:arm64 2.2.20-1
2020-09-13 09:42:31 status unpacked gpg-wks-client:arm64 2.2.20-1
2020-09-13 09:42:32 install gpg-wks-server:arm64 <none> 2.2.20-1
2020-09-13 09:42:32 status half-installed gpg-wks-server:arm64 2.2.20-1
2020-09-13 09:42:32 status unpacked gpg-wks-server:arm64 2.2.20-1
2020-09-13 09:42:32 install gpgsm:arm64 <none> 2.2.20-1
2020-09-13 09:42:32 status half-installed gpgsm:arm64 2.2.20-1
2020-09-13 09:42:32 status unpacked gpgsm:arm64 2.2.20-1
2020-09-13 09:42:32 install gnupg:all <none> 2.2.20-1
2020-09-13 09:42:32 status half-installed gnupg:all 2.2.20-1
2020-09-13 09:42:32 status unpacked gnupg:all 2.2.20-1
2020-09-13 09:42:33 install gsettings-desktop-schemas:all <none> 3.36.1-1
2020-09-13 09:42:33 status half-installed gsettings-desktop-schemas:all 3.36.1-1
2020-09-13 09:42:33 status unpacked gsettings-desktop-schemas:all 3.36.1-1
2020-09-13 09:42:33 install gvfs-common:all <none> 1.44.1-1
2020-09-13 09:42:33 status half-installed gvfs-common:all 1.44.1-1
2020-09-13 09:42:34 status unpacked gvfs-common:all 1.44.1-1
2020-09-13 09:42:34 install libgck-1-0:arm64 <none> 3.36.0-2
2020-09-13 09:42:34 status half-installed libgck-1-0:arm64 3.36.0-2
2020-09-13 09:42:34 status unpacked libgck-1-0:arm64 3.36.0-2
2020-09-13 09:42:34 install libgcr-base-3-1:arm64 <none> 3.36.0-2
2020-09-13 09:42:34 status half-installed libgcr-base-3-1:arm64 3.36.0-2
2020-09-13 09:42:35 status unpacked libgcr-base-3-1:arm64 3.36.0-2
2020-09-13 09:42:35 install libsecret-common:all <none> 0.20.3-1
2020-09-13 09:42:35 status half-installed libsecret-common:all 0.20.3-1
2020-09-13 09:42:35 status unpacked libsecret-common:all 0.20.3-1
2020-09-13 09:42:35 install libsecret-1-0:arm64 <none> 0.20.3-1
2020-09-13 09:42:35 status half-installed libsecret-1-0:arm64 0.20.3-1
2020-09-13 09:42:35 status unpacked libsecret-1-0:arm64 0.20.3-1
2020-09-13 09:42:35 install gvfs-libs:arm64 <none> 1.44.1-1+b1
2020-09-13 09:42:35 status half-installed gvfs-libs:arm64 1.44.1-1+b1
2020-09-13 09:42:36 status unpacked gvfs-libs:arm64 1.44.1-1+b1
2020-09-13 09:42:36 install libblockdev-part-err2:arm64 <none> 2.24-2
2020-09-13 09:42:36 status half-installed libblockdev-part-err2:arm64 2.24-2
2020-09-13 09:42:36 status unpacked libblockdev-part-err2:arm64 2.24-2
2020-09-13 09:42:36 install libblockdev-utils2:arm64 <none> 2.24-2
2020-09-13 09:42:36 status half-installed libblockdev-utils2:arm64 2.24-2
2020-09-13 09:42:36 status unpacked libblockdev-utils2:arm64 2.24-2
2020-09-13 09:42:36 install libparted2:arm64 <none> 3.3-4
2020-09-13 09:42:36 status half-installed libparted2:arm64 3.3-4
2020-09-13 09:42:36 status unpacked libparted2:arm64 3.3-4
2020-09-13 09:42:37 install libparted-fs-resize0:arm64 <none> 3.3-4
2020-09-13 09:42:37 status half-installed libparted-fs-resize0:arm64 3.3-4
2020-09-13 09:42:37 status unpacked libparted-fs-resize0:arm64 3.3-4
2020-09-13 09:42:37 install libblockdev-fs2:arm64 <none> 2.24-2
2020-09-13 09:42:37 status half-installed libblockdev-fs2:arm64 2.24-2
2020-09-13 09:42:37 status unpacked libblockdev-fs2:arm64 2.24-2
2020-09-13 09:42:37 install libblockdev-loop2:arm64 <none> 2.24-2
2020-09-13 09:42:37 status half-installed libblockdev-loop2:arm64 2.24-2
2020-09-13 09:42:37 status unpacked libblockdev-loop2:arm64 2.24-2
2020-09-13 09:42:37 install libblockdev-part2:arm64 <none> 2.24-2
2020-09-13 09:42:37 status half-installed libblockdev-part2:arm64 2.24-2
2020-09-13 09:42:38 status unpacked libblockdev-part2:arm64 2.24-2
2020-09-13 09:42:38 install libblockdev-swap2:arm64 <none> 2.24-2
2020-09-13 09:42:38 status half-installed libblockdev-swap2:arm64 2.24-2
2020-09-13 09:42:38 status unpacked libblockdev-swap2:arm64 2.24-2
2020-09-13 09:42:38 install parted:arm64 <none> 3.3-4
2020-09-13 09:42:38 status half-installed parted:arm64 3.3-4
2020-09-13 09:42:38 status unpacked parted:arm64 3.3-4
2020-09-13 09:42:38 install libatasmart4:arm64 <none> 0.19-5
2020-09-13 09:42:38 status half-installed libatasmart4:arm64 0.19-5
2020-09-13 09:42:38 status unpacked libatasmart4:arm64 0.19-5
2020-09-13 09:42:39 install libblockdev2:arm64 <none> 2.24-2
2020-09-13 09:42:39 status half-installed libblockdev2:arm64 2.24-2
2020-09-13 09:42:39 status unpacked libblockdev2:arm64 2.24-2
2020-09-13 09:42:39 install libgudev-1.0-0:arm64 <none> 233-1
2020-09-13 09:42:39 status half-installed libgudev-1.0-0:arm64 233-1
2020-09-13 09:42:39 status unpacked libgudev-1.0-0:arm64 233-1
2020-09-13 09:42:39 install libpolkit-gobject-1-0:arm64 <none> 0.105-29
2020-09-13 09:42:39 status half-installed libpolkit-gobject-1-0:arm64 0.105-29
2020-09-13 09:42:39 status unpacked libpolkit-gobject-1-0:arm64 0.105-29
2020-09-13 09:42:40 install libpolkit-agent-1-0:arm64 <none> 0.105-29
2020-09-13 09:42:40 status half-installed libpolkit-agent-1-0:arm64 0.105-29
2020-09-13 09:42:40 status unpacked libpolkit-agent-1-0:arm64 0.105-29
2020-09-13 09:42:40 install libudisks2-0:arm64 <none> 2.9.1-2
2020-09-13 09:42:40 status half-installed libudisks2-0:arm64 2.9.1-2
2020-09-13 09:42:40 status unpacked libudisks2-0:arm64 2.9.1-2
2020-09-13 09:42:40 install udisks2:arm64 <none> 2.9.1-2
2020-09-13 09:42:40 status half-installed udisks2:arm64 2.9.1-2
2020-09-13 09:42:41 status unpacked udisks2:arm64 2.9.1-2
2020-09-13 09:42:41 install libbrotli1:arm64 <none> 1.0.9-2
2020-09-13 09:42:41 status half-installed libbrotli1:arm64 1.0.9-2
2020-09-13 09:42:41 status unpacked libbrotli1:arm64 1.0.9-2
2020-09-13 09:42:41 install libpng16-16:arm64 <none> 1.6.37-2
2020-09-13 09:42:41 status half-installed libpng16-16:arm64 1.6.37-2
2020-09-13 09:42:41 status unpacked libpng16-16:arm64 1.6.37-2
2020-09-13 09:42:42 install libfreetype6:arm64 <none> 2.10.2+dfsg-3
2020-09-13 09:42:42 status half-installed libfreetype6:arm64 2.10.2+dfsg-3
2020-09-13 09:42:43 status unpacked libfreetype6:arm64 2.10.2+dfsg-3
2020-09-13 09:42:43 install libfontconfig1:arm64 <none> 2.13.1-4.2
2020-09-13 09:42:43 status half-installed libfontconfig1:arm64 2.13.1-4.2
2020-09-13 09:42:43 status unpacked libfontconfig1:arm64 2.13.1-4.2
2020-09-13 09:42:43 install libicu67:arm64 <none> 67.1-4
2020-09-13 09:42:43 status half-installed libicu67:arm64 67.1-4
2020-09-13 09:42:46 status unpacked libicu67:arm64 67.1-4
2020-09-13 09:42:46 install libxml2:arm64 <none> 2.9.10+dfsg-6
2020-09-13 09:42:46 status half-installed libxml2:arm64 2.9.10+dfsg-6
2020-09-13 09:42:46 status unpacked libxml2:arm64 2.9.10+dfsg-6
2020-09-13 09:42:46 install libbluray2:arm64 <none> 1:1.2.0-3
2020-09-13 09:42:46 status half-installed libbluray2:arm64 1:1.2.0-3
2020-09-13 09:42:47 status unpacked libbluray2:arm64 1:1.2.0-3
2020-09-13 09:42:47 install gvfs-daemons:arm64 <none> 1.44.1-1+b1
2020-09-13 09:42:47 status half-installed gvfs-daemons:arm64 1.44.1-1+b1
2020-09-13 09:42:47 status unpacked gvfs-daemons:arm64 1.44.1-1+b1
2020-09-13 09:42:47 install gvfs:arm64 <none> 1.44.1-1+b1
2020-09-13 09:42:47 status half-installed gvfs:arm64 1.44.1-1+b1
2020-09-13 09:42:47 status unpacked gvfs:arm64 1.44.1-1+b1
2020-09-13 09:42:48 install libaacs0:arm64 <none> 0.9.0-2
2020-09-13 09:42:48 status half-installed libaacs0:arm64 0.9.0-2
2020-09-13 09:42:48 status unpacked libaacs0:arm64 0.9.0-2
2020-09-13 09:42:48 install libbdplus0:arm64 <none> 0.1.2-3
2020-09-13 09:42:48 status half-installed libbdplus0:arm64 0.1.2-3
2020-09-13 09:42:48 status unpacked libbdplus0:arm64 0.1.2-3
2020-09-13 09:42:48 install libnspr4:arm64 <none> 2:4.28-1
2020-09-13 09:42:48 status half-installed libnspr4:arm64 2:4.28-1
2020-09-13 09:42:48 status unpacked libnspr4:arm64 2:4.28-1
2020-09-13 09:42:48 install libnss3:arm64 <none> 2:3.56-1
2020-09-13 09:42:48 status half-installed libnss3:arm64 2:3.56-1
2020-09-13 09:42:49 status unpacked libnss3:arm64 2:3.56-1
2020-09-13 09:42:49 install libgpgme11:arm64 <none> 1.14.0-1
2020-09-13 09:42:49 status half-installed libgpgme11:arm64 1.14.0-1
2020-09-13 09:42:49 status unpacked libgpgme11:arm64 1.14.0-1
2020-09-13 09:42:49 install libvolume-key1:arm64 <none> 0.3.12-3.1
2020-09-13 09:42:49 status half-installed libvolume-key1:arm64 0.3.12-3.1
2020-09-13 09:42:49 status unpacked libvolume-key1:arm64 0.3.12-3.1
2020-09-13 09:42:50 install libblockdev-crypto2:arm64 <none> 2.24-2
2020-09-13 09:42:50 status half-installed libblockdev-crypto2:arm64 2.24-2
2020-09-13 09:42:50 status unpacked libblockdev-crypto2:arm64 2.24-2
2020-09-13 09:42:50 install libglib2.0-data:all <none> 2.64.4-1
2020-09-13 09:42:50 status half-installed libglib2.0-data:all 2.64.4-1
2020-09-13 09:42:51 status unpacked libglib2.0-data:all 2.64.4-1
2020-09-13 09:42:51 install libgpm2:arm64 <none> 1.20.7-6
2020-09-13 09:42:51 status half-installed libgpm2:arm64 1.20.7-6
2020-09-13 09:42:51 status unpacked libgpm2:arm64 1.20.7-6
2020-09-13 09:42:51 install libldap-common:all <none> 2.4.51+dfsg-1
2020-09-13 09:42:51 status half-installed libldap-common:all 2.4.51+dfsg-1
2020-09-13 09:42:51 status unpacked libldap-common:all 2.4.51+dfsg-1
2020-09-13 09:42:51 install libsasl2-modules:arm64 <none> 2.1.27+dfsg-2
2020-09-13 09:42:51 status half-installed libsasl2-modules:arm64 2.1.27+dfsg-2
2020-09-13 09:42:51 status unpacked libsasl2-modules:arm64 2.1.27+dfsg-2
2020-09-13 09:42:52 install policykit-1:arm64 <none> 0.105-29
2020-09-13 09:42:52 status half-installed policykit-1:arm64 0.105-29
2020-09-13 09:42:52 status unpacked policykit-1:arm64 0.105-29
2020-09-13 09:42:52 install shared-mime-info:arm64 <none> 1.15-1
2020-09-13 09:42:52 status half-installed shared-mime-info:arm64 1.15-1
2020-09-13 09:42:53 status unpacked shared-mime-info:arm64 1.15-1
2020-09-13 09:42:53 install xdg-user-dirs:arm64 <none> 0.17-2
2020-09-13 09:42:53 status half-installed xdg-user-dirs:arm64 0.17-2
2020-09-13 09:42:53 status unpacked xdg-user-dirs:arm64 0.17-2
2020-09-13 09:42:53 startup packages configure
2020-09-13 09:42:53 configure libksba8:arm64 1.4.0-2 <none>
2020-09-13 09:42:53 status unpacked libksba8:arm64 1.4.0-2
2020-09-13 09:42:53 status half-configured libksba8:arm64 1.4.0-2
2020-09-13 09:42:53 status installed libksba8:arm64 1.4.0-2
2020-09-13 09:42:53 configure libexpat1:arm64 2.2.9-1 <none>
2020-09-13 09:42:53 status unpacked libexpat1:arm64 2.2.9-1
2020-09-13 09:42:53 status half-configured libexpat1:arm64 2.2.9-1
2020-09-13 09:42:53 status installed libexpat1:arm64 2.2.9-1
2020-09-13 09:42:53 configure systemd-sysv:arm64 246.2-1 <none>
2020-09-13 09:42:53 status unpacked systemd-sysv:arm64 246.2-1
2020-09-13 09:42:53 status half-configured systemd-sysv:arm64 246.2-1
2020-09-13 09:42:53 status installed systemd-sysv:arm64 246.2-1
2020-09-13 09:42:53 configure libgpm2:arm64 1.20.7-6 <none>
2020-09-13 09:42:53 status unpacked libgpm2:arm64 1.20.7-6
2020-09-13 09:42:53 status half-configured libgpm2:arm64 1.20.7-6
2020-09-13 09:42:53 status installed libgpm2:arm64 1.20.7-6
2020-09-13 09:42:53 configure libicu67:arm64 67.1-4 <none>
2020-09-13 09:42:53 status unpacked libicu67:arm64 67.1-4
2020-09-13 09:42:53 status half-configured libicu67:arm64 67.1-4
2020-09-13 09:42:53 status installed libicu67:arm64 67.1-4
2020-09-13 09:42:54 configure xdg-user-dirs:arm64 0.17-2 <none>
2020-09-13 09:42:54 status unpacked xdg-user-dirs:arm64 0.17-2
2020-09-13 09:42:54 status half-configured xdg-user-dirs:arm64 0.17-2
2020-09-13 09:42:54 status installed xdg-user-dirs:arm64 0.17-2
2020-09-13 09:42:54 configure libglib2.0-0:arm64 2.64.4-1 <none>
2020-09-13 09:42:54 status unpacked libglib2.0-0:arm64 2.64.4-1
2020-09-13 09:42:54 status half-configured libglib2.0-0:arm64 2.64.4-1
2020-09-13 09:42:54 status installed libglib2.0-0:arm64 2.64.4-1
2020-09-13 09:42:54 configure libbrotli1:arm64 1.0.9-2 <none>
2020-09-13 09:42:54 status unpacked libbrotli1:arm64 1.0.9-2
2020-09-13 09:42:54 status half-configured libbrotli1:arm64 1.0.9-2
2020-09-13 09:42:54 status installed libbrotli1:arm64 1.0.9-2
2020-09-13 09:42:54 configure libsqlite3-0:arm64 3.33.0-1 <none>
2020-09-13 09:42:54 status unpacked libsqlite3-0:arm64 3.33.0-1
2020-09-13 09:42:54 status half-configured libsqlite3-0:arm64 3.33.0-1
2020-09-13 09:42:54 status installed libsqlite3-0:arm64 3.33.0-1
2020-09-13 09:42:54 configure libsasl2-modules:arm64 2.1.27+dfsg-2 <none>
2020-09-13 09:42:54 status unpacked libsasl2-modules:arm64 2.1.27+dfsg-2
2020-09-13 09:42:54 status half-configured libsasl2-modules:arm64 2.1.27+dfsg-2
2020-09-13 09:42:54 status installed libsasl2-modules:arm64 2.1.27+dfsg-2
2020-09-13 09:42:54 configure dosfstools:arm64 4.1-2 <none>
2020-09-13 09:42:54 status unpacked dosfstools:arm64 4.1-2
2020-09-13 09:42:54 status half-configured dosfstools:arm64 4.1-2
2020-09-13 09:42:54 status installed dosfstools:arm64 4.1-2
2020-09-13 09:42:54 configure libnss-systemd:arm64 246.2-1 <none>
2020-09-13 09:42:54 status unpacked libnss-systemd:arm64 246.2-1
2020-09-13 09:42:54 status half-configured libnss-systemd:arm64 246.2-1
2020-09-13 09:42:54 status installed libnss-systemd:arm64 246.2-1
2020-09-13 09:42:54 configure libntfs-3g883:arm64 1:2017.3.23AR.3-3 <none>
2020-09-13 09:42:54 status unpacked libntfs-3g883:arm64 1:2017.3.23AR.3-3
2020-09-13 09:42:54 status half-configured libntfs-3g883:arm64 1:2017.3.23AR.3-3
2020-09-13 09:42:54 status installed libntfs-3g883:arm64 1:2017.3.23AR.3-3
2020-09-13 09:42:54 configure libnpth0:arm64 1.6-2 <none>
2020-09-13 09:42:54 status unpacked libnpth0:arm64 1.6-2
2020-09-13 09:42:54 status half-configured libnpth0:arm64 1.6-2
2020-09-13 09:42:54 status installed libnpth0:arm64 1.6-2
2020-09-13 09:42:54 configure libassuan0:arm64 2.5.3-7.1 <none>
2020-09-13 09:42:54 status unpacked libassuan0:arm64 2.5.3-7.1
2020-09-13 09:42:54 status half-configured libassuan0:arm64 2.5.3-7.1
2020-09-13 09:42:54 status installed libassuan0:arm64 2.5.3-7.1
2020-09-13 09:42:54 configure libldap-common:all 2.4.51+dfsg-1 <none>
2020-09-13 09:42:54 status unpacked libldap-common:all 2.4.51+dfsg-1
2020-09-13 09:42:54 status half-configured libldap-common:all 2.4.51+dfsg-1
2020-09-13 09:42:54 status installed libldap-common:all 2.4.51+dfsg-1
2020-09-13 09:42:54 configure ntfs-3g:arm64 1:2017.3.23AR.3-3 <none>
2020-09-13 09:42:54 status unpacked ntfs-3g:arm64 1:2017.3.23AR.3-3
2020-09-13 09:42:54 status half-configured ntfs-3g:arm64 1:2017.3.23AR.3-3
2020-09-13 09:42:54 status installed ntfs-3g:arm64 1:2017.3.23AR.3-3
2020-09-13 09:42:54 configure libsasl2-modules-db:arm64 2.1.27+dfsg-2 <none>
2020-09-13 09:42:54 status unpacked libsasl2-modules-db:arm64 2.1.27+dfsg-2
2020-09-13 09:42:54 status half-configured libsasl2-modules-db:arm64 2.1.27+dfsg-2
2020-09-13 09:42:54 status installed libsasl2-modules-db:arm64 2.1.27+dfsg-2
2020-09-13 09:42:54 configure libdconf1:arm64 0.36.0-1 <none>
2020-09-13 09:42:54 status unpacked libdconf1:arm64 0.36.0-1
2020-09-13 09:42:54 status half-configured libdconf1:arm64 0.36.0-1
2020-09-13 09:42:54 status installed libdconf1:arm64 0.36.0-1
2020-09-13 09:42:54 configure eject:arm64 2.36-3 <none>
2020-09-13 09:42:54 status unpacked eject:arm64 2.36-3
2020-09-13 09:42:54 status half-configured eject:arm64 2.36-3
2020-09-13 09:42:55 status installed eject:arm64 2.36-3
2020-09-13 09:42:55 configure exfat-utils:arm64 1.3.0-2 <none>
2020-09-13 09:42:55 status unpacked exfat-utils:arm64 1.3.0-2
2020-09-13 09:42:55 status half-configured exfat-utils:arm64 1.3.0-2
2020-09-13 09:42:55 status installed exfat-utils:arm64 1.3.0-2
2020-09-13 09:42:55 configure libglib2.0-data:all 2.64.4-1 <none>
2020-09-13 09:42:55 status unpacked libglib2.0-data:all 2.64.4-1
2020-09-13 09:42:55 status half-configured libglib2.0-data:all 2.64.4-1
2020-09-13 09:42:55 status installed libglib2.0-data:all 2.64.4-1
2020-09-13 09:42:55 configure libatasmart4:arm64 0.19-5 <none>
2020-09-13 09:42:55 status unpacked libatasmart4:arm64 0.19-5
2020-09-13 09:42:55 status half-configured libatasmart4:arm64 0.19-5
2020-09-13 09:42:55 status installed libatasmart4:arm64 0.19-5
2020-09-13 09:42:55 configure libblockdev-utils2:arm64 2.24-2 <none>
2020-09-13 09:42:55 status unpacked libblockdev-utils2:arm64 2.24-2
2020-09-13 09:42:55 status half-configured libblockdev-utils2:arm64 2.24-2
2020-09-13 09:42:55 status installed libblockdev-utils2:arm64 2.24-2
2020-09-13 09:42:55 configure libnspr4:arm64 2:4.28-1 <none>
2020-09-13 09:42:55 status unpacked libnspr4:arm64 2:4.28-1
2020-09-13 09:42:55 status half-configured libnspr4:arm64 2:4.28-1
2020-09-13 09:42:55 status installed libnspr4:arm64 2:4.28-1
2020-09-13 09:42:55 configure gnupg-l10n:all 2.2.20-1 <none>
2020-09-13 09:42:55 status unpacked gnupg-l10n:all 2.2.20-1
2020-09-13 09:42:55 status half-configured gnupg-l10n:all 2.2.20-1
2020-09-13 09:42:55 status installed gnupg-l10n:all 2.2.20-1
2020-09-13 09:42:55 configure libdbus-1-3:arm64 1.12.20-1 <none>
2020-09-13 09:42:55 status unpacked libdbus-1-3:arm64 1.12.20-1
2020-09-13 09:42:55 status half-configured libdbus-1-3:arm64 1.12.20-1
2020-09-13 09:42:55 status installed libdbus-1-3:arm64 1.12.20-1
2020-09-13 09:42:55 configure dbus:arm64 1.12.20-1 <none>
2020-09-13 09:42:55 status unpacked dbus:arm64 1.12.20-1
2020-09-13 09:42:55 status half-configured dbus:arm64 1.12.20-1
2020-09-13 09:42:57 status installed dbus:arm64 1.12.20-1
2020-09-13 09:42:57 configure libpng16-16:arm64 1.6.37-2 <none>
2020-09-13 09:42:57 status unpacked libpng16-16:arm64 1.6.37-2
2020-09-13 09:42:57 status half-configured libpng16-16:arm64 1.6.37-2
2020-09-13 09:42:57 status installed libpng16-16:arm64 1.6.37-2
2020-09-13 09:42:57 configure udev:arm64 246.2-1 <none>
2020-09-13 09:42:57 status unpacked udev:arm64 246.2-1
2020-09-13 09:42:57 status half-configured udev:arm64 246.2-1
2020-09-13 09:43:02 status installed udev:arm64 246.2-1
2020-09-13 09:43:02 configure fonts-dejavu-core:all 2.37-2 <none>
2020-09-13 09:43:02 status unpacked fonts-dejavu-core:all 2.37-2
2020-09-13 09:43:03 status half-configured fonts-dejavu-core:all 2.37-2
2020-09-13 09:43:03 status installed fonts-dejavu-core:all 2.37-2
2020-09-13 09:43:03 configure libaacs0:arm64 0.9.0-2 <none>
2020-09-13 09:43:03 status unpacked libaacs0:arm64 0.9.0-2
2020-09-13 09:43:03 status half-configured libaacs0:arm64 0.9.0-2
2020-09-13 09:43:03 status installed libaacs0:arm64 0.9.0-2
2020-09-13 09:43:03 configure libncursesw6:arm64 6.2-1 <none>
2020-09-13 09:43:03 status unpacked libncursesw6:arm64 6.2-1
2020-09-13 09:43:03 status half-configured libncursesw6:arm64 6.2-1
2020-09-13 09:43:03 status installed libncursesw6:arm64 6.2-1
2020-09-13 09:43:03 configure libsasl2-2:arm64 2.1.27+dfsg-2 <none>
2020-09-13 09:43:03 status unpacked libsasl2-2:arm64 2.1.27+dfsg-2
2020-09-13 09:43:03 status half-configured libsasl2-2:arm64 2.1.27+dfsg-2
2020-09-13 09:43:03 status installed libsasl2-2:arm64 2.1.27+dfsg-2
2020-09-13 09:43:03 configure lsof:arm64 4.93.2+dfsg-1 <none>
2020-09-13 09:43:03 status unpacked lsof:arm64 4.93.2+dfsg-1
2020-09-13 09:43:03 status half-configured lsof:arm64 4.93.2+dfsg-1
2020-09-13 09:43:03 status installed lsof:arm64 4.93.2+dfsg-1
2020-09-13 09:43:03 configure libfdisk1:arm64 2.36-3 <none>
2020-09-13 09:43:03 status unpacked libfdisk1:arm64 2.36-3
2020-09-13 09:43:03 status half-configured libfdisk1:arm64 2.36-3
2020-09-13 09:43:03 status installed libfdisk1:arm64 2.36-3
2020-09-13 09:43:03 configure libbdplus0:arm64 0.1.2-3 <none>
2020-09-13 09:43:03 status unpacked libbdplus0:arm64 0.1.2-3
2020-09-13 09:43:03 status half-configured libbdplus0:arm64 0.1.2-3
2020-09-13 09:43:03 status installed libbdplus0:arm64 0.1.2-3
2020-09-13 09:43:03 configure libparted2:arm64 3.3-4 <none>
2020-09-13 09:43:03 status unpacked libparted2:arm64 3.3-4
2020-09-13 09:43:03 status half-configured libparted2:arm64 3.3-4
2020-09-13 09:43:03 status installed libparted2:arm64 3.3-4
2020-09-13 09:43:03 configure libparted-fs-resize0:arm64 3.3-4 <none>
2020-09-13 09:43:03 status unpacked libparted-fs-resize0:arm64 3.3-4
2020-09-13 09:43:03 status half-configured libparted-fs-resize0:arm64 3.3-4
2020-09-13 09:43:03 status installed libparted-fs-resize0:arm64 3.3-4
2020-09-13 09:43:03 configure sensible-utils:all 0.0.12+nmu1 <none>
2020-09-13 09:43:03 status unpacked sensible-utils:all 0.0.12+nmu1
2020-09-13 09:43:03 status half-configured sensible-utils:all 0.0.12+nmu1
2020-09-13 09:43:03 status installed sensible-utils:all 0.0.12+nmu1
2020-09-13 09:43:03 configure libuchardet0:arm64 0.0.7-1 <none>
2020-09-13 09:43:03 status unpacked libuchardet0:arm64 0.0.7-1
2020-09-13 09:43:03 status half-configured libuchardet0:arm64 0.0.7-1
2020-09-13 09:43:03 status installed libuchardet0:arm64 0.0.7-1
2020-09-13 09:43:03 configure libblockdev-part-err2:arm64 2.24-2 <none>
2020-09-13 09:43:03 status unpacked libblockdev-part-err2:arm64 2.24-2
2020-09-13 09:43:03 status half-configured libblockdev-part-err2:arm64 2.24-2
2020-09-13 09:43:03 status installed libblockdev-part-err2:arm64 2.24-2
2020-09-13 09:43:03 configure libpam-systemd:arm64 246.2-1 <none>
2020-09-13 09:43:03 status unpacked libpam-systemd:arm64 246.2-1
2020-09-13 09:43:03 status half-configured libpam-systemd:arm64 246.2-1
2020-09-13 09:43:05 status installed libpam-systemd:arm64 246.2-1
2020-09-13 09:43:05 configure exfat-fuse:arm64 1.3.0-2 <none>
2020-09-13 09:43:05 status unpacked exfat-fuse:arm64 1.3.0-2
2020-09-13 09:43:05 status half-configured exfat-fuse:arm64 1.3.0-2
2020-09-13 09:43:05 status installed exfat-fuse:arm64 1.3.0-2
2020-09-13 09:43:05 configure libgck-1-0:arm64 3.36.0-2 <none>
2020-09-13 09:43:05 status unpacked libgck-1-0:arm64 3.36.0-2
2020-09-13 09:43:05 status half-configured libgck-1-0:arm64 3.36.0-2
2020-09-13 09:43:05 status installed libgck-1-0:arm64 3.36.0-2
2020-09-13 09:43:05 configure libgcr-base-3-1:arm64 3.36.0-2 <none>
2020-09-13 09:43:05 status unpacked libgcr-base-3-1:arm64 3.36.0-2
2020-09-13 09:43:05 status half-configured libgcr-base-3-1:arm64 3.36.0-2
2020-09-13 09:43:05 status installed libgcr-base-3-1:arm64 3.36.0-2
2020-09-13 09:43:05 configure readline-common:all 8.0-4 <none>
2020-09-13 09:43:05 status unpacked readline-common:all 8.0-4
2020-09-13 09:43:05 status half-configured readline-common:all 8.0-4
2020-09-13 09:43:05 status installed readline-common:all 8.0-4
2020-09-13 09:43:05 configure libxml2:arm64 2.9.10+dfsg-6 <none>
2020-09-13 09:43:05 status unpacked libxml2:arm64 2.9.10+dfsg-6
2020-09-13 09:43:05 status half-configured libxml2:arm64 2.9.10+dfsg-6
2020-09-13 09:43:05 status installed libxml2:arm64 2.9.10+dfsg-6
2020-09-13 09:43:05 configure libgudev-1.0-0:arm64 233-1 <none>
2020-09-13 09:43:05 status unpacked libgudev-1.0-0:arm64 233-1
2020-09-13 09:43:05 status half-configured libgudev-1.0-0:arm64 233-1
2020-09-13 09:43:05 status installed libgudev-1.0-0:arm64 233-1
2020-09-13 09:43:05 configure libpolkit-gobject-1-0:arm64 0.105-29 <none>
2020-09-13 09:43:05 status unpacked libpolkit-gobject-1-0:arm64 0.105-29
2020-09-13 09:43:05 status half-configured libpolkit-gobject-1-0:arm64 0.105-29
2020-09-13 09:43:05 status installed libpolkit-gobject-1-0:arm64 0.105-29
2020-09-13 09:43:05 configure libsecret-common:all 0.20.3-1 <none>
2020-09-13 09:43:05 status unpacked libsecret-common:all 0.20.3-1
2020-09-13 09:43:05 status half-configured libsecret-common:all 0.20.3-1
2020-09-13 09:43:05 status installed libsecret-common:all 0.20.3-1
2020-09-13 09:43:05 configure libudisks2-0:arm64 2.9.1-2 <none>
2020-09-13 09:43:05 status unpacked libudisks2-0:arm64 2.9.1-2
2020-09-13 09:43:05 status half-configured libudisks2-0:arm64 2.9.1-2
2020-09-13 09:43:05 status installed libudisks2-0:arm64 2.9.1-2
2020-09-13 09:43:05 configure libpopt0:arm64 1.18-1 <none>
2020-09-13 09:43:05 status unpacked libpopt0:arm64 1.18-1
2020-09-13 09:43:05 status half-configured libpopt0:arm64 1.18-1
2020-09-13 09:43:05 status installed libpopt0:arm64 1.18-1
2020-09-13 09:43:05 configure pinentry-curses:arm64 1.1.0-4 <none>
2020-09-13 09:43:05 status unpacked pinentry-curses:arm64 1.1.0-4
2020-09-13 09:43:05 status half-configured pinentry-curses:arm64 1.1.0-4
2020-09-13 09:43:05 status installed pinentry-curses:arm64 1.1.0-4
2020-09-13 09:43:06 configure desktop-file-utils:arm64 0.26-1 <none>
2020-09-13 09:43:06 status unpacked desktop-file-utils:arm64 0.26-1
2020-09-13 09:43:06 status half-configured desktop-file-utils:arm64 0.26-1
2020-09-13 09:43:06 status installed desktop-file-utils:arm64 0.26-1
2020-09-13 09:43:06 configure libblockdev-swap2:arm64 2.24-2 <none>
2020-09-13 09:43:06 status unpacked libblockdev-swap2:arm64 2.24-2
2020-09-13 09:43:06 status half-configured libblockdev-swap2:arm64 2.24-2
2020-09-13 09:43:06 status installed libblockdev-swap2:arm64 2.24-2
2020-09-13 09:43:06 configure libreadline8:arm64 8.0-4 <none>
2020-09-13 09:43:06 status unpacked libreadline8:arm64 8.0-4
2020-09-13 09:43:06 status half-configured libreadline8:arm64 8.0-4
2020-09-13 09:43:06 status installed libreadline8:arm64 8.0-4
2020-09-13 09:43:06 configure libldap-2.4-2:arm64 2.4.51+dfsg-1 <none>
2020-09-13 09:43:06 status unpacked libldap-2.4-2:arm64 2.4.51+dfsg-1
2020-09-13 09:43:06 status half-configured libldap-2.4-2:arm64 2.4.51+dfsg-1
2020-09-13 09:43:06 status installed libldap-2.4-2:arm64 2.4.51+dfsg-1
2020-09-13 09:43:06 configure parted:arm64 3.3-4 <none>
2020-09-13 09:43:06 status unpacked parted:arm64 3.3-4
2020-09-13 09:43:06 status half-configured parted:arm64 3.3-4
2020-09-13 09:43:06 status installed parted:arm64 3.3-4
2020-09-13 09:43:06 configure libblockdev-loop2:arm64 2.24-2 <none>
2020-09-13 09:43:06 status unpacked libblockdev-loop2:arm64 2.24-2
2020-09-13 09:43:06 status half-configured libblockdev-loop2:arm64 2.24-2
2020-09-13 09:43:06 status installed libblockdev-loop2:arm64 2.24-2
2020-09-13 09:43:06 configure libnss3:arm64 2:3.56-1 <none>
2020-09-13 09:43:06 status unpacked libnss3:arm64 2:3.56-1
2020-09-13 09:43:06 status half-configured libnss3:arm64 2:3.56-1
2020-09-13 09:43:06 status installed libnss3:arm64 2:3.56-1
2020-09-13 09:43:06 configure libblockdev2:arm64 2.24-2 <none>
2020-09-13 09:43:06 status unpacked libblockdev2:arm64 2.24-2
2020-09-13 09:43:06 status half-configured libblockdev2:arm64 2.24-2
2020-09-13 09:43:06 status installed libblockdev2:arm64 2.24-2
2020-09-13 09:43:06 configure fdisk:arm64 2.36-3 <none>
2020-09-13 09:43:06 status unpacked fdisk:arm64 2.36-3
2020-09-13 09:43:06 status half-configured fdisk:arm64 2.36-3
2020-09-13 09:43:06 status installed fdisk:arm64 2.36-3
2020-09-13 09:43:06 configure gdisk:arm64 1.0.5-1 <none>
2020-09-13 09:43:06 status unpacked gdisk:arm64 1.0.5-1
2020-09-13 09:43:06 status half-configured gdisk:arm64 1.0.5-1
2020-09-13 09:43:06 status installed gdisk:arm64 1.0.5-1
2020-09-13 09:43:06 configure dbus-user-session:arm64 1.12.20-1 <none>
2020-09-13 09:43:06 status unpacked dbus-user-session:arm64 1.12.20-1
2020-09-13 09:43:06 status half-configured dbus-user-session:arm64 1.12.20-1
2020-09-13 09:43:06 status installed dbus-user-session:arm64 1.12.20-1
2020-09-13 09:43:06 configure libsecret-1-0:arm64 0.20.3-1 <none>
2020-09-13 09:43:06 status unpacked libsecret-1-0:arm64 0.20.3-1
2020-09-13 09:43:06 status half-configured libsecret-1-0:arm64 0.20.3-1
2020-09-13 09:43:06 status installed libsecret-1-0:arm64 0.20.3-1
2020-09-13 09:43:06 configure libfreetype6:arm64 2.10.2+dfsg-3 <none>
2020-09-13 09:43:06 status unpacked libfreetype6:arm64 2.10.2+dfsg-3
2020-09-13 09:43:06 status half-configured libfreetype6:arm64 2.10.2+dfsg-3
2020-09-13 09:43:06 status installed libfreetype6:arm64 2.10.2+dfsg-3
2020-09-13 09:43:06 configure shared-mime-info:arm64 1.15-1 <none>
2020-09-13 09:43:06 status unpacked shared-mime-info:arm64 1.15-1
2020-09-13 09:43:06 status half-configured shared-mime-info:arm64 1.15-1
2020-09-13 09:43:10 status installed shared-mime-info:arm64 1.15-1
2020-09-13 09:43:10 configure libblockdev-fs2:arm64 2.24-2 <none>
2020-09-13 09:43:10 status unpacked libblockdev-fs2:arm64 2.24-2
2020-09-13 09:43:10 status half-configured libblockdev-fs2:arm64 2.24-2
2020-09-13 09:43:10 status installed libblockdev-fs2:arm64 2.24-2
2020-09-13 09:43:10 configure ucf:all 3.0043 <none>
2020-09-13 09:43:10 status unpacked ucf:all 3.0043
2020-09-13 09:43:10 status half-configured ucf:all 3.0043
2020-09-13 09:43:11 status installed ucf:all 3.0043
2020-09-13 09:43:11 configure groff-base:arm64 1.22.4-5 <none>
2020-09-13 09:43:11 status unpacked groff-base:arm64 1.22.4-5
2020-09-13 09:43:11 status half-configured groff-base:arm64 1.22.4-5
2020-09-13 09:43:11 status installed groff-base:arm64 1.22.4-5
2020-09-13 09:43:11 configure gpgconf:arm64 2.2.20-1 <none>
2020-09-13 09:43:11 status unpacked gpgconf:arm64 2.2.20-1
2020-09-13 09:43:11 status half-configured gpgconf:arm64 2.2.20-1
2020-09-13 09:43:11 status installed gpgconf:arm64 2.2.20-1
2020-09-13 09:43:11 configure libpolkit-agent-1-0:arm64 0.105-29 <none>
2020-09-13 09:43:11 status unpacked libpolkit-agent-1-0:arm64 0.105-29
2020-09-13 09:43:11 status half-configured libpolkit-agent-1-0:arm64 0.105-29
2020-09-13 09:43:11 status installed libpolkit-agent-1-0:arm64 0.105-29
2020-09-13 09:43:11 configure gvfs-common:all 1.44.1-1 <none>
2020-09-13 09:43:11 status unpacked gvfs-common:all 1.44.1-1
2020-09-13 09:43:11 status half-configured gvfs-common:all 1.44.1-1
2020-09-13 09:43:11 status installed gvfs-common:all 1.44.1-1
2020-09-13 09:43:11 configure policykit-1:arm64 0.105-29 <none>
2020-09-13 09:43:11 status unpacked policykit-1:arm64 0.105-29
2020-09-13 09:43:11 status half-configured policykit-1:arm64 0.105-29
2020-09-13 09:43:12 status installed policykit-1:arm64 0.105-29
2020-09-13 09:43:12 configure gpg:arm64 2.2.20-1 <none>
2020-09-13 09:43:12 status unpacked gpg:arm64 2.2.20-1
2020-09-13 09:43:12 status half-configured gpg:arm64 2.2.20-1
2020-09-13 09:43:12 status installed gpg:arm64 2.2.20-1
2020-09-13 09:43:12 configure gnupg-utils:arm64 2.2.20-1 <none>
2020-09-13 09:43:12 status unpacked gnupg-utils:arm64 2.2.20-1
2020-09-13 09:43:12 status half-configured gnupg-utils:arm64 2.2.20-1
2020-09-13 09:43:12 status installed gnupg-utils:arm64 2.2.20-1
2020-09-13 09:43:12 configure gpg-agent:arm64 2.2.20-1 <none>
2020-09-13 09:43:12 status unpacked gpg-agent:arm64 2.2.20-1
2020-09-13 09:43:12 status half-configured gpg-agent:arm64 2.2.20-1
2020-09-13 09:43:19 status installed gpg-agent:arm64 2.2.20-1
2020-09-13 09:43:19 configure fontconfig-config:all 2.13.1-4.2 <none>
2020-09-13 09:43:19 status unpacked fontconfig-config:all 2.13.1-4.2
2020-09-13 09:43:19 status half-configured fontconfig-config:all 2.13.1-4.2
2020-09-13 09:43:26 status installed fontconfig-config:all 2.13.1-4.2
2020-09-13 09:43:26 configure gpgsm:arm64 2.2.20-1 <none>
2020-09-13 09:43:26 status unpacked gpgsm:arm64 2.2.20-1
2020-09-13 09:43:26 status half-configured gpgsm:arm64 2.2.20-1
2020-09-13 09:43:26 status installed gpgsm:arm64 2.2.20-1
2020-09-13 09:43:26 configure dconf-service:arm64 0.36.0-1 <none>
2020-09-13 09:43:26 status unpacked dconf-service:arm64 0.36.0-1
2020-09-13 09:43:26 status half-configured dconf-service:arm64 0.36.0-1
2020-09-13 09:43:26 status installed dconf-service:arm64 0.36.0-1
2020-09-13 09:43:26 configure libblockdev-part2:arm64 2.24-2 <none>
2020-09-13 09:43:26 status unpacked libblockdev-part2:arm64 2.24-2
2020-09-13 09:43:26 status half-configured libblockdev-part2:arm64 2.24-2
2020-09-13 09:43:26 status installed libblockdev-part2:arm64 2.24-2
2020-09-13 09:43:26 configure libgpgme11:arm64 1.14.0-1 <none>
2020-09-13 09:43:26 status unpacked libgpgme11:arm64 1.14.0-1
2020-09-13 09:43:26 status half-configured libgpgme11:arm64 1.14.0-1
2020-09-13 09:43:26 status installed libgpgme11:arm64 1.14.0-1
2020-09-13 09:43:26 configure dirmngr:arm64 2.2.20-1 <none>
2020-09-13 09:43:26 status unpacked dirmngr:arm64 2.2.20-1
2020-09-13 09:43:26 status half-configured dirmngr:arm64 2.2.20-1
2020-09-13 09:43:28 status installed dirmngr:arm64 2.2.20-1
2020-09-13 09:43:28 configure gpg-wks-server:arm64 2.2.20-1 <none>
2020-09-13 09:43:28 status unpacked gpg-wks-server:arm64 2.2.20-1
2020-09-13 09:43:28 status half-configured gpg-wks-server:arm64 2.2.20-1
2020-09-13 09:43:28 status installed gpg-wks-server:arm64 2.2.20-1
2020-09-13 09:43:28 configure libfontconfig1:arm64 2.13.1-4.2 <none>
2020-09-13 09:43:28 status unpacked libfontconfig1:arm64 2.13.1-4.2
2020-09-13 09:43:28 status half-configured libfontconfig1:arm64 2.13.1-4.2
2020-09-13 09:43:28 status installed libfontconfig1:arm64 2.13.1-4.2
2020-09-13 09:43:28 configure libbluray2:arm64 1:1.2.0-3 <none>
2020-09-13 09:43:28 status unpacked libbluray2:arm64 1:1.2.0-3
2020-09-13 09:43:28 status half-configured libbluray2:arm64 1:1.2.0-3
2020-09-13 09:43:28 status installed libbluray2:arm64 1:1.2.0-3
2020-09-13 09:43:28 configure udisks2:arm64 2.9.1-2 <none>
2020-09-13 09:43:28 status unpacked udisks2:arm64 2.9.1-2
2020-09-13 09:43:28 status half-configured udisks2:arm64 2.9.1-2
2020-09-13 09:43:30 status installed udisks2:arm64 2.9.1-2
2020-09-13 09:43:30 configure gpg-wks-client:arm64 2.2.20-1 <none>
2020-09-13 09:43:30 status unpacked gpg-wks-client:arm64 2.2.20-1
2020-09-13 09:43:30 status half-configured gpg-wks-client:arm64 2.2.20-1
2020-09-13 09:43:30 status installed gpg-wks-client:arm64 2.2.20-1
2020-09-13 09:43:30 configure dconf-gsettings-backend:arm64 0.36.0-1 <none>
2020-09-13 09:43:30 status unpacked dconf-gsettings-backend:arm64 0.36.0-1
2020-09-13 09:43:30 status half-configured dconf-gsettings-backend:arm64 0.36.0-1
2020-09-13 09:43:30 status installed dconf-gsettings-backend:arm64 0.36.0-1
2020-09-13 09:43:30 configure gnupg:all 2.2.20-1 <none>
2020-09-13 09:43:30 status unpacked gnupg:all 2.2.20-1
2020-09-13 09:43:30 status half-configured gnupg:all 2.2.20-1
2020-09-13 09:43:30 status installed gnupg:all 2.2.20-1
2020-09-13 09:43:30 configure libvolume-key1:arm64 0.3.12-3.1 <none>
2020-09-13 09:43:30 status unpacked libvolume-key1:arm64 0.3.12-3.1
2020-09-13 09:43:30 status half-configured libvolume-key1:arm64 0.3.12-3.1
2020-09-13 09:43:30 status installed libvolume-key1:arm64 0.3.12-3.1
2020-09-13 09:43:30 configure gsettings-desktop-schemas:all 3.36.1-1 <none>
2020-09-13 09:43:30 status unpacked gsettings-desktop-schemas:all 3.36.1-1
2020-09-13 09:43:30 status half-configured gsettings-desktop-schemas:all 3.36.1-1
2020-09-13 09:43:30 status installed gsettings-desktop-schemas:all 3.36.1-1
2020-09-13 09:43:30 configure libblockdev-crypto2:arm64 2.24-2 <none>
2020-09-13 09:43:30 status unpacked libblockdev-crypto2:arm64 2.24-2
2020-09-13 09:43:30 status half-configured libblockdev-crypto2:arm64 2.24-2
2020-09-13 09:43:30 status installed libblockdev-crypto2:arm64 2.24-2
2020-09-13 09:43:30 configure gvfs-libs:arm64 1.44.1-1+b1 <none>
2020-09-13 09:43:30 status unpacked gvfs-libs:arm64 1.44.1-1+b1
2020-09-13 09:43:30 status half-configured gvfs-libs:arm64 1.44.1-1+b1
2020-09-13 09:43:30 status installed gvfs-libs:arm64 1.44.1-1+b1
2020-09-13 09:43:30 configure gvfs-daemons:arm64 1.44.1-1+b1 <none>
2020-09-13 09:43:30 status unpacked gvfs-daemons:arm64 1.44.1-1+b1
2020-09-13 09:43:30 status half-configured gvfs-daemons:arm64 1.44.1-1+b1
2020-09-13 09:43:31 status installed gvfs-daemons:arm64 1.44.1-1+b1
2020-09-13 09:43:31 configure gvfs:arm64 1.44.1-1+b1 <none>
2020-09-13 09:43:31 status unpacked gvfs:arm64 1.44.1-1+b1
2020-09-13 09:43:31 status half-configured gvfs:arm64 1.44.1-1+b1
2020-09-13 09:43:31 status installed gvfs:arm64 1.44.1-1+b1
2020-09-13 09:43:31 trigproc systemd:arm64 246.2-1 <none>
2020-09-13 09:43:31 status half-configured systemd:arm64 246.2-1
2020-09-13 09:43:31 status installed systemd:arm64 246.2-1
2020-09-13 09:43:31 trigproc libc-bin:arm64 2.31-2 <none>
2020-09-13 09:43:31 status half-configured libc-bin:arm64 2.31-2
2020-09-13 09:43:32 status installed libc-bin:arm64 2.31-2
2020-09-13 09:43:33 startup packages configure
