0 info it worked if it ends with ok
1 verbose cli [
1 verbose cli   '/usr/bin/node',
1 verbose cli   '/data/data/com.termux/files/usr/bin/npm',
1 verbose cli   'install',
1 verbose cli   '-g',
1 verbose cli   '--production'
1 verbose cli ]
2 info using npm@6.14.10
3 info using node@v14.15.4
4 verbose npm-session e082321c3730d3f4
5 silly install loadCurrentTree
6 silly install readGlobalPackageData
7 silly pacote directory manifest for undefined@file: fetched in 128ms
8 timing stage:loadCurrentTree Completed in 210ms
9 silly install loadIdealTree
10 silly install cloneCurrentTreeToIdealTree
11 timing stage:loadIdealTree:cloneCurrentTree Completed in 1ms
12 silly install loadShrinkwrap
13 timing stage:loadIdealTree:loadShrinkwrap Completed in 16ms
14 silly install loadAllDepsIntoIdealTree
15 silly resolveWithNewModule kickthemout@1.1.41 checking installable status
16 http fetch GET 200 https://registry.npmjs.org/latest-version 784ms
17 http fetch GET 200 https://registry.npmjs.org/debug 808ms
18 http fetch GET 200 https://registry.npmjs.org/chalk 829ms
19 http fetch GET 200 https://registry.npmjs.org/lodash 797ms
20 http fetch GET 200 https://registry.npmjs.org/async 853ms
21 http fetch GET 200 https://registry.npmjs.org/inquirer 847ms
22 http fetch GET 200 https://registry.npmjs.org/inquirer/-/inquirer-6.5.2.tgz 578ms
23 http fetch GET 200 https://registry.npmjs.org/debug/-/debug-3.2.7.tgz 635ms
24 http fetch GET 200 https://registry.npmjs.org/chalk/-/chalk-2.4.2.tgz 626ms
25 http fetch GET 200 https://registry.npmjs.org/arpjs 1505ms
26 http fetch GET 200 https://registry.npmjs.org/figlet 1457ms
27 http fetch GET 200 https://registry.npmjs.org/lodash/-/lodash-4.17.20.tgz 635ms
28 http fetch GET 200 https://registry.npmjs.org/cli-spinner 1495ms
29 http fetch GET 200 https://registry.npmjs.org/async/-/async-2.6.3.tgz 635ms
30 http fetch GET 200 https://registry.npmjs.org/latest-version/-/latest-version-4.0.0.tgz 688ms
31 http fetch GET 200 https://registry.npmjs.org/getmac 1501ms
32 silly pacote range manifest for inquirer@^6.0.0 fetched in 1509ms
33 silly resolveWithNewModule inquirer@6.5.2 checking installable status
34 silly pacote range manifest for debug@^3.1.0 fetched in 1528ms
35 silly resolveWithNewModule debug@3.2.7 checking installable status
36 silly pacote range manifest for chalk@^2.0.1 fetched in 1565ms
37 silly resolveWithNewModule chalk@2.4.2 checking installable status
38 silly pacote range manifest for lodash@^4.17.10 fetched in 1529ms
39 silly resolveWithNewModule lodash@4.17.20 checking installable status
40 silly pacote range manifest for async@^2.5.0 fetched in 1593ms
41 silly resolveWithNewModule async@2.6.3 checking installable status
42 silly pacote range manifest for latest-version@^4.0.0 fetched in 1560ms
43 silly resolveWithNewModule latest-version@4.0.0 checking installable status
44 http fetch GET 200 https://registry.npmjs.org/cli-spinner/-/cli-spinner-0.2.10.tgz 98ms
45 silly pacote range manifest for cli-spinner@^0.2.6 fetched in 1631ms
46 silly resolveWithNewModule cli-spinner@0.2.10 checking installable status
47 http fetch GET 200 https://registry.npmjs.org/semver 96ms
48 http fetch GET 200 https://registry.npmjs.org/semver/-/semver-5.7.1.tgz 113ms
49 silly pacote range manifest for semver@^5.3.0 fetched in 254ms
50 silly resolveWithNewModule semver@5.7.1 checking installable status
51 http fetch GET 200 https://registry.npmjs.org/arpjs/-/arpjs-1.2.0.tgz 497ms
52 http fetch GET 200 https://registry.npmjs.org/network 451ms
53 http fetch GET 200 https://registry.npmjs.org/node-arp 483ms
54 http fetch GET 200 https://registry.npmjs.org/getmac/-/getmac-1.5.0.tgz 481ms
55 silly pacote range manifest for arpjs@^1.1.12 fetched in 2239ms
56 silly resolveWithNewModule arpjs@1.2.0 checking installable status
57 silly pacote range manifest for getmac@^1.2.1 fetched in 2043ms
58 silly resolveWithNewModule getmac@1.5.0 checking installable status
59 http fetch GET 200 https://registry.npmjs.org/node-arp/-/node-arp-1.0.6.tgz 466ms
60 http fetch GET 200 https://registry.npmjs.org/oui 937ms
61 http fetch GET 200 https://registry.npmjs.org/network/-/network-0.4.1.tgz 496ms
62 http fetch GET 200 https://registry.npmjs.org/figlet/-/figlet-1.5.0.tgz 1035ms
63 silly pacote range manifest for figlet@^1.2.0 fetched in 2521ms
64 silly resolveWithNewModule figlet@1.5.0 checking installable status
65 silly pacote range manifest for node-arp@^1.0.5 fetched in 995ms
66 silly resolveWithNewModule node-arp@1.0.6 checking installable status
67 silly pacote range manifest for network@^0.4.1 fetched in 1000ms
68 silly resolveWithNewModule network@0.4.1 checking installable status
69 http fetch GET 200 https://registry.npmjs.org/oui/-/oui-8.0.8.tgz 860ms
70 silly pacote range manifest for oui@^8.0.0 fetched in 1860ms
71 silly resolveWithNewModule oui@8.0.8 checking installable status
72 http fetch GET 200 https://registry.npmjs.org/ip 328ms
73 http fetch GET 200 https://registry.npmjs.org/getmac/-/getmac-1.0.7.tgz 480ms
74 silly pacote version manifest for getmac@1.0.7 fetched in 735ms
75 silly resolveWithNewModule getmac@1.0.7 checking installable status
76 http fetch GET 200 https://registry.npmjs.org/ip/-/ip-1.0.2.tgz 394ms
77 silly pacote version manifest for ip@1.0.2 fetched in 736ms
78 silly resolveWithNewModule ip@1.0.2 checking installable status
79 info lifecycle pcap@3.1.0~prepack: pcap@3.1.0
80 info lifecycle pcap@3.1.0~postpack: pcap@3.1.0
81 silly pacote git manifest for pcap@github:mranney/node_pcap fetched in 6555ms
82 silly resolveWithNewModule pcap@3.1.0 checking installable status
83 silly fetchPackageMetaData error for ms@^2.1.1 request to https://registry.npmjs.org/ms failed, reason: getaddrinfo ENOTFOUND registry.npmjs.org
84 timing stage:rollbackFailedOptional Completed in 5ms
85 timing stage:runTopLevelLifecycles Completed in 10695ms
86 verbose type system
87 verbose stack FetchError: request to https://registry.npmjs.org/ms failed, reason: getaddrinfo ENOTFOUND registry.npmjs.org
87 verbose stack     at ClientRequest.<anonymous> (/data/data/com.termux/files/usr/lib/node_modules/npm/node_modules/node-fetch-npm/src/index.js:68:14)
87 verbose stack     at ClientRequest.emit (events.js:315:20)
87 verbose stack     at TLSSocket.socketErrorListener (_http_client.js:469:9)
87 verbose stack     at TLSSocket.emit (events.js:315:20)
87 verbose stack     at emitErrorNT (internal/streams/destroy.js:106:8)
87 verbose stack     at emitErrorCloseNT (internal/streams/destroy.js:74:3)
87 verbose stack     at processTicksAndRejections (internal/process/task_queues.js:80:21)
88 verbose cwd /sdcard/apps/kickthemout
89 verbose Linux 4.4.153-19551400
90 verbose argv "/usr/bin/node" "/data/data/com.termux/files/usr/bin/npm" "install" "-g" "--production"
91 verbose node v14.15.4
92 verbose npm  v6.14.10
93 error code ENOTFOUND
94 error errno ENOTFOUND
95 error network request to https://registry.npmjs.org/ms failed, reason: getaddrinfo ENOTFOUND registry.npmjs.org
96 error network This is a problem related to network connectivity.
96 error network In most cases you are behind a proxy or have bad network settings.
96 error network
96 error network If you are behind a proxy, please make sure that the
96 error network 'proxy' config is set properly.  See: 'npm help config'
97 verbose exit [ 1, true ]
